"../../../Engine/Content/Functions/Engine_MaterialFunctions01/Opacity/CameraDepthFade.uasset" 0
"../../../Engine/Content/EngineMaterials/T_Default_Material_Grid_M.uasset" 1
"../../../Engine/Content/EngineMaterials/T_Default_Material_Grid_N.uasset" 2
"../../../Engine/Content/EngineMaterials/DefaultMaterial.uasset" 3
"../../../Engine/Content/BasicShapes/Cone.uasset" 4
"../../../Engine/Content/EngineMaterials/WorldGridMaterial.uasset" 5
"../../../Engine/Content/BasicShapes/Cube.uasset" 6
"../../../Engine/Content/BasicShapes/Cylinder.uasset" 7
"../../../Engine/Content/BasicShapes/Plane.uasset" 8
"../../../Engine/Content/EditorLandscapeResources/DataLayer.uasset" 9
"../../../Engine/Content/EditorMaterials/GizmoMaterial.uasset" 10
"../../../Engine/Content/EditorMaterials/MAT_Groups_Toggle.uasset" 11
"../../../Engine/Content/EditorMaterials/MAT_Groups_Visibility.uasset" 12
"../../../Engine/Content/EditorMaterials/PreviewShadowIndicator.uasset" 13
"../../../Engine/Content/EditorMaterials/PreviewShadowIndicatorMaterial.uasset" 14
"../../../Engine/Content/EditorMaterials/MatineeGroups/MAT_ColorTrack.uasset" 15
"../../../Engine/Content/EditorMaterials/MatineeGroups/MAT_Groups_Anim.uasset" 16
"../../../Engine/Content/EditorMaterials/MatineeGroups/MAT_Groups_AudioMaster.uasset" 17
"../../../Engine/Content/EditorMaterials/MatineeGroups/MAT_Groups_Director.uasset" 18
"../../../Engine/Content/EditorMaterials/MatineeGroups/MAT_Groups_Event.uasset" 19
"../../../Engine/Content/EditorMaterials/MatineeGroups/MAT_Groups_Fade.uasset" 20
"../../../Engine/Content/EditorMaterials/MatineeGroups/MAT_Groups_Float.uasset" 21
"../../../Engine/Content/EditorMaterials/MatineeGroups/MAT_Groups_Move.uasset" 22
"../../../Engine/Content/EditorMaterials/MatineeGroups/MAT_Groups_Slomo.uasset" 23
"../../../Engine/Content/EditorMaterials/MatineeGroups/MAT_Groups_Sound.uasset" 24
"../../../Engine/Content/EditorMaterials/MatineeGroups/MAT_Groups_Vector.uasset" 25
"../../../Engine/Content/EditorMaterials/ParticleSystems/PSysThumbnail_NoImage.uasset" 26
"../../../Engine/Content/EditorMaterials/ParticleSystems/PSysThumbnail_OOD.uasset" 27
"../../../Engine/Content/EditorMaterials/Camera/CineMat.uasset" 28
"../../../Engine/Content/EditorMaterials/Camera/MI_CineMat_Rig.uasset" 29
"../../../Engine/Content/EditorMeshes/Camera/SM_CraneRig_Arm.uasset" 30
"../../../Engine/Content/EditorMeshes/Camera/SM_CraneRig_Base.uasset" 31
"../../../Engine/Content/EditorMeshes/Camera/SM_CraneRig_Body.uasset" 32
"../../../Engine/Content/EditorMeshes/Camera/SM_CraneRig_Mount.uasset" 33
"../../../Engine/Content/EditorMeshes/Camera/SM_RailRig_Mount.uasset" 34
"../../../Engine/Content/EditorMeshes/Camera/SM_RailRig_Track.uasset" 35
"../../../Engine/Content/EditorMeshes/ColorCalibrator/M_ChromeBall.uasset" 36
"../../../Engine/Content/EditorMeshes/ColorCalibrator/M_ClearCoat.uasset" 37
"../../../Engine/Content/EditorMeshes/ColorCalibrator/M_ClearCoatBlack.uasset" 38
"../../../Engine/Content/EditorMeshes/ColorCalibrator/Color_checker.uasset" 39
"../../../Engine/Content/EditorMeshes/ColorCalibrator/M_ColorGrid.uasset" 40
"../../../Engine/Content/EditorMeshes/ColorCalibrator/M_GreyBall.uasset" 41
"../../../Engine/Content/EditorMeshes/ColorCalibrator/SM_ColorCalibrator.uasset" 42
"../../../Engine/Content/EditorResources/BSPVertex.uasset" 43
"../../../Engine/Content/EditorResources/EmptyActor.uasset" 44
"../../../Engine/Content/EditorResources/S_Actor.uasset" 45
"../../../Engine/Content/EditorResources/S_Trigger.uasset" 46
"../../../Engine/Content/EditorResources/AudioIcons/S_AudioComponent_AutoActivate.uasset" 47
"../../../Engine/Content/EditorResources/LightIcons/S_LightError.uasset" 48
"../../../Engine/Content/EditorResources/SequenceRecorder/Countdown.uasset" 49
"../../../Engine/Content/EditorResources/SequenceRecorder/RecordingIndicator.uasset" 50
"../../../Engine/Content/EditorSounds/Notifications/CompileFailed.uasset" 51
"../../../Engine/Content/EditorSounds/Notifications/CompileFailed_Cue.uasset" 52
"../../../Engine/Content/EditorSounds/Notifications/CompileSuccess.uasset" 53
"../../../Engine/Content/EditorSounds/Notifications/CompileStart_Cue.uasset" 54
"../../../Engine/Content/EditorSounds/Notifications/CompileSuccess_Cue.uasset" 55
"../../../Engine/Content/EngineDamageTypes/DmgTypeBP_Environmental.uasset" 56
"../../../Engine/Content/EngineDebugMaterials/HeatmapGradient.uasset" 57
"../../../Engine/Content/EngineDebugMaterials/BoneWeightMaterial.uasset" 58
"../../../Engine/Content/EngineDebugMaterials/ClothMaterial.uasset" 59
"../../../Engine/Content/EngineDebugMaterials/ClothMaterial_WF.uasset" 60
"../../../Engine/Content/EngineDebugMaterials/DebugEditorMaterial.uasset" 61
"../../../Engine/Content/EngineDebugMaterials/DebugMeshMaterial.uasset" 62
"../../../Engine/Content/EngineDebugMaterials/GeomMaterial.uasset" 63
"../../../Engine/Content/EngineFonts/Faces/RobotoBold.uasset" 64
"../../../Engine/Content/EngineFonts/Faces/RobotoBoldItalic.uasset" 65
"../../../Engine/Content/EngineFonts/Faces/RobotoItalic.uasset" 66
"../../../Engine/Content/EngineFonts/Faces/RobotoLight.uasset" 67
"../../../Engine/Content/EngineFonts/Faces/RobotoRegular.uasset" 68
"../../../Engine/Content/EngineFonts/Roboto.uasset" 69
"../../../Engine/Content/EngineFonts/Faces/RobotoTiny.uasset" 70
"../../../Engine/Content/EngineFonts/RobotoTiny.uasset" 71
"../../../Engine/Content/EngineMaterials/DefaultBloomKernel.uasset" 72
"../../../Engine/Content/EngineMaterials/DefaultBokeh.uasset" 73
"../../../Engine/Content/EngineMaterials/DefaultDiffuse.uasset" 74
"../../../Engine/Content/EngineMaterials/DefaultDeferredDecalMaterial.uasset" 75
"../../../Engine/Content/EngineMaterials/DefaultLightFunctionMaterial.uasset" 76
"../../../Engine/Content/Functions/Engine_MaterialFunctions02/Utility/BreakOutFloat2Components.uasset" 77
"../../../Engine/Content/EngineMaterials/DefaultPostProcessMaterial.uasset" 78
"../../../Engine/Content/EngineFonts/RobotoDistanceField.uasset" 79
"../../../Engine/Content/EngineMaterials/DefaultTextMaterialOpaque.uasset" 80
"../../../Engine/Content/EngineMaterials/DefaultWhiteGrid.uasset" 81
"../../../Engine/Content/EngineMaterials/EditorBrushMaterial.uasset" 82
"../../../Engine/Content/EngineMaterials/Good64x64TilingNoiseHighFreq.uasset" 83
"../../../Engine/Content/EngineMaterials/MiniFont.uasset" 84
"../../../Engine/Content/EngineMaterials/InvalidLightmapSettings.uasset" 85
"../../../Engine/Content/EngineMaterials/M_InvalidLightmapSettings.uasset" 86
"../../../Engine/Content/Functions/Engine_MaterialFunctions02/WorldPositionOffset/CameraOffset.uasset" 87
"../../../Engine/Content/EngineMaterials/PhAT_JointLimitMaterial.uasset" 88
"../../../Engine/Content/EngineMaterials/PreintegratedSkinBRDF.uasset" 89
"../../../Engine/Content/EngineMaterials/RemoveSurfaceMaterial.uasset" 90
"../../../Engine/Content/EngineMaterials/WeightMapPlaceholderTexture.uasset" 91
"../../../Engine/Content/EngineResources/WhiteSquareTexture.uasset" 92
"../../../Engine/Content/EngineMaterials/Widget3DPassThrough.uasset" 93
"../../../Engine/Content/EngineMaterials/Widget3DPassThrough_Masked.uasset" 94
"../../../Engine/Content/EngineMaterials/Widget3DPassThrough_Opaque.uasset" 95
"../../../Engine/Content/EngineMaterials/Widget3DPassThrough_Masked_OneSided.uasset" 96
"../../../Engine/Content/EngineMaterials/Widget3DPassThrough_Opaque_OneSided.uasset" 97
"../../../Engine/Content/EngineMaterials/Widget3DPassThrough_Translucent.uasset" 98
"../../../Engine/Content/EngineMaterials/Widget3DPassThrough_Translucent_OneSided.uasset" 99
"../../../Engine/Content/EngineMeshes/Cube.uasset" 100
"../../../Engine/Content/EngineMeshes/Cylinder.uasset" 101
"../../../Engine/Content/EngineMeshes/Sphere.uasset" 102
"../../../Engine/Content/EngineResources/Black.uasset" 103
"../../../Engine/Content/EngineResources/DefaultTexture.uasset" 104
"../../../Engine/Content/EngineResources/DefaultTextureCube.uasset" 105
"../../../Engine/Content/EngineResources/GradientTexture0.uasset" 106
"../../../Engine/Content/EngineSounds/Master.uasset" 107
"../../../Engine/Content/Functions/Engine_MaterialFunctions01/Shading/ConvertFromDiffSpec.uasset" 108
"../../../Engine/Content/Functions/Engine_MaterialFunctions01/Shading/PowerToRoughness.uasset" 109
"../../../Engine/Content/Maps/Templates/Thumbnails/Default.uasset" 110
"../../../Engine/Content/Maps/Templates/Thumbnails/VR-Basic.uasset" 111
"../../../Engine/Content/MobileResources/T_MobileControls_texture.uasset" 112
"../../../Engine/Content/MobileResources/T_MobileMenu2.uasset" 113
"../../../Engine/Content/MobileResources/HUD/AnalogHat.uasset" 114
"../../../Engine/Content/MobileResources/HUD/VirtualJoystick_Background.uasset" 115
"../../../Engine/Content/MobileResources/HUD/VirtualJoystick_Thumb.uasset" 116
"../../../Engine/Content/MobileResources/HUD/DefaultVirtualJoysticks.uasset" 117
"../../../Engine/Content/MobileResources/HUD/LeftVirtualJoystickOnly.uasset" 118
"../../../Engine/Content/MobileResources/HUD/MobileHUDButton1_off.uasset" 119
"../../../Engine/Content/MobileResources/HUD/MobileHUDButton1_on.uasset" 120
"../../../Engine/Content/MobileResources/HUD/MobileHUDButton2_off.uasset" 121
"../../../Engine/Content/MobileResources/HUD/MobileHUDButton2_on.uasset" 122
"../../../Engine/Content/MobileResources/HUD/MobileHUDButton3.uasset" 123
"../../../Engine/Content/MobileResources/HUD/MobileHUDButtonFire.uasset" 124
"../../../Engine/Content/MobileResources/HUD/MobileHUDDirectionPad.uasset" 125
"../../../Engine/Content/MobileResources/HUD/MobileHUDDirectionPad2.uasset" 126
"../../../Engine/Content/MobileResources/HUD/MobileHUDDirectionPad3.uasset" 127
"../../../Engine/Content/MobileResources/HUD/MobileHUDDirectionStick.uasset" 128
"../../../Engine/Content/MobileResources/HUD/T_Castle_ThumbstickInner.uasset" 129
"../../../Engine/Content/MobileResources/HUD/T_Castle_ThumbstickOutter.uasset" 130
"../../../Engine/Content/Tutorial/ContentIntroCurve.uasset" 131
"../../../Engine/Content/Tutorial/Basics/TutorialAssets/icon_tab_Levels_40x.uasset" 132
"../../../Engine/Content/Tutorial/BlueprintTutorials/TutorialAssets/BlueprintInterface_64x.uasset" 133
"../../../Engine/Content/Tutorial/BlueprintTutorials/TutorialAssets/BlueprintMacroLibrary_64x.uasset" 134
"../../../Engine/Content/Tutorial/BlueprintTutorials/TutorialAssets/Blueprint_64x.uasset" 135
"../../../Engine/Content/Tutorial/BlueprintTutorials/TutorialAssets/Tutorial_BP_Interface.uasset" 136
"../../../Engine/Content/Tutorial/Foliage/TutorialAssets/Foliage.uasset" 137
"../../../Engine/Content/Tutorial/Landscape/TutorialAssets/Landscape.uasset" 138
"../../../Engine/Content/Tutorial/Paper2D/TutorialAssets/Paper2DFlipbook_TutorialIcon.uasset" 139
"../../../Engine/Content/Tutorial/Paper2D/TutorialAssets/Paper2DSprite_TutorialIcon.uasset" 140
"../../../Engine/Content/Tutorial/SubEditors/TutorialAssets/icon_Editor_Preferences_General_40x.uasset" 141
"../../../Engine/Content/Tutorial/SubEditors/TutorialAssets/icon_ShowSkeletalMeshes_40x.uasset" 142
"../../../Engine/Content/Tutorial/SubEditors/TutorialAssets/TutorialMaterial.uasset" 143
"../../../Engine/Content/Tutorial/SubEditors/TutorialAssets/T_SmokeSubUV_8X8.uasset" 144
"../../../Engine/Content/Tutorial/SubEditors/TutorialAssets/T_soft_smoke.uasset" 145
"../../../Engine/Content/Tutorial/SubEditors/TutorialAssets/M_smoke_subUV_blackbody.uasset" 146
"../../../Engine/Content/Tutorial/SubEditors/TutorialAssets/TutorialParticleSystem.uasset" 147
"../../../Engine/Content/VREditor/Devices/Generic/GenericHMDMaterial.uasset" 148
"../../../Engine/Content/VREditor/Devices/Generic/GenericHMD.uasset" 149
"../../../Engine/Content/Functions/Engine_MaterialFunctions02/Utility/BreakOutFloat3Components.uasset" 150
"../../../Engine/Content/VREditor/Devices/Vive/VivePreController_MasksB.uasset" 151
"../../../Engine/Content/VREditor/Devices/Oculus/OculusControllerMaterial.uasset" 152
"../../../Engine/Content/VREditor/Devices/Oculus/OculusControllerMaterial_Inst.uasset" 153
"../../../Engine/Content/VREditor/Devices/Oculus/OculusControllerMesh.uasset" 154
"../../../Engine/Content/VREditor/Devices/Vive/T_VivePreController_EM.uasset" 155
"../../../Engine/Content/VREditor/Devices/Vive/VivePreController_MasksA.uasset" 156
"../../../Engine/Content/VREditor/Devices/Vive/VivePreControllerDiffuse.uasset" 157
"../../../Engine/Content/VREditor/Devices/Vive/VivePreControllerSpec.uasset" 158
"../../../Engine/Content/VREditor/LaserPointer/VR_LaserPower_01.uasset" 159
"../../../Engine/Content/VREditor/Devices/Vive/VivePreControllerMaterial.uasset" 160
"../../../Engine/Content/VREditor/Devices/Vive/VivePreControllerMaterial_Inst.uasset" 161
"../../../Engine/Content/VREditor/Devices/Vive/VivePreControllerMesh.uasset" 162
"../../../Engine/Content/VREditor/FloatingText/LineMaterial.uasset" 163
"../../../Engine/Content/VREditor/FloatingText/JointSphere.uasset" 164
"../../../Engine/Content/VREditor/FloatingText/LineSegmentCylinder.uasset" 165
"../../../Engine/Content/VREditor/Fonts/VRText_RobotoLarge.uasset" 166
"../../../Engine/Content/VREditor/Fonts/VRTextMaterial.uasset" 167
"../../../Engine/Content/VREditor/Fonts/TranslucentVRTextMaterial.uasset" 168
"../../../Engine/Content/VREditor/LaserPointer/CursorPointer.uasset" 169
"../../../Engine/Content/VREditor/TransformGizmo/TransformGizmoMaterial.uasset" 170
"../../../Engine/Content/VREditor/LaserPointer/HoverMaterial.uasset" 171
"../../../Engine/Content/VREditor/TransformGizmo/TranslucentTransformGizmoMaterial.uasset" 172
"../../../Engine/Content/VREditor/LaserPointer/TranslucentHoverMaterial.uasset" 173
"../../../Engine/Content/VREditor/LaserPointer/HoverMesh.uasset" 174
"../../../Engine/Content/VREditor/LaserPointer/LaserPointerMaterial.uasset" 175
"../../../Engine/Content/VREditor/LaserPointer/LaserPointerMaterialInst.uasset" 176
"../../../Engine/Content/VREditor/LaserPointer/TranslucentLaserPointerMaterialInst.uasset" 177
"../../../Engine/Content/VREditor/LaserPointer/LaserPointerMesh.uasset" 178
"../../../Engine/Content/VREditor/LaserPointer/LaserPointerMesh_End.uasset" 179
"../../../Engine/Content/VREditor/LaserPointer/LaserPointerMesh_Start.uasset" 180
"../../../Engine/Content/VREditor/Sounds/VR_teleport.uasset" 181
"../../../Engine/Content/VREditor/Sounds/UI/Click_on_Button.uasset" 182
"../../../Engine/Content/VREditor/Sounds/UI/Click_on_Button_Cue.uasset" 183
"../../../Engine/Content/VREditor/Sounds/UI/Dockable_Window_Close.uasset" 184
"../../../Engine/Content/VREditor/Sounds/UI/Dockable_Window_Drop.uasset" 185
"../../../Engine/Content/VREditor/Sounds/UI/Dockable_Window_Open.uasset" 186
"../../../Engine/Content/VREditor/Sounds/UI/Dockable_Window_Pick_Up.uasset" 187
"../../../Engine/Content/VREditor/Sounds/UI/Drop_Item_From_ContentBrowser.uasset" 188
"../../../Engine/Content/VREditor/Sounds/UI/Floating_UI_Open-001.uasset" 189
"../../../Engine/Content/VREditor/Sounds/UI/Radial_Menu_FadeOut.uasset" 190
"../../../Engine/Content/VREditor/Sounds/UI/Teleport_Mode_Entered.uasset" 191
"../../../Engine/Content/VREditor/Teleport/TeleportDirectionMaterial.uasset" 192
"../../../Engine/Content/VREditor/Teleport/TeleportDirectionMaterial_Inst.uasset" 193
"../../../Engine/Content/VREditor/Teleport/TeleportDirectionMesh.uasset" 194
"../../../Engine/Content/VREditor/TransformGizmo/BoundingBoxCorner.uasset" 195
"../../../Engine/Content/VREditor/TransformGizmo/BoundingBoxEdge.uasset" 196
"../../../Engine/Content/VREditor/TransformGizmo/PlaneTranslationHandle.uasset" 197
"../../../Engine/Content/VREditor/TransformGizmo/Main.uasset" 198
"../../../Engine/Content/VREditor/TransformGizmo/Xray.uasset" 199
"../../../Engine/Content/VREditor/TransformGizmo/SM_Dialog_Close.uasset" 200
"../../../Engine/Content/VREditor/TransformGizmo/SM_Dialog_Move.uasset" 201
"../../../Engine/Content/VREditor/TransformGizmo/SM_Sequencer_Key.uasset" 202
"../../../Engine/Content/VREditor/TransformGizmo/SM_Sequencer_Node.uasset" 203
"../../../Engine/Content/VREditor/TransformGizmo/TransformGizmoMaterial_Inst.uasset" 204
"../../../Engine/Content/VREditor/TransformGizmo/TranslucentTransformGizmoMaterial_Inst.uasset" 205
"../../../Engine/Content/VREditor/Devices/Vive/UE4_Logo.uasset" 206
"../../../Engine/Content/VREditor/UI/M_ContentWindow.uasset" 207
"../../../Engine/Content/VREditor/UI/SM_ContentWindow_01.uasset" 208
"../../../Engine/Content/VREditor/UI/KeyDiskMaterial.uasset" 209
"../../../Engine/Content/VREditor/UI/DiscMaterial.uasset" 210
"../../../Engine/Content/VREditor/UI/SM_Radial_Disk.uasset" 211
"../../../Engine/Content/VREditor/UI/ArrowMaterial.uasset" 212
"../../../Engine/Content/VREditor/UI/SM_Radial_Pointer.uasset" 213
"../../../Engine/Content/Functions/Engine_MaterialFunctions01/Gradient/RadialGradient.uasset" 214
"../../../Engine/Content/VREditor/WorldMovementGrid/SimpleGrid.uasset" 215
"../../../Engine/Content/VREditor/WorldMovementGrid/GridMaterial.uasset" 216
"../../../Engine/Content/Functions/Engine_MaterialFunctions01/Density/ExponentialDensity.uasset" 217
"../../../Engine/Content/VREditor/WorldMovementGrid/GridPostProcess.uasset" 218
"../../../Engine/Content/EditorLandscapeResources/FlattenHeightMat.uasset" 219
"../../../Engine/Content/VREditor/WorldMovementGrid/PlaneMesh.uasset" 220
"../../Plugins/2D/Paper2D/Content/PlaceholderTextures/DummySpriteTexture.uasset" 221
"../../Plugins/2D/Paper2D/Content/DummySprite.uasset" 222
"../../Plugins/2D/Paper2D/Content/DefaultPaperTerrainMaterial.uasset" 223
"../../Plugins/2D/Paper2D/Content/DefaultSpriteMaterial.uasset" 224
"../../Plugins/2D/Paper2D/Content/MaskedUnlitSpriteMaterial.uasset" 225
"../../Plugins/2D/Paper2D/Content/OpaqueUnlitSpriteMaterial.uasset" 226
"../../Plugins/Media/MediaCompositing/Content/DefaultMediaPlaneTexture.uasset" 227
"../../Plugins/Media/MediaCompositing/Content/DefaultMediaPlaneMaterial.uasset" 228
"../../../Engine/Content/Functions/Engine_MaterialFunctions02/Utility/MakeFloat4.uasset" 229
"../../Plugins/Runtime/AppleARKit/Content/ARKitCameraMaterial.uasset" 230
"../../Plugins/Runtime/Oculus/OculusVR/Content/Textures/GearVRController_AO.uasset" 231
"../../Plugins/Runtime/Oculus/OculusVR/Content/Textures/GearVRController_Color.uasset" 232
"../../Plugins/Runtime/Oculus/OculusVR/Content/Textures/GearVRController_Normal.uasset" 233
"../../Plugins/Runtime/Oculus/OculusVR/Content/Materials/GearVRControllerMaterial.uasset" 234
"../../Plugins/Runtime/Oculus/OculusVR/Content/Meshes/GearVrController.uasset" 235
"../../../Engine/Content/EditorBlueprintResources/StandardMacros.uasset" 236
"../../../../../UDV/Unreal Projects/TREKTHERAINBOW/VGDUNRL_TTR_ALPHA/Content/2DSideScroller/Textures/BookShelf.uasset" 237
"../../../../../UDV/Unreal Projects/TREKTHERAINBOW/VGDUNRL_TTR_ALPHA/Content/2DSideScroller/Sprites/BookShelf/BookShelf_Sprite_11.uasset" 238
"../../../../../UDV/Unreal Projects/TREKTHERAINBOW/VGDUNRL_TTR_ALPHA/Content/2DSideScrollerBP/Blueprints/BookShelf.uasset" 239
"../../Plugins/2D/Paper2D/Content/TranslucentUnlitSpriteMaterial.uasset" 240
"../../../../../UDV/Unreal Projects/TREKTHERAINBOW/VGDUNRL_TTR_ALPHA/Content/2DSideScroller/Textures/death.uasset" 241
"../../../../../UDV/Unreal Projects/TREKTHERAINBOW/VGDUNRL_TTR_ALPHA/Content/2DSideScroller/Sprites/TrekDeathFrames/death_Sprite_4.uasset" 242
"../../../../../UDV/Unreal Projects/TREKTHERAINBOW/VGDUNRL_TTR_ALPHA/Content/2DSideScroller/Textures/Trekdle.uasset" 243
"../../../../../UDV/Unreal Projects/TREKTHERAINBOW/VGDUNRL_TTR_ALPHA/Content/2DSideScroller/Sprites/TrekIdleFrames/Trekdle_Sprite_0.uasset" 244
"../../../../../UDV/Unreal Projects/TREKTHERAINBOW/VGDUNRL_TTR_ALPHA/Content/2DSideScroller/Textures/collectable.uasset" 245
"../../../../../UDV/Unreal Projects/TREKTHERAINBOW/VGDUNRL_TTR_ALPHA/Content/2DSideScroller/Textures/collectableClosed.uasset" 246
"../../../../../UDV/Unreal Projects/TREKTHERAINBOW/VGDUNRL_TTR_ALPHA/Content/2DSideScrollerBP/Blueprints/GameUI.uasset" 247
"../../../../../UDV/Unreal Projects/TREKTHERAINBOW/VGDUNRL_TTR_ALPHA/Content/2DSideScrollerBP/Blueprints/GameHUD.uasset" 248
"../../../../../UDV/Unreal Projects/TREKTHERAINBOW/VGDUNRL_TTR_ALPHA/Content/2DSideScrollerBP/Blueprints/2DSideScrollerGameMode.uasset" 249
"../../../../../UDV/Unreal Projects/TREKTHERAINBOW/VGDUNRL_TTR_ALPHA/Content/2DSideScroller/Sprites/TrekIdleFrames/Trekdle_Sprite_1.uasset" 250
"../../../../../UDV/Unreal Projects/TREKTHERAINBOW/VGDUNRL_TTR_ALPHA/Content/2DSideScroller/Sprites/TrekIdleFrames/Trekdle_Sprite_2.uasset" 251
"../../../../../UDV/Unreal Projects/TREKTHERAINBOW/VGDUNRL_TTR_ALPHA/Content/2DSideScroller/Sprites/TrekIdleFrames/Trekdle_Sprite_3.uasset" 252
"../../../../../UDV/Unreal Projects/TREKTHERAINBOW/VGDUNRL_TTR_ALPHA/Content/2DSideScroller/Sprites/TrekIdleFrames/Trekdle_Sprite_4.uasset" 253
"../../../../../UDV/Unreal Projects/TREKTHERAINBOW/VGDUNRL_TTR_ALPHA/Content/2DSideScroller/Sprites/TrekIdleFrames/Trekdle_Sprite_5.uasset" 254
"../../../../../UDV/Unreal Projects/TREKTHERAINBOW/VGDUNRL_TTR_ALPHA/Content/2DSideScroller/Sprites/TrekIdleFrames/Trekdle_Sprite_6.uasset" 255
"../../../../../UDV/Unreal Projects/TREKTHERAINBOW/VGDUNRL_TTR_ALPHA/Content/2DSideScroller/Sprites/TrekIdleFrames/Trekdle_Sprite_7.uasset" 256
"../../../../../UDV/Unreal Projects/TREKTHERAINBOW/VGDUNRL_TTR_ALPHA/Content/2DSideScroller/Animations/idleTrek.uasset" 257
"../../../../../UDV/Unreal Projects/TREKTHERAINBOW/VGDUNRL_TTR_ALPHA/Content/2DSideScroller/Sprites/TrekDeathFrames/death_Sprite_0.uasset" 258
"../../../../../UDV/Unreal Projects/TREKTHERAINBOW/VGDUNRL_TTR_ALPHA/Content/2DSideScroller/Sprites/TrekDeathFrames/death_Sprite_1.uasset" 259
"../../../../../UDV/Unreal Projects/TREKTHERAINBOW/VGDUNRL_TTR_ALPHA/Content/2DSideScroller/Sprites/TrekDeathFrames/death_Sprite_2.uasset" 260
"../../../../../UDV/Unreal Projects/TREKTHERAINBOW/VGDUNRL_TTR_ALPHA/Content/2DSideScroller/Sprites/TrekDeathFrames/death_Sprite_3.uasset" 261
"../../../../../UDV/Unreal Projects/TREKTHERAINBOW/VGDUNRL_TTR_ALPHA/Content/2DSideScroller/Sprites/TrekDeathFrames/death_Sprite_5.uasset" 262
"../../../../../UDV/Unreal Projects/TREKTHERAINBOW/VGDUNRL_TTR_ALPHA/Content/2DSideScroller/Animations/TrekDeath.uasset" 263
"../../../../../UDV/Unreal Projects/TREKTHERAINBOW/VGDUNRL_TTR_ALPHA/Content/2DSideScroller/Textures/TrekRunning.uasset" 264
"../../../../../UDV/Unreal Projects/TREKTHERAINBOW/VGDUNRL_TTR_ALPHA/Content/2DSideScroller/Sprites/TrekRunFrames/TrekRunning_Sprite_0.uasset" 265
"../../../../../UDV/Unreal Projects/TREKTHERAINBOW/VGDUNRL_TTR_ALPHA/Content/2DSideScroller/Sprites/TrekRunFrames/TrekRunning_Sprite_1.uasset" 266
"../../../../../UDV/Unreal Projects/TREKTHERAINBOW/VGDUNRL_TTR_ALPHA/Content/2DSideScroller/Sprites/TrekRunFrames/TrekRunning_Sprite_10.uasset" 267
"../../../../../UDV/Unreal Projects/TREKTHERAINBOW/VGDUNRL_TTR_ALPHA/Content/2DSideScroller/Sprites/TrekRunFrames/TrekRunning_Sprite_11.uasset" 268
"../../../../../UDV/Unreal Projects/TREKTHERAINBOW/VGDUNRL_TTR_ALPHA/Content/2DSideScroller/Sprites/TrekRunFrames/TrekRunning_Sprite_12.uasset" 269
"../../../../../UDV/Unreal Projects/TREKTHERAINBOW/VGDUNRL_TTR_ALPHA/Content/2DSideScroller/Sprites/TrekRunFrames/TrekRunning_Sprite_13.uasset" 270
"../../../../../UDV/Unreal Projects/TREKTHERAINBOW/VGDUNRL_TTR_ALPHA/Content/2DSideScroller/Sprites/TrekRunFrames/TrekRunning_Sprite_14.uasset" 271
"../../../../../UDV/Unreal Projects/TREKTHERAINBOW/VGDUNRL_TTR_ALPHA/Content/2DSideScroller/Sprites/TrekRunFrames/TrekRunning_Sprite_15.uasset" 272
"../../../../../UDV/Unreal Projects/TREKTHERAINBOW/VGDUNRL_TTR_ALPHA/Content/2DSideScroller/Sprites/TrekRunFrames/TrekRunning_Sprite_2.uasset" 273
"../../../../../UDV/Unreal Projects/TREKTHERAINBOW/VGDUNRL_TTR_ALPHA/Content/2DSideScroller/Sprites/TrekRunFrames/TrekRunning_Sprite_3.uasset" 274
"../../../../../UDV/Unreal Projects/TREKTHERAINBOW/VGDUNRL_TTR_ALPHA/Content/2DSideScroller/Sprites/TrekRunFrames/TrekRunning_Sprite_4.uasset" 275
"../../../../../UDV/Unreal Projects/TREKTHERAINBOW/VGDUNRL_TTR_ALPHA/Content/2DSideScroller/Sprites/TrekRunFrames/TrekRunning_Sprite_5.uasset" 276
"../../../../../UDV/Unreal Projects/TREKTHERAINBOW/VGDUNRL_TTR_ALPHA/Content/2DSideScroller/Sprites/TrekRunFrames/TrekRunning_Sprite_6.uasset" 277
"../../../../../UDV/Unreal Projects/TREKTHERAINBOW/VGDUNRL_TTR_ALPHA/Content/2DSideScroller/Sprites/TrekRunFrames/TrekRunning_Sprite_7.uasset" 278
"../../../../../UDV/Unreal Projects/TREKTHERAINBOW/VGDUNRL_TTR_ALPHA/Content/2DSideScroller/Sprites/TrekRunFrames/TrekRunning_Sprite_8.uasset" 279
"../../../../../UDV/Unreal Projects/TREKTHERAINBOW/VGDUNRL_TTR_ALPHA/Content/2DSideScroller/Sprites/TrekRunFrames/TrekRunning_Sprite_9.uasset" 280
"../../../../../UDV/Unreal Projects/TREKTHERAINBOW/VGDUNRL_TTR_ALPHA/Content/2DSideScroller/Animations/TrekRun.uasset" 281
"../../../../../UDV/Unreal Projects/TREKTHERAINBOW/VGDUNRL_TTR_ALPHA/Content/2DSideScroller/Audio/zapsplat_human_male_short_fight_vocalisation_023_22310.uasset" 282
"../../../../../UDV/Unreal Projects/TREKTHERAINBOW/VGDUNRL_TTR_ALPHA/Content/2DSideScroller/Audio/zapsplat_human_male_short_fight_vocalisation_023_22310_Cue.uasset" 283
"../../../Engine/Content/Functions/Engine_MaterialFunctions01/Gradient/RadialGradientExponential.uasset" 284
"../../../../../UDV/Unreal Projects/TREKTHERAINBOW/VGDUNRL_TTR_ALPHA/Content/2DSideScroller/Sprites/Portal/Portal/Dot.uasset" 285
"../../../../../UDV/Unreal Projects/TREKTHERAINBOW/VGDUNRL_TTR_ALPHA/Content/2DSideScroller/Sprites/Portal/Portal/Portal_Out_Effect.uasset" 286
"../../../../../UDV/Unreal Projects/TREKTHERAINBOW/VGDUNRL_TTR_ALPHA/Content/2DSideScrollerBP/Blueprints/2DSideScrollerCharacter.uasset" 287
"../../../Engine/Content/BasicShapes/Sphere.uasset" 288
"../../../../../UDV/Unreal Projects/TREKTHERAINBOW/VGDUNRL_TTR_ALPHA/Content/2DSideScrollerBP/Blueprints/BP_TargetPoint_End.uasset" 289
"../../../Engine/Content/VREditor/LaserPointer/LaserPointerMaterial_Inst.uasset" 290
"../../../../../UDV/Unreal Projects/TREKTHERAINBOW/VGDUNRL_TTR_ALPHA/Content/2DSideScrollerBP/Blueprints/BP_TargetPoint_Start.uasset" 291
"../../../../../UDV/Unreal Projects/TREKTHERAINBOW/VGDUNRL_TTR_ALPHA/Content/2DSideScroller/Textures/TrekBook.uasset" 292
"../../../../../UDV/Unreal Projects/TREKTHERAINBOW/VGDUNRL_TTR_ALPHA/Content/2DSideScroller/Sprites/TrekBook_BookSprite_2.uasset" 293
"../../../../../UDV/Unreal Projects/TREKTHERAINBOW/VGDUNRL_TTR_ALPHA/Content/2DSideScrollerBP/Blueprints/BP_PointPlatform.uasset" 294
"../../../Engine/Content/EngineMaterials/DefaultPhysicalMaterial.uasset" 295
"../../../Engine/Content/BufferVisualization/AmbientOcclusion.uasset" 296
"../../../../../UDV/Unreal Projects/TREKTHERAINBOW/VGDUNRL_TTR_ALPHA/Content/2DSideScroller/Textures/WheelchairMove.uasset" 297
"../../../../../UDV/Unreal Projects/TREKTHERAINBOW/VGDUNRL_TTR_ALPHA/Content/2DSideScroller/Sprites/WheelieFrames/WheelchairMove_Sprite_0.uasset" 298
"../../../../../UDV/Unreal Projects/TREKTHERAINBOW/VGDUNRL_TTR_ALPHA/Content/2DSideScroller/Sprites/WheelieFrames/WheelchairMove_Sprite_1.uasset" 299
"../../../../../UDV/Unreal Projects/TREKTHERAINBOW/VGDUNRL_TTR_ALPHA/Content/2DSideScroller/Sprites/WheelieFrames/WheelchairMove_Sprite_2.uasset" 300
"../../../../../UDV/Unreal Projects/TREKTHERAINBOW/VGDUNRL_TTR_ALPHA/Content/2DSideScroller/Sprites/WheelieFrames/WheelchairMove_Sprite_3.uasset" 301
"../../../../../UDV/Unreal Projects/TREKTHERAINBOW/VGDUNRL_TTR_ALPHA/Content/2DSideScroller/Sprites/WheelieFrames/WheelchairMove_Sprite_4.uasset" 302
"../../../../../UDV/Unreal Projects/TREKTHERAINBOW/VGDUNRL_TTR_ALPHA/Content/2DSideScroller/Sprites/WheelieFrames/WheelchairMove_Sprite_5.uasset" 303
"../../../../../UDV/Unreal Projects/TREKTHERAINBOW/VGDUNRL_TTR_ALPHA/Content/2DSideScroller/Animations/Wheelie.uasset" 304
"../../../../../UDV/Unreal Projects/TREKTHERAINBOW/VGDUNRL_TTR_ALPHA/Content/2DSideScroller/Audio/shut-up-wesley.uasset" 305
"../../../../../UDV/Unreal Projects/TREKTHERAINBOW/VGDUNRL_TTR_ALPHA/Content/2DSideScrollerBP/Blueprints/BP_ProfJLP.uasset" 306
"../../../../../UDV/Unreal Projects/TREKTHERAINBOW/VGDUNRL_TTR_ALPHA/Content/2DSideScroller/Sprites/TrekBook_BookSprite_0.uasset" 307
"../../../../../UDV/Unreal Projects/TREKTHERAINBOW/VGDUNRL_TTR_ALPHA/Content/2DSideScrollerBP/Blueprints/BP_RotatingPlatform.uasset" 308
"../../../../../UDV/Unreal Projects/TREKTHERAINBOW/VGDUNRL_TTR_ALPHA/Content/2DSideScroller/Textures/springbook.uasset" 309
"../../../../../UDV/Unreal Projects/TREKTHERAINBOW/VGDUNRL_TTR_ALPHA/Content/2DSideScroller/Sprites/Spring/springbook_Sprite_0.uasset" 310
"../../../../../UDV/Unreal Projects/TREKTHERAINBOW/VGDUNRL_TTR_ALPHA/Content/2DSideScroller/Sprites/Spring/springbook_Sprite_1.uasset" 311
"../../../../../UDV/Unreal Projects/TREKTHERAINBOW/VGDUNRL_TTR_ALPHA/Content/2DSideScroller/Sprites/Spring/springbook_Sprite_2.uasset" 312
"../../../../../UDV/Unreal Projects/TREKTHERAINBOW/VGDUNRL_TTR_ALPHA/Content/2DSideScroller/Sprites/Spring/springbook_Sprite_3.uasset" 313
"../../../../../UDV/Unreal Projects/TREKTHERAINBOW/VGDUNRL_TTR_ALPHA/Content/2DSideScroller/Sprites/Spring/springbook_Sprite_4.uasset" 314
"../../../../../UDV/Unreal Projects/TREKTHERAINBOW/VGDUNRL_TTR_ALPHA/Content/2DSideScroller/Animations/bookSpring.uasset" 315
"../../../../../UDV/Unreal Projects/TREKTHERAINBOW/VGDUNRL_TTR_ALPHA/Content/2DSideScrollerBP/Blueprints/BP_Spring.uasset" 316
"../../../../../UDV/Unreal Projects/TREKTHERAINBOW/VGDUNRL_TTR_ALPHA/Content/2DSideScroller/Audio/tng_transporter6_clean__1_.uasset" 317
"../../../../../UDV/Unreal Projects/TREKTHERAINBOW/VGDUNRL_TTR_ALPHA/Content/2DSideScroller/Sprites/Portal/Portal/blast.uasset" 318
"../../../../../UDV/Unreal Projects/TREKTHERAINBOW/VGDUNRL_TTR_ALPHA/Content/2DSideScroller/Sprites/Portal/Portal/blast_Mat.uasset" 319
"../../../Engine/Content/Functions/Engine_MaterialFunctions01/Gradient/LinearGradient.uasset" 320
"../../../Engine/Content/Functions/Engine_MaterialFunctions01/Gradient/DiamondGradient.uasset" 321
"../../../../../UDV/Unreal Projects/TREKTHERAINBOW/VGDUNRL_TTR_ALPHA/Content/2DSideScroller/Sprites/Portal/Portal/diamond.uasset" 322
"../../../../../UDV/Unreal Projects/TREKTHERAINBOW/VGDUNRL_TTR_ALPHA/Content/2DSideScroller/Sprites/Portal/Portal/T_Smoke_Tile_01.uasset" 323
"../../../../../UDV/Unreal Projects/TREKTHERAINBOW/VGDUNRL_TTR_ALPHA/Content/2DSideScroller/Sprites/Portal/Portal/T_Soft_Smoke2_Dup.uasset" 324
"../../../../../UDV/Unreal Projects/TREKTHERAINBOW/VGDUNRL_TTR_ALPHA/Content/2DSideScroller/Sprites/Portal/Portal/smoke.uasset" 325
"../../../../../UDV/Unreal Projects/TREKTHERAINBOW/VGDUNRL_TTR_ALPHA/Content/2DSideScroller/Sprites/Portal/Portal/Smoke2.uasset" 326
"../../../../../UDV/Unreal Projects/TREKTHERAINBOW/VGDUNRL_TTR_ALPHA/Content/2DSideScroller/Sprites/Portal/Portal/smoke1.uasset" 327
"../../../../../UDV/Unreal Projects/TREKTHERAINBOW/VGDUNRL_TTR_ALPHA/Content/2DSideScroller/Sprites/Portal/Portal/portal_in.uasset" 328
"../../../../../UDV/Unreal Projects/TREKTHERAINBOW/VGDUNRL_TTR_ALPHA/Content/2DSideScrollerBP/Blueprints/BP_Teleporter_2.uasset" 329
"../../../../../UDV/Unreal Projects/TREKTHERAINBOW/VGDUNRL_TTR_ALPHA/Content/2DSideScroller/Sprites/Cloud/Enemy_Atlas.uasset" 330
"../../../../../UDV/Unreal Projects/TREKTHERAINBOW/VGDUNRL_TTR_ALPHA/Content/2DSideScroller/Sprites/Blob/Enemy_Atlas_Sprite_10.uasset" 331
"../../../../../UDV/Unreal Projects/TREKTHERAINBOW/VGDUNRL_TTR_ALPHA/Content/2DSideScroller/Sprites/Blob/Enemy_Atlas_Sprite_11.uasset" 332
"../../../../../UDV/Unreal Projects/TREKTHERAINBOW/VGDUNRL_TTR_ALPHA/Content/2DSideScroller/Sprites/Blob/Enemy_Atlas_Sprite_12.uasset" 333
"../../../../../UDV/Unreal Projects/TREKTHERAINBOW/VGDUNRL_TTR_ALPHA/Content/2DSideScroller/Sprites/Blob/Enemy_Atlas_Sprite_13.uasset" 334
"../../../../../UDV/Unreal Projects/TREKTHERAINBOW/VGDUNRL_TTR_ALPHA/Content/2DSideScroller/Sprites/Blob/Enemy_Atlas_Sprite_14.uasset" 335
"../../../../../UDV/Unreal Projects/TREKTHERAINBOW/VGDUNRL_TTR_ALPHA/Content/2DSideScroller/Animations/Blob.uasset" 336
"../../../../../UDV/Unreal Projects/TREKTHERAINBOW/VGDUNRL_TTR_ALPHA/Content/2DSideScroller/Audio/Ouch.uasset" 337
"../../../../../UDV/Unreal Projects/TREKTHERAINBOW/VGDUNRL_TTR_ALPHA/Content/2DSideScroller/Audio/Ouch_Cue.uasset" 338
"../../../../../UDV/Unreal Projects/TREKTHERAINBOW/VGDUNRL_TTR_ALPHA/Content/2DSideScroller/Textures/BlobDeath.uasset" 339
"../../../../../UDV/Unreal Projects/TREKTHERAINBOW/VGDUNRL_TTR_ALPHA/Content/2DSideScroller/Sprites/BlobDeathFrames/BlobDeath_Sprite_0.uasset" 340
"../../../../../UDV/Unreal Projects/TREKTHERAINBOW/VGDUNRL_TTR_ALPHA/Content/2DSideScroller/Sprites/BlobDeathFrames/BlobDeath_Sprite_1.uasset" 341
"../../../../../UDV/Unreal Projects/TREKTHERAINBOW/VGDUNRL_TTR_ALPHA/Content/2DSideScroller/Sprites/BlobDeathFrames/BlobDeath_Sprite_10.uasset" 342
"../../../../../UDV/Unreal Projects/TREKTHERAINBOW/VGDUNRL_TTR_ALPHA/Content/2DSideScroller/Sprites/BlobDeathFrames/BlobDeath_Sprite_11.uasset" 343
"../../../../../UDV/Unreal Projects/TREKTHERAINBOW/VGDUNRL_TTR_ALPHA/Content/2DSideScroller/Sprites/BlobDeathFrames/BlobDeath_Sprite_2.uasset" 344
"../../../../../UDV/Unreal Projects/TREKTHERAINBOW/VGDUNRL_TTR_ALPHA/Content/2DSideScroller/Sprites/BlobDeathFrames/BlobDeath_Sprite_3.uasset" 345
"../../../../../UDV/Unreal Projects/TREKTHERAINBOW/VGDUNRL_TTR_ALPHA/Content/2DSideScroller/Sprites/BlobDeathFrames/BlobDeath_Sprite_4.uasset" 346
"../../../../../UDV/Unreal Projects/TREKTHERAINBOW/VGDUNRL_TTR_ALPHA/Content/2DSideScroller/Sprites/BlobDeathFrames/BlobDeath_Sprite_5.uasset" 347
"../../../../../UDV/Unreal Projects/TREKTHERAINBOW/VGDUNRL_TTR_ALPHA/Content/2DSideScroller/Sprites/BlobDeathFrames/BlobDeath_Sprite_6.uasset" 348
"../../../../../UDV/Unreal Projects/TREKTHERAINBOW/VGDUNRL_TTR_ALPHA/Content/2DSideScroller/Sprites/BlobDeathFrames/BlobDeath_Sprite_7.uasset" 349
"../../../../../UDV/Unreal Projects/TREKTHERAINBOW/VGDUNRL_TTR_ALPHA/Content/2DSideScroller/Sprites/BlobDeathFrames/BlobDeath_Sprite_8.uasset" 350
"../../../../../UDV/Unreal Projects/TREKTHERAINBOW/VGDUNRL_TTR_ALPHA/Content/2DSideScroller/Sprites/BlobDeathFrames/BlobDeath_Sprite_9.uasset" 351
"../../../../../UDV/Unreal Projects/TREKTHERAINBOW/VGDUNRL_TTR_ALPHA/Content/2DSideScroller/Sprites/BlobDeathFrames/BlobDeath.uasset" 352
"../../../../../UDV/Unreal Projects/TREKTHERAINBOW/VGDUNRL_TTR_ALPHA/Content/2DSideScrollerBP/Blueprints/BP_TheBlob_Hopper.uasset" 353
"../../../../../UDV/Unreal Projects/TREKTHERAINBOW/VGDUNRL_TTR_ALPHA/Content/2DSideScrollerBP/Blueprints/BP_TrekBook_Ledge.uasset" 354
"../../../../../UDV/Unreal Projects/TREKTHERAINBOW/VGDUNRL_TTR_ALPHA/Content/2DSideScroller/Audio/zapsplat_magic_wand_ascend_spell_beeps_12528.uasset" 355
"../../../../../UDV/Unreal Projects/TREKTHERAINBOW/VGDUNRL_TTR_ALPHA/Content/2DSideScroller/Sprites/Collectable.uasset" 356
"../../../../../UDV/Unreal Projects/TREKTHERAINBOW/VGDUNRL_TTR_ALPHA/Content/2DSideScroller/Sprites/Portal/Portal/Portal_Out_Effect_Loop.uasset" 357
"../../../../../UDV/Unreal Projects/TREKTHERAINBOW/VGDUNRL_TTR_ALPHA/Content/2DSideScrollerBP/Blueprints/Collectables.uasset" 358
"../../../../../UDV/Unreal Projects/TREKTHERAINBOW/VGDUNRL_TTR_ALPHA/Content/2DSideScrollerBP/Blueprints/BP_TheBlob_Hopper_Timed.uasset" 359
"../../../../../UDV/Unreal Projects/TREKTHERAINBOW/VGDUNRL_TTR_ALPHA/Content/2DSideScroller/Sprites/Cloud/Enemy_Atlas_Sprite_0.uasset" 360
"../../../../../UDV/Unreal Projects/TREKTHERAINBOW/VGDUNRL_TTR_ALPHA/Content/2DSideScroller/Sprites/Cloud/Enemy_Atlas_Sprite_1.uasset" 361
"../../../../../UDV/Unreal Projects/TREKTHERAINBOW/VGDUNRL_TTR_ALPHA/Content/2DSideScroller/Sprites/Cloud/Enemy_Atlas_Sprite_2.uasset" 362
"../../../../../UDV/Unreal Projects/TREKTHERAINBOW/VGDUNRL_TTR_ALPHA/Content/2DSideScroller/Sprites/Cloud/Enemy_Atlas_Sprite_3.uasset" 363
"../../../../../UDV/Unreal Projects/TREKTHERAINBOW/VGDUNRL_TTR_ALPHA/Content/2DSideScroller/Animations/CloudAnimation.uasset" 364
"../../../../../UDV/Unreal Projects/TREKTHERAINBOW/VGDUNRL_TTR_ALPHA/Content/2DSideScrollerBP/Blueprints/TheCloud.uasset" 365
"../../../Engine/Content/MapTemplates/Bokeh_5Sides.uasset" 366
"../../../Engine/Content/MapTemplates/T_ScreenDirt02_w.uasset" 367
"../../../../../UDV/Unreal Projects/TREKTHERAINBOW/VGDUNRL_TTR_ALPHA/Content/2DSideScroller/Textures/spaceBarrel.uasset" 368
"../../../../../UDV/Unreal Projects/TREKTHERAINBOW/VGDUNRL_TTR_ALPHA/Content/2DSideScroller/Sprites/Barrel/spaceBarrel_Sprite_0.uasset" 369
"../../../../../UDV/Unreal Projects/TREKTHERAINBOW/VGDUNRL_TTR_ALPHA/Content/2DSideScroller/Sprites/Barrel/spaceBarrel_Sprite_1.uasset" 370
"../../../../../UDV/Unreal Projects/TREKTHERAINBOW/VGDUNRL_TTR_ALPHA/Content/2DSideScroller/Sprites/Barrel/spaceBarrel_Sprite_2.uasset" 371
"../../../../../UDV/Unreal Projects/TREKTHERAINBOW/VGDUNRL_TTR_ALPHA/Content/2DSideScroller/Animations/BarrelSpaceSprite.uasset" 372
"../../../../../UDV/Unreal Projects/TREKTHERAINBOW/VGDUNRL_TTR_ALPHA/Content/2DSideScroller/Audio/Rainbow.uasset" 373
"../../../../../UDV/Unreal Projects/TREKTHERAINBOW/VGDUNRL_TTR_ALPHA/Content/2DSideScroller/Audio/Rainbow_Cue.uasset" 374
"../../../../../UDV/Unreal Projects/TREKTHERAINBOW/VGDUNRL_TTR_ALPHA/Content/2DSideScroller/Textures/Nebula.uasset" 375
"../../../../../UDV/Unreal Projects/TREKTHERAINBOW/VGDUNRL_TTR_ALPHA/Content/2DSideScroller/Sprites/Nebula_Sprite.uasset" 376
"../../../../../UDV/Unreal Projects/TREKTHERAINBOW/VGDUNRL_TTR_ALPHA/Content/2DSideScroller/Sprites/TrekBook_BookSprite_3.uasset" 377
"../../../../../UDV/Unreal Projects/TREKTHERAINBOW/VGDUNRL_TTR_ALPHA/Content/2DSideScrollerBP/Maps/2DPuzzleLevel.umap" 378
"../../../../../UDV/Unreal Projects/TREKTHERAINBOW/VGDUNRL_TTR_ALPHA/Content/2DSideScrollerBP/Maps/MainMenu_BuiltData.uasset" 379
"../../../../../UDV/Unreal Projects/TREKTHERAINBOW/VGDUNRL_TTR_ALPHA/Content/2DSideScroller/Textures/rainbow.uasset" 380
"../../../../../UDV/Unreal Projects/TREKTHERAINBOW/VGDUNRL_TTR_ALPHA/Content/2DSideScrollerBP/Blueprints/UI_Menu.uasset" 381
"../../../../../UDV/Unreal Projects/TREKTHERAINBOW/VGDUNRL_TTR_ALPHA/Content/2DSideScrollerBP/Maps/MainMenu.umap" 382
"../../../Engine/Content/Maps/Entry.umap" 383
