Log file open, 08/19/18 18:45:48
LogWindows: Failed to load 'aqProf.dll' (GetLastError=126)
LogWindows: File 'aqProf.dll' does not exist
LogWindows: Failed to load 'VtuneApi.dll' (GetLastError=126)
LogWindows: File 'VtuneApi.dll' does not exist
LogWindows: Failed to load 'VtuneApi32e.dll' (GetLastError=126)
LogWindows: File 'VtuneApi32e.dll' does not exist
LogInit: Display: Running engine for game: VGDUNRL_TTR_ALPHA
LogPlatformFile: Not using cached read wrapper
LogInit: Display: RandInit(-133316911) SRandInit(-133316911).
LogInit: Read version file with build ID '3944462'
LogInit: Overriding engine version to CL 4033788, compatible CL 3944462
LogInit: Registered custom module enumerator with build ID '3944462'
LogTaskGraph: Started task graph with 5 named threads and 23 total threads with 3 sets of task threads.
LogStats: Stats thread started at 0.276699
LogD3D11RHI: Aftermath initialized
LogICUInternationalization: Display: ICU TimeZone Detection - Raw Offset: -5:00, Platform Override: ''
LogModuleManager: Display: Found up-to-date module file ../../../Engine/Plugins/2D/Paper2D/Binaries/Win64/UE4Editor-Paper2D.dll (API version 3944462).
LogModuleManager: Display: Found up-to-date module file ../../../Engine/Plugins/2D/Paper2D/Binaries/Win64/UE4Editor-Paper2DEditor.dll (API version 3944462).
LogModuleManager: Display: Found up-to-date module file ../../../Engine/Plugins/2D/Paper2D/Binaries/Win64/UE4Editor-PaperSpriteSheetImporter.dll (API version 3944462).
LogModuleManager: Display: Found up-to-date module file ../../../Engine/Plugins/2D/Paper2D/Binaries/Win64/UE4Editor-PaperTiledImporter.dll (API version 3944462).
LogModuleManager: Display: Found up-to-date module file ../../../Engine/Plugins/2D/Paper2D/Binaries/Win64/UE4Editor-SmartSnapping.dll (API version 3944462).
LogModuleManager: Display: Found up-to-date module file ../../../Engine/Plugins/Blendables/LightPropagationVolume/Binaries/Win64/UE4Editor-LightPropagationVolumeRuntime.dll (API version 3944462).
LogModuleManager: Display: Found up-to-date module file ../../../Engine/Plugins/Blendables/LightPropagationVolume/Binaries/Win64/UE4Editor-LightPropagationVolumeEditor.dll (API version 3944462).
LogModuleManager: Display: Found up-to-date module file ../../../Engine/Plugins/Developer/CLionSourceCodeAccess/Binaries/Win64/UE4Editor-CLionSourceCodeAccess.dll (API version 3944462).
LogModuleManager: Display: Found up-to-date module file ../../../Engine/Plugins/Developer/GitSourceControl/Binaries/Win64/UE4Editor-GitSourceControl.dll (API version 3944462).
LogModuleManager: Display: Found up-to-date module file ../../../Engine/Plugins/Developer/PerforceSourceControl/Binaries/Win64/UE4Editor-PerforceSourceControl.dll (API version 3944462).
LogModuleManager: Display: Found up-to-date module file ../../../Engine/Plugins/Developer/SubversionSourceControl/Binaries/Win64/UE4Editor-SubversionSourceControl.dll (API version 3944462).
LogModuleManager: Display: Found up-to-date module file ../../../Engine/Plugins/Developer/UObjectPlugin/Binaries/Win64/UE4Editor-UObjectPlugin.dll (API version 3944462).
LogModuleManager: Display: Found up-to-date module file ../../../Engine/Plugins/Developer/VisualStudioCodeSourceCodeAccess/Binaries/Win64/UE4Editor-VisualStudioCodeSourceCodeAccess.dll (API version 3944462).
LogModuleManager: Display: Found up-to-date module file ../../../Engine/Plugins/Developer/VisualStudioSourceCodeAccess/Binaries/Win64/UE4Editor-VisualStudioSourceCodeAccess.dll (API version 3944462).
LogModuleManager: Display: Found up-to-date module file ../../../Engine/Plugins/Editor/AssetManagerEditor/Binaries/Win64/UE4Editor-AssetManagerEditor.dll (API version 3944462).
LogModuleManager: Display: Found up-to-date module file ../../../Engine/Plugins/Editor/CryptoKeys/Binaries/Win64/UE4Editor-CryptoKeys.dll (API version 3944462).
LogModuleManager: Display: Found up-to-date module file ../../../Engine/Plugins/Editor/CryptoKeys/Binaries/Win64/UE4Editor-CryptoKeysOpenSSL.dll (API version 3944462).
LogModuleManager: Display: Found up-to-date module file ../../../Engine/Plugins/Editor/DataValidation/Binaries/Win64/UE4Editor-DataValidation.dll (API version 3944462).
LogModuleManager: Display: Found up-to-date module file ../../../Engine/Plugins/Editor/FacialAnimation/Binaries/Win64/UE4Editor-FacialAnimation.dll (API version 3944462).
LogModuleManager: Display: Found up-to-date module file ../../../Engine/Plugins/Editor/FacialAnimation/Binaries/Win64/UE4Editor-FacialAnimationEditor.dll (API version 3944462).
LogModuleManager: Display: Found up-to-date module file ../../../Engine/Plugins/Editor/GameplayTagsEditor/Binaries/Win64/UE4Editor-GameplayTagsEditor.dll (API version 3944462).
LogModuleManager: Display: Found up-to-date module file ../../../Engine/Plugins/Editor/MobileLauncherProfileWizard/Binaries/Win64/UE4Editor-MobileLauncherProfileWizard.dll (API version 3944462).
LogModuleManager: Display: Found up-to-date module file ../../../Engine/Plugins/Editor/PluginBrowser/Binaries/Win64/UE4Editor-PluginBrowser.dll (API version 3944462).
LogModuleManager: Display: Found up-to-date module file ../../../Engine/Plugins/Editor/SpeedTreeImporter/Binaries/Win64/UE4Editor-SpeedTreeImporter.dll (API version 3944462).
LogModuleManager: Display: Found up-to-date module file ../../../Engine/Plugins/Enterprise/DatasmithContent/Binaries/Win64/UE4Editor-DatasmithContent.dll (API version 3944462).
LogModuleManager: Display: Found up-to-date module file ../../../Engine/Plugins/Experimental/AlembicImporter/Binaries/Win64/UE4Editor-AlembicImporter.dll (API version 3944462).
LogModuleManager: Display: Found up-to-date module file ../../../Engine/Plugins/Experimental/AlembicImporter/Binaries/Win64/UE4Editor-AlembicLibrary.dll (API version 3944462).
LogModuleManager: Display: Found up-to-date module file ../../../Engine/Plugins/Experimental/CharacterAI/Binaries/Win64/UE4Editor-CharacterAI.dll (API version 3944462).
LogModuleManager: Display: Found up-to-date module file ../../../Engine/Plugins/Experimental/HTML5Networking/Binaries/Win64/UE4Editor-HTML5Networking.dll (API version 3944462).
LogModuleManager: Display: Found up-to-date module file ../../../Engine/Plugins/Media/AndroidMedia/Binaries/Win64/UE4Editor-AndroidMediaEditor.dll (API version 3944462).
LogModuleManager: Display: Found up-to-date module file ../../../Engine/Plugins/Media/AndroidMedia/Binaries/Win64/UE4Editor-AndroidMediaFactory.dll (API version 3944462).
LogModuleManager: Display: Found up-to-date module file ../../../Engine/Plugins/Media/AvfMedia/Binaries/Win64/UE4Editor-AvfMediaEditor.dll (API version 3944462).
LogModuleManager: Display: Found up-to-date module file ../../../Engine/Plugins/Media/AvfMedia/Binaries/Win64/UE4Editor-AvfMediaFactory.dll (API version 3944462).
LogModuleManager: Display: Found up-to-date module file ../../../Engine/Plugins/Media/AvfMedia/Binaries/Win64/UE4Editor-AvfMediaFactory.dll (API version 3944462).
LogModuleManager: Display: Found up-to-date module file ../../../Engine/Plugins/Media/ImgMedia/Binaries/Win64/UE4Editor-ImgMedia.dll (API version 3944462).
LogModuleManager: Display: Found up-to-date module file ../../../Engine/Plugins/Media/ImgMedia/Binaries/Win64/UE4Editor-ImgMediaEditor.dll (API version 3944462).
LogModuleManager: Display: Found up-to-date module file ../../../Engine/Plugins/Media/ImgMedia/Binaries/Win64/UE4Editor-ImgMediaFactory.dll (API version 3944462).
LogModuleManager: Display: Found up-to-date module file ../../../Engine/Plugins/Media/ImgMedia/Binaries/Win64/UE4Editor-ImgMediaFactory.dll (API version 3944462).
LogModuleManager: Display: Found up-to-date module file ../../../Engine/Plugins/Media/ImgMedia/Binaries/Win64/UE4Editor-OpenExrWrapper.dll (API version 3944462).
LogModuleManager: Display: Found up-to-date module file ../../../Engine/Plugins/Media/LinearTimecode/Binaries/Win64/UE4Editor-LinearTimecode.dll (API version 3944462).
LogModuleManager: Display: Found up-to-date module file ../../../Engine/Plugins/Media/MediaCompositing/Binaries/Win64/UE4Editor-MediaCompositing.dll (API version 3944462).
LogModuleManager: Display: Found up-to-date module file ../../../Engine/Plugins/Media/MediaCompositing/Binaries/Win64/UE4Editor-MediaCompositingEditor.dll (API version 3944462).
LogModuleManager: Display: Found up-to-date module file ../../../Engine/Plugins/Media/MediaPlayerEditor/Binaries/Win64/UE4Editor-MediaPlayerEditor.dll (API version 3944462).
LogModuleManager: Display: Found up-to-date module file ../../../Engine/Plugins/Media/WmfMedia/Binaries/Win64/UE4Editor-WmfMedia.dll (API version 3944462).
LogModuleManager: Display: Found up-to-date module file ../../../Engine/Plugins/Media/WmfMedia/Binaries/Win64/UE4Editor-WmfMediaEditor.dll (API version 3944462).
LogModuleManager: Display: Found up-to-date module file ../../../Engine/Plugins/Media/WmfMedia/Binaries/Win64/UE4Editor-WmfMediaFactory.dll (API version 3944462).
LogModuleManager: Display: Found up-to-date module file ../../../Engine/Plugins/Media/WmfMedia/Binaries/Win64/UE4Editor-WmfMediaFactory.dll (API version 3944462).
LogModuleManager: Display: Found up-to-date module file ../../../Engine/Plugins/Messaging/TcpMessaging/Binaries/Win64/UE4Editor-TcpMessaging.dll (API version 3944462).
LogModuleManager: Display: Found up-to-date module file ../../../Engine/Plugins/Messaging/UdpMessaging/Binaries/Win64/UE4Editor-UdpMessaging.dll (API version 3944462).
LogModuleManager: Display: Found up-to-date module file ../../../Engine/Plugins/MovieScene/ActorSequence/Binaries/Win64/UE4Editor-ActorSequence.dll (API version 3944462).
LogModuleManager: Display: Found up-to-date module file ../../../Engine/Plugins/MovieScene/LevelSequenceEditor/Binaries/Win64/UE4Editor-LevelSequenceEditor.dll (API version 3944462).
LogModuleManager: Display: Found up-to-date module file ../../../Engine/Plugins/MovieScene/MatineeToLevelSequence/Binaries/Win64/UE4Editor-MatineeToLevelSequence.dll (API version 3944462).
LogModuleManager: Display: Found up-to-date module file ../../../Engine/Plugins/NetcodeUnitTest/NetcodeUnitTest/Binaries/Win64/UE4Editor-NetcodeUnitTest.dll (API version 3944462).
LogModuleManager: Display: Found up-to-date module file ../../../Engine/Plugins/NetcodeUnitTest/NUTUnrealEngine4/Binaries/Win64/UE4Editor-NUTUnrealEngine4.dll (API version 3944462).
LogModuleManager: Display: Found up-to-date module file ../../../Engine/Plugins/Online/OnlineSubsystem/Binaries/Win64/UE4Editor-OnlineSubsystem.dll (API version 3944462).
LogModuleManager: Display: Found up-to-date module file ../../../Engine/Plugins/Runtime/AndroidPermission/Binaries/Win64/UE4Editor-AndroidPermission.dll (API version 3944462).
LogModuleManager: Display: Found up-to-date module file ../../../Engine/Plugins/Online/OnlineSubsystemNull/Binaries/Win64/UE4Editor-OnlineSubsystemNull.dll (API version 3944462).
LogModuleManager: Display: Found up-to-date module file ../../../Engine/Plugins/Online/OnlineSubsystemUtils/Binaries/Win64/UE4Editor-OnlineSubsystemUtils.dll (API version 3944462).
LogModuleManager: Display: Found up-to-date module file ../../../Engine/Plugins/Online/OnlineSubsystemUtils/Binaries/Win64/UE4Editor-OnlineBlueprintSupport.dll (API version 3944462).
LogModuleManager: Display: Found up-to-date module file ../../../Engine/Plugins/Runtime/AndroidDeviceProfileSelector/Binaries/Win64/UE4Editor-AndroidDeviceProfileSelector.dll (API version 3944462).
LogModuleManager: Display: Found up-to-date module file ../../../Engine/Plugins/Runtime/AppleARKit/Binaries/Win64/UE4Editor-AppleARKit.dll (API version 3944462).
LogModuleManager: Display: Found up-to-date module file ../../../Engine/Plugins/Runtime/ProceduralMeshComponent/Binaries/Win64/UE4Editor-ProceduralMeshComponent.dll (API version 3944462).
LogModuleManager: Display: Found up-to-date module file ../../../Engine/Plugins/Runtime/ProceduralMeshComponent/Binaries/Win64/UE4Editor-ProceduralMeshComponentEditor.dll (API version 3944462).
LogModuleManager: Display: Found up-to-date module file ../../../Engine/Plugins/Animation/LiveLink/Binaries/Win64/UE4Editor-LiveLink.dll (API version 3944462).
LogModuleManager: Display: Found up-to-date module file ../../../Engine/Plugins/Animation/LiveLink/Binaries/Win64/UE4Editor-LiveLinkEditor.dll (API version 3944462).
LogModuleManager: Display: Found up-to-date module file ../../../Engine/Plugins/Runtime/ArchVisCharacter/Binaries/Win64/UE4Editor-ArchVisCharacter.dll (API version 3944462).
LogModuleManager: Display: Found up-to-date module file ../../../Engine/Plugins/Runtime/AudioCapture/Binaries/Win64/UE4Editor-AudioCapture.dll (API version 3944462).
LogModuleManager: Display: Found up-to-date module file ../../../Engine/Plugins/Runtime/AudioCapture/Binaries/Win64/UE4Editor-AudioCaptureEditor.dll (API version 3944462).
LogModuleManager: Display: Found up-to-date module file ../../../Engine/Plugins/Runtime/CableComponent/Binaries/Win64/UE4Editor-CableComponent.dll (API version 3944462).
LogModuleManager: Display: Found up-to-date module file ../../../Engine/Plugins/Runtime/CustomMeshComponent/Binaries/Win64/UE4Editor-CustomMeshComponent.dll (API version 3944462).
LogModuleManager: Display: Found up-to-date module file ../../../Engine/Plugins/Runtime/ExampleDeviceProfileSelector/Binaries/Win64/UE4Editor-ExampleDeviceProfileSelector.dll (API version 3944462).
LogModuleManager: Display: Found up-to-date module file ../../../Engine/Plugins/Runtime/ImmediatePhysics/Binaries/Win64/UE4Editor-ImmediatePhysics.dll (API version 3944462).
LogModuleManager: Display: Found up-to-date module file ../../../Engine/Plugins/Runtime/ImmediatePhysics/Binaries/Win64/UE4Editor-ImmediatePhysicsEditor.dll (API version 3944462).
LogModuleManager: Display: Found up-to-date module file ../../../Engine/Plugins/Runtime/LocationServicesBPLibrary/Binaries/Win64/UE4Editor-LocationServicesBPLibrary.dll (API version 3944462).
LogModuleManager: Display: Found up-to-date module file ../../../Engine/Plugins/Runtime/MobilePatchingUtils/Binaries/Win64/UE4Editor-MobilePatchingUtils.dll (API version 3944462).
LogModuleManager: Display: Found up-to-date module file ../../../Engine/Plugins/Runtime/Oculus/OculusVR/Binaries/Win64/UE4Editor-OculusHMD.dll (API version 3944462).
LogModuleManager: Display: Found up-to-date module file ../../../Engine/Plugins/Runtime/Oculus/OculusVR/Binaries/Win64/UE4Editor-OculusInput.dll (API version 3944462).
LogModuleManager: Display: Found up-to-date module file ../../../Engine/Plugins/Runtime/Oculus/OculusVR/Binaries/Win64/UE4Editor-OculusEditor.dll (API version 3944462).
LogModuleManager: Display: Found up-to-date module file ../../../Engine/Plugins/Runtime/PhysXVehicles/Binaries/Win64/UE4Editor-PhysXVehicles.dll (API version 3944462).
LogModuleManager: Display: Found up-to-date module file ../../../Engine/Plugins/Runtime/PhysXVehicles/Binaries/Win64/UE4Editor-PhysXVehiclesEditor.dll (API version 3944462).
LogModuleManager: Display: Found up-to-date module file ../../../Engine/Plugins/Runtime/RuntimePhysXCooking/Binaries/Win64/UE4Editor-RuntimePhysXCooking.dll (API version 3944462).
LogModuleManager: Display: Found up-to-date module file ../../../Engine/Plugins/Runtime/Steam/SteamVR/Binaries/Win64/UE4Editor-SteamVR.dll (API version 3944462).
LogModuleManager: Display: Found up-to-date module file ../../../Engine/Plugins/Runtime/Steam/SteamVR/Binaries/Win64/UE4Editor-SteamVRController.dll (API version 3944462).
LogModuleManager: Display: Found up-to-date module file ../../../Engine/Plugins/Runtime/WindowsMoviePlayer/Binaries/Win64/UE4Editor-WindowsMoviePlayer.dll (API version 3944462).
LogPluginManager: Mounting plugin Paper2D
LogPluginManager: Mounting plugin LiveLink
LogPluginManager: Mounting plugin LightPropagationVolume
LogPluginManager: Mounting plugin CLionSourceCodeAccess
LogPluginManager: Mounting plugin CodeLiteSourceCodeAccess
LogPluginManager: Mounting plugin GitSourceControl
LogPluginManager: Mounting plugin KDevelopSourceCodeAccess
LogPluginManager: Mounting plugin NullSourceCodeAccess
LogPluginManager: Mounting plugin PerforceSourceControl
LogPluginManager: Mounting plugin SubversionSourceControl
LogPluginManager: Mounting plugin UObjectPlugin
LogPluginManager: Mounting plugin VisualStudioCodeSourceCodeAccess
LogPluginManager: Mounting plugin VisualStudioSourceCodeAccess
LogPluginManager: Mounting plugin XCodeSourceCodeAccess
LogPluginManager: Mounting plugin AssetManagerEditor
LogPluginManager: Mounting plugin CryptoKeys
LogPluginManager: Mounting plugin DataValidation
LogPluginManager: Mounting plugin FacialAnimation
LogPluginManager: Mounting plugin GameplayTagsEditor
LogPluginManager: Mounting plugin MobileLauncherProfileWizard
LogPluginManager: Mounting plugin PluginBrowser
LogPluginManager: Mounting plugin SpeedTreeImporter
LogPluginManager: Mounting plugin DatasmithContent
LogPluginManager: Mounting plugin AlembicImporter
LogPluginManager: Mounting plugin CharacterAI
LogPluginManager: Mounting plugin HTML5Networking
LogPluginManager: Mounting plugin AndroidMedia
LogPluginManager: Mounting plugin AvfMedia
LogPluginManager: Mounting plugin ImgMedia
LogPluginManager: Mounting plugin LinearTimecode
LogPluginManager: Mounting plugin MediaCompositing
LogPluginManager: Mounting plugin MediaPlayerEditor
LogPluginManager: Mounting plugin WmfMedia
LogPluginManager: Mounting plugin TcpMessaging
LogPluginManager: Mounting plugin UdpMessaging
LogPluginManager: Mounting plugin ActorSequence
LogPluginManager: Mounting plugin LevelSequenceEditor
LogPluginManager: Mounting plugin MatineeToLevelSequence
LogPluginManager: Mounting plugin NetcodeUnitTest
LogPluginManager: Mounting plugin NUTUnrealEngine4
LogPluginManager: Mounting plugin OnlineSubsystemGooglePlay
LogPluginManager: Mounting plugin OnlineSubsystemIOS
LogPluginManager: Mounting plugin OnlineSubsystem
LogPluginManager: Mounting plugin OnlineSubsystemNull
LogPluginManager: Mounting plugin OnlineSubsystemUtils
LogPluginManager: Mounting plugin AndroidDeviceProfileSelector
LogPluginManager: Mounting plugin AndroidMoviePlayer
LogPluginManager: Mounting plugin AndroidPermission
LogPluginManager: Mounting plugin AppleARKit
LogPluginManager: Mounting plugin AppleMoviePlayer
LogPluginManager: Mounting plugin ArchVisCharacter
LogPluginManager: Mounting plugin AudioCapture
LogPluginManager: Mounting plugin CableComponent
LogPluginManager: Mounting plugin CustomMeshComponent
LogPluginManager: Mounting plugin ExampleDeviceProfileSelector
LogPluginManager: Mounting plugin GoogleCloudMessaging
LogPluginManager: Mounting plugin ImmediatePhysics
LogPluginManager: Mounting plugin IOSDeviceProfileSelector
LogPluginManager: Mounting plugin LinuxDeviceProfileSelector
LogPluginManager: Mounting plugin LocationServicesBPLibrary
LogPluginManager: Mounting plugin MobilePatchingUtils
LogPluginManager: Mounting plugin OculusVR
LogPluginManager: Plugin shader directory ../../../Engine/Plugins/Runtime/Oculus/OculusVR/Shaders found
LogPluginManager: Mapping shader source directory ../../../Engine/Plugins/Runtime/Oculus/OculusVR/Shaders to virtual directory /Plugin/OculusVR
LogPluginManager: Mounting plugin PhysXVehicles
LogPluginManager: Mounting plugin ProceduralMeshComponent
LogPluginManager: Mounting plugin RuntimePhysXCooking
LogPluginManager: Mounting plugin SteamVR
LogPluginManager: Mounting plugin WindowsMoviePlayer
LogStreaming: Display: Took  1.521s to configure plugins.
LogInit: Using libcurl 7.47.1
LogInit:  - built for x86_64-pc-win32
LogInit:  - supports SSL with OpenSSL/1.0.2g
LogInit:  - supports HTTP deflate (compression) using libz 1.2.8
LogInit:  - other features:
LogInit:      CURL_VERSION_SSL
LogInit:      CURL_VERSION_LIBZ
LogInit:      CURL_VERSION_IPV6
LogInit:      CURL_VERSION_ASYNCHDNS
LogInit:      CURL_VERSION_LARGEFILE
LogInit:      CURL_VERSION_IDN
LogInit:  CurlRequestOptions (configurable via config and command line):
LogInit:  - bVerifyPeer = false  - Libcurl will NOT verify peer certificate
LogInit:  - bUseHttpProxy = false  - Libcurl will NOT use HTTP proxy
LogInit:  - bDontReuseConnections = false  - Libcurl will reuse connections
LogInit:  - CertBundlePath = nullptr  - Libcurl will use whatever was configured at build time.
LogInit:  - MaxHostConnections = 16  - Libcurl will limit the number of connections to a host
LogInit:  - LocalHostAddr = Default
LogInit: WinSock: version 1.1 (2.2), MaxSocks=32767, MaxUdp=65467
LogInit: WinSock: I am DESKTOP-0HB3LSQ (192.168.2.31:0)
LogInit: Build: ++UE4+Release-4.19-CL-4033788
LogInit: Engine Version: 4.19.2-4033788+++UE4+Release-4.19
LogInit: Compatible Engine Version: 4.19.0-3944462+++UE4+Release-4.19
LogInit: Net CL: 3944462
LogDevObjectVersion: Number of dev versions registered: 18
LogDevObjectVersion:   Dev-Blueprints (B0D832E4-1F89-4F0D-ACCF-7EB736FD4AA2): 10
LogDevObjectVersion:   Dev-Build (E1C64328-A22C-4D53-A36C-8E866417BD8C): 0
LogDevObjectVersion:   Dev-Core (375EC13C-06E4-48FB-B500-84F0262A717E): 2
LogDevObjectVersion:   Dev-Editor (E4B068ED-F494-42E9-A231-DA0B2E46BB41): 23
LogDevObjectVersion:   Dev-Framework (CFFC743F-43B0-4480-9391-14DF171D2073): 33
LogDevObjectVersion:   Dev-Mobile (B02B49B5-BB20-44E9-A304-32B752E40360): 2
LogDevObjectVersion:   Dev-Networking (A4E4105C-59A1-49B5-A7C5-40C4547EDFEE): 0
LogDevObjectVersion:   Dev-Online (39C831C9-5AE6-47DC-9A44-9C173E1C8E7C): 0
LogDevObjectVersion:   Dev-Physics (78F01B33-EBEA-4F98-B9B4-84EACCB95AA2): 0
LogDevObjectVersion:   Dev-Platform (6631380F-2D4D-43E0-8009-CF276956A95A): 0
LogDevObjectVersion:   Dev-Rendering (12F88B9F-8875-4AFC-A67C-D90C383ABD29): 25
LogDevObjectVersion:   Dev-Sequencer (7B5AE74C-D270-4C10-A958-57980B212A5A): 6
LogDevObjectVersion:   Dev-VR (D7296918-1DD6-4BDD-9DE2-64A83CC13884): 1
LogDevObjectVersion:   Dev-LoadTimes (C2A15278-BFE7-4AFE-6C17-90FF531DF755): 1
LogDevObjectVersion:   Private-Geometry (6EACA3D4-40EC-4CC1-B786-8BED09428FC5): 2
LogDevObjectVersion:   Dev-AnimPhys (29E575DD-E0A3-4627-9D10-D276232CDCEA): 16
LogDevObjectVersion:   Dev-ReflectionCapture (6B266CEC-1EC7-4B8F-A30B-E4D90942FC07): 1
LogDevObjectVersion:   Dev-Automation (0DF73D61-A23F-47EA-B727-89E90C41499A): 1
LogInit: Compiled (64-bit): Apr 27 2018 02:06:57
LogInit: Compiled with Visual C++: 19.00.24215.01
LogInit: Build Configuration: Development
LogInit: Branch Name: ++UE4+Release-4.19
LogInit: Command Line: -EpicPortal 
LogInit: Base Directory: D:/UE_4.19/Engine/Binaries/Win64/
LogInit: Installed Engine Build: 1
LogStreaming: Display: Took  0.003s to delete old logs.
LogInit: Presizing for max 8388607 objects, including 0 objects not considered by GC, pre-allocating 0 bytes for permanent pool.
LogInit: Object subsystem initialized
[2018.08.19-22.45.50:189][  0]LogInit: Selected Device Profile: [Windows]
[2018.08.19-22.45.50:189][  0]LogInit: Applying CVar settings loaded from the selected device profile: [Windows]
[2018.08.19-22.45.50:204][  0]LogInit: Computer: DESKTOP-0HB3LSQ
[2018.08.19-22.45.50:204][  0]LogInit: User: ChrisJ
[2018.08.19-22.45.50:204][  0]LogInit: CPU Page size=4096, Cores=4
[2018.08.19-22.45.50:204][  0]LogInit: High frequency timer resolution =2.742189 MHz
[2018.08.19-22.45.50:205][  0]LogMemory: Memory total: Physical=15.9GB (16GB approx)
[2018.08.19-22.45.50:205][  0]LogMemory: Platform Memory Stats for Windows
[2018.08.19-22.45.50:205][  0]LogMemory: Process Physical Memory: 275.45 MB used, 275.45 MB peak
[2018.08.19-22.45.50:205][  0]LogMemory: Process Virtual Memory: 276.70 MB used, 276.70 MB peak
[2018.08.19-22.45.50:205][  0]LogMemory: Physical Memory: 8191.73 MB used,  8061.55 MB free, 16253.28 MB total
[2018.08.19-22.45.50:205][  0]LogMemory: Virtual Memory: 4807.34 MB used,  8061.55 MB free, 134217728.00 MB total
[2018.08.19-22.45.50:681][  0]LogInit: Using OS detected language (en-US).
[2018.08.19-22.45.50:681][  0]LogInit: Using OS detected locale (en-CA).
[2018.08.19-22.45.50:687][  0]LogTextLocalizationManager: No specific localization for 'en-US' exists, so the 'en' localization will be used.
[2018.08.19-22.45.51:145][  0]LogStreaming: Display: Took  0.464s to EndInitTextLocalization.
[2018.08.19-22.45.51:145][  0]LogInit: Setting process to per monitor DPI aware
[2018.08.19-22.45.51:188][  0]LogSlate: New Slate User Created.  User Index 0, Is Virtual User: 0
[2018.08.19-22.45.51:188][  0]LogSlate: Slate User Registered.  User Index 0, Is Virtual User: 0
[2018.08.19-22.45.51:576][  0]LogD3D11RHI: D3D11 adapters:
[2018.08.19-22.45.51:664][  0]LogD3D11RHI:    0. 'NVIDIA GeForce GTX 1070' (Feature Level 11_0)
[2018.08.19-22.45.51:664][  0]LogD3D11RHI:       8081/0/8126 MB DedicatedVideo/DedicatedSystem/SharedSystem, Outputs:2, VendorId:0x10de
[2018.08.19-22.45.51:690][  0]LogD3D11RHI:    1. 'Intel(R) HD Graphics 630' (Feature Level 11_0)
[2018.08.19-22.45.51:690][  0]LogD3D11RHI:       128/0/8126 MB DedicatedVideo/DedicatedSystem/SharedSystem, Outputs:0, VendorId:0x8086
[2018.08.19-22.45.51:692][  0]LogD3D11RHI:    2. 'Microsoft Basic Render Driver' (Feature Level 11_0)
[2018.08.19-22.45.51:692][  0]LogD3D11RHI:       0/0/8126 MB DedicatedVideo/DedicatedSystem/SharedSystem, Outputs:0, VendorId:0x1414
[2018.08.19-22.45.51:692][  0]LogD3D11RHI: Chosen D3D11 Adapter: 0
[2018.08.19-22.45.51:707][  0]LogD3D11RHI: Creating new Direct3DDevice
[2018.08.19-22.45.51:707][  0]LogD3D11RHI:     GPU DeviceId: 0x1be1 (for the marketing name, search the web for "GPU Device Id")
[2018.08.19-22.45.51:707][  0]LogWindows: EnumDisplayDevices:
[2018.08.19-22.45.51:707][  0]LogWindows:    0. 'NVIDIA GeForce GTX 1070' (P:1 D:1)
[2018.08.19-22.45.51:708][  0]LogWindows:    1. 'NVIDIA GeForce GTX 1070' (P:0 D:1)
[2018.08.19-22.45.51:709][  0]LogWindows:    2. 'NVIDIA GeForce GTX 1070' (P:0 D:0)
[2018.08.19-22.45.51:709][  0]LogWindows:    3. 'NVIDIA GeForce GTX 1070' (P:0 D:0)
[2018.08.19-22.45.51:710][  0]LogWindows:    4. 'Intel(R) HD Graphics 630' (P:0 D:0)
[2018.08.19-22.45.51:710][  0]LogWindows:    5. 'Intel(R) HD Graphics 630' (P:0 D:0)
[2018.08.19-22.45.51:711][  0]LogWindows:    6. 'Intel(R) HD Graphics 630' (P:0 D:0)
[2018.08.19-22.45.51:712][  0]LogWindows: DebugString: GetVideoDriverDetailsInvalid PrimaryIsNotTheChoosenAdapter GetVideoDriverDetailsInvalid PrimaryIsNotTheChoosenAdapter GetVideoDriverDetailsInvalid PrimaryIsNotTheChoosenAdapter GetVideoDriverDetailsInvalid PrimaryIsNotTheChoosenAdapter GetVideoDriverDetailsInvalid PrimaryIsNotTheChoosenAdapter GetVideoDriverDetailsInvalid PrimaryIsNotTheChoosenAdapter GetVideoDriverDetailsInvalid PrimaryIsNotTheChoosenAdapter FoundDriverCount:0 
[2018.08.19-22.45.51:712][  0]LogD3D11RHI:     Adapter Name: NVIDIA GeForce GTX 1070
[2018.08.19-22.45.51:712][  0]LogD3D11RHI:   Driver Version: Unknown (internal:Unknown, unified:Unknown)
[2018.08.19-22.45.51:712][  0]LogD3D11RHI:      Driver Date: Unknown
[2018.08.19-22.45.51:712][  0]LogRHI: Texture pool is 5656 MB (70% of 8081 MB)
[2018.08.19-22.45.51:759][  0]LogD3D11RHI: [Aftermath] Aftermath enabled and primed
[2018.08.19-22.45.51:759][  0]LogD3D11RHI: [Aftermath] Aftermath enabled and primed
[2018.08.19-22.45.51:759][  0]LogD3D11RHI: Async texture creation enabled
[2018.08.19-22.45.51:796][  0]LogD3D11RHI: GPU Timing Frequency: 1000.000000 (Debug: 2 2)
[2018.08.19-22.45.51:894][  0]LogShaderCompilers: Guid format shader working directory is -8 characters bigger than the processId version (../../../../School/Unreal Project/TRR/VGDUNRL_TTR_ALPHA/Intermediate/Shaders/WorkingDirectory/16648/).
[2018.08.19-22.45.51:894][  0]LogShaderCompilers: Cleaned the shader compiler working directory 'C:/Users/Chris J/AppData/Local/Temp/UnrealShaderWorkingDir/B7E9FF70451BD6D52217B78C8AC49104/'.
[2018.08.19-22.45.52:176][  0]LogTemp: Display: Loaded TP AllDesktopTargetPlatform
[2018.08.19-22.45.52:197][  0]LogTemp: Display: Loaded TP MacClientTargetPlatform
[2018.08.19-22.45.52:215][  0]LogTemp: Display: Loaded TP MacNoEditorTargetPlatform
[2018.08.19-22.45.52:237][  0]LogTemp: Display: Loaded TP MacServerTargetPlatform
[2018.08.19-22.45.52:256][  0]LogTemp: Display: Loaded TP MacTargetPlatform
[2018.08.19-22.45.52:275][  0]LogTemp: Display: Loaded TP WindowsClientTargetPlatform
[2018.08.19-22.45.52:292][  0]LogTemp: Display: Loaded TP WindowsNoEditorTargetPlatform
[2018.08.19-22.45.52:311][  0]LogTemp: Display: Loaded TP WindowsServerTargetPlatform
[2018.08.19-22.45.52:318][  0]LogTemp: Display: Loaded TP WindowsTargetPlatform
[2018.08.19-22.45.52:337][  0]LogTemp: Display: Loaded TP Android_ASTCTargetPlatform
[2018.08.19-22.45.52:352][  0]LogTemp: Display: Loaded TP Android_ATCTargetPlatform
[2018.08.19-22.45.52:368][  0]LogTemp: Display: Loaded TP Android_DXTTargetPlatform
[2018.08.19-22.45.52:382][  0]LogTemp: Display: Loaded TP Android_ETC1aTargetPlatform
[2018.08.19-22.45.52:396][  0]LogTemp: Display: Loaded TP Android_ETC1TargetPlatform
[2018.08.19-22.45.52:414][  0]LogTemp: Display: Loaded TP Android_ETC2TargetPlatform
[2018.08.19-22.45.52:443][  0]LogTemp: Display: Loaded TP Android_MultiTargetPlatform
[2018.08.19-22.45.52:443][  0]LogTemp: Display: Loaded TP Android_PVRTCTargetPlatform
[2018.08.19-22.45.52:460][  0]LogTemp: Display: Loaded TP AndroidTargetPlatform
[2018.08.19-22.45.52:462][  0]LogTemp: Display: Loaded TP HTML5TargetPlatform
[2018.08.19-22.45.52:509][  0]LogTemp: Display: Loaded TP IOSTargetPlatform
[2018.08.19-22.45.52:527][  0]LogTemp: Display: Loaded TP TVOSTargetPlatform
[2018.08.19-22.45.52:544][  0]LogTemp: Display: Loaded TP LinuxClientTargetPlatform
[2018.08.19-22.45.52:562][  0]LogTemp: Display: Loaded TP LinuxNoEditorTargetPlatform
[2018.08.19-22.45.52:575][  0]LogTemp: Display: Loaded TP LinuxServerTargetPlatform
[2018.08.19-22.45.52:590][  0]LogTemp: Display: Loaded TP LinuxTargetPlatform
[2018.08.19-22.45.52:590][  0]LogTargetPlatformManager: Display: Building Assets For Windows
[2018.08.19-22.45.52:729][  0]LogXGEController: Cannot use XGE Controller as Incredibuild is not installed on this machine.
[2018.08.19-22.45.52:729][  0]LogShaderCompilers: Cannot use XGE Shader Compiler as Incredibuild is not installed on this machine.
[2018.08.19-22.45.52:729][  0]LogShaderCompilers: Display: Using Local Shader Compiler.
[2018.08.19-22.45.53:537][  0]LogDerivedDataCache: Display: Max Cache Size: 512 MB
[2018.08.19-22.45.53:622][  0]LogDerivedDataCache: Loaded boot cache 0.08s 74MB C:/Users/Chris J/AppData/Local/UnrealEngine/4.19/DerivedDataCache/Boot.ddc.
[2018.08.19-22.45.53:622][  0]LogDerivedDataCache: Display: Loaded Boot cache: C:/Users/Chris J/AppData/Local/UnrealEngine/4.19/DerivedDataCache/Boot.ddc
[2018.08.19-22.45.53:622][  0]LogDerivedDataCache: FDerivedDataBackendGraph:  Pak pak cache file ../../../../School/Unreal Project/TRR/VGDUNRL_TTR_ALPHA/DerivedDataCache/DDC.ddp not found, will not use a pak cache.
[2018.08.19-22.45.53:622][  0]LogDerivedDataCache: Unable to find inner node Pak for hierarchical cache Hierarchy.
[2018.08.19-22.45.53:622][  0]LogDerivedDataCache: FDerivedDataBackendGraph:  CompressedPak pak cache file ../../../../School/Unreal Project/TRR/VGDUNRL_TTR_ALPHA/DerivedDataCache/Compressed.ddp not found, will not use a pak cache.
[2018.08.19-22.45.53:622][  0]LogDerivedDataCache: Unable to find inner node CompressedPak for hierarchical cache Hierarchy.
[2018.08.19-22.45.53:642][  0]LogDerivedDataCache: Display: Pak cache opened for reading ../../../Engine/DerivedDataCache/Compressed.ddp.
[2018.08.19-22.45.53:655][  0]LogDerivedDataCache: Using Local data cache path C:/Users/Chris J/AppData/Local/UnrealEngine/Common/DerivedDataCache: Writable
[2018.08.19-22.45.53:655][  0]LogDerivedDataCache: Shared data cache path not found in *engine.ini, will not use an Shared cache.
[2018.08.19-22.45.53:655][  0]LogDerivedDataCache: Unable to find inner node Shared for hierarchical cache Hierarchy.
[2018.08.19-22.45.53:672][  0]LogMaterial: Verifying Global Shaders for PCD3D_SM5
[2018.08.19-22.45.53:673][  0]LogSlate: Using Freetype 2.6.0
[2018.08.19-22.45.53:675][  0]LogSlate: SlateFontCache - WITH_FREETYPE: 1, WITH_HARFBUZZ: 1
[2018.08.19-22.45.53:675][  0]LogSlate: SlateFontCache - WITH_FREETYPE: 1, WITH_HARFBUZZ: 1
[2018.08.19-22.45.53:899][  0]LogAssetRegistry: FAssetRegistry took 0.0275 seconds to start up
[2018.08.19-22.45.54:371][  0]LogInit: Selected Device Profile: [Windows]
[2018.08.19-22.45.54:547][  0]LogSimplygon: Simplygon DLL not present - disabling.
[2018.08.19-22.45.54:550][  0]LogMeshReduction: Using SimplygonSwarm for distributed automatic mesh merging
[2018.08.19-22.45.54:550][  0]LogMeshReduction: Using QuadricMeshReduction for automatic static mesh reduction
[2018.08.19-22.45.54:550][  0]LogMeshReduction: No automatic skeletal mesh reduction module available
[2018.08.19-22.45.54:550][  0]LogMeshReduction: No automatic mesh merging module available
[2018.08.19-22.45.54:550][  0]LogMeshMerging: No automatic mesh merging module available
[2018.08.19-22.45.54:604][  0]LogNetVersion: VGDUNRL_TTR_ALPHA , NetCL: 3944462, EngineNetVer: 2, GameNetVer: 0 (Checksum: 625581311)
[2018.08.19-22.45.55:139][  0]LogPackageLocalizationCache: Processed 9 localized package path(s) for 2 prioritized culture(s) in 0.103047 seconds
[2018.08.19-22.45.55:145][  0]LogUObjectArray: 36728 objects as part of root set at end of initial load.
[2018.08.19-22.45.55:145][  0]LogUObjectAllocator: 7314312 out of 0 bytes used by permanent object pool.
[2018.08.19-22.45.55:145][  0]LogUObjectArray: CloseDisregardForGC: 0/0 objects in disregard for GC pool
[2018.08.19-22.45.57:324][  0]LogTcpMessaging: Initializing TcpMessaging bridge
[2018.08.19-22.45.57:362][  0]LogUdpMessaging: Initializing bridge on interface 0.0.0.0:0 to multicast group 230.0.0.1:6666.
[2018.08.19-22.45.57:868][  0]SourceControl: Source control is disabled
[2018.08.19-22.45.57:868][  0]SourceControl: Source control is disabled
[2018.08.19-22.45.57:900][  0]SourceControl: Source control is disabled
[2018.08.19-22.45.57:929][  0]SourceControl: Source control is disabled
[2018.08.19-22.45.58:599][  0]LogAndroidPermission: UAndroidPermissionCallbackProxy::GetInstance
[2018.08.19-22.45.58:866][  0]LogOcInput: OculusInput pre-init called
[2018.08.19-22.45.59:003][  0]LogEngine: Initializing Engine...
[2018.08.19-22.45.59:005][  0]LogHMD: Failed to initialize OpenVR with code 110
[2018.08.19-22.45.59:006][  0]LogStats: UGameplayTagsManager::ConstructGameplayTagTree: Construct from data asset -  0.000 s
[2018.08.19-22.45.59:006][  0]LogStats: UGameplayTagsManager::ConstructGameplayTagTree: GameplayTagTreeChangedEvent.Broadcast -  0.000 s
[2018.08.19-22.45.59:275][  0]LogAIModule: Creating AISystem for world Untitled
[2018.08.19-22.45.59:314][  0]LogInit: XAudio2 using 'DM700A-H (NVIDIA High Definition Audio)' : 2 channels at 48 kHz using 16 bits per sample (channel mask 0x3)
[2018.08.19-22.45.59:335][  0]LogInit: FAudioDevice initialized.
[2018.08.19-22.45.59:422][  0]LogDerivedDataCache: Saved boot cache 0.09s 74MB C:/Users/Chris J/AppData/Local/UnrealEngine/4.19/DerivedDataCache/Boot.ddc.
[2018.08.19-22.45.59:438][  0]LogInit: Texture streaming: Enabled
[2018.08.19-22.45.59:454][  0]LogEngineSessionManager: EngineSessionManager initialized
[2018.08.19-22.45.59:467][  0]LogInit: Transaction tracking system initialized
[2018.08.19-22.45.59:488][  0]BlueprintLog: New page: Editor Load
[2018.08.19-22.45.59:558][  0]LocalizationService: Localization service is disabled
[2018.08.19-22.45.59:718][  0]LogConsoleResponse: Display: 
[2018.08.19-22.45.59:981][  0]LogCook: Display: Max memory allowance for cook 16384mb min free memory 0mb
[2018.08.19-22.45.59:981][  0]LogCook: Display: Mobile HDR setting 1
[2018.08.19-22.45.59:981][  0]LogGameplayTags: Display: UGameplayTagsManager::DoneAddingNativeTags. DelegateIsBound: 0
[2018.08.19-22.45.59:981][  0]LogStats: UGameplayTagsManager::ConstructGameplayTagTree: Construct from data asset -  0.000 s
[2018.08.19-22.45.59:982][  0]LogStats: UGameplayTagsManager::ConstructGameplayTagTree: GameplayTagTreeChangedEvent.Broadcast -  0.000 s
[2018.08.19-22.46.00:414][  0]LogFileCache: Scanning file cache for directory 'D:/School/Unreal Project/TRR/VGDUNRL_TTR_ALPHA/Content/' took 0.02s
[2018.08.19-22.46.00:495][  0]SourceControl: Source control is disabled
[2018.08.19-22.46.00:495][  0]Cmd: MAP LOAD FILE="../../../../School/Unreal Project/TRR/VGDUNRL_TTR_ALPHA/Content/2DSideScrollerBP/Maps/MainMenu.umap" TEMPLATE=0 SHOWPROGRESS=1 FEATURELEVEL=3
[2018.08.19-22.46.00:518][  0]LightingResults: New page: Lighting Build
[2018.08.19-22.46.00:521][  0]MapCheck: New page: Map Check
[2018.08.19-22.46.00:522][  0]LightingResults: New page: Lighting Build
[2018.08.19-22.46.00:907][  0]LogUObjectGlobals: Created PersistentFrame Addr=0x000001ae1830cb80, Size=448, Default__2DSideScrollerCharacter_C Function /Game/2DSideScrollerBP/Blueprints/2DSideScrollerCharacter.2DSideScrollerCharacter_C:ExecuteUbergraph_2DSideScrollerCharacter
[2018.08.19-22.46.00:909][  0]LogUObjectGlobals: Created PersistentFrame Addr=0x000001ae15be9270, Size=48, Default__2DSideScrollerGameMode_C Function /Game/2DSideScrollerBP/Blueprints/2DSideScrollerGameMode.2DSideScrollerGameMode_C:ExecuteUbergraph_2DSideScrollerGameMode
[2018.08.19-22.46.01:088][  0]LogUObjectGlobals: Created PersistentFrame Addr=0x000001ae16ffb680, Size=120, Default__GameUI_C Function /Game/2DSideScrollerBP/Blueprints/GameUI.GameUI_C:ExecuteUbergraph_GameUI
[2018.08.19-22.46.02:170][  0]LogUObjectGlobals: Created PersistentFrame Addr=0x000001ae335bafa0, Size=16, Default__GameHUD_C Function /Game/2DSideScrollerBP/Blueprints/GameHUD.GameHUD_C:ExecuteUbergraph_GameHUD
[2018.08.19-22.46.02:924][  0]LogUObjectGlobals: Destroyed PersistentFrame Addr=0x000001ae335bafa0, Size=16
[2018.08.19-22.46.02:924][  0]LogUObjectGlobals: Created PersistentFrame Addr=0x000001ae15149ab0, Size=16, Default__GameHUD_C Function /Engine/Transient.REINST_GameHUD_C_4:ExecuteUbergraph_GameHUD
[2018.08.19-22.46.02:924][  0]LogUObjectGlobals: Destroyed PersistentFrame Addr=0x000001ae15be9270, Size=48
[2018.08.19-22.46.02:924][  0]LogUObjectGlobals: Created PersistentFrame Addr=0x000001ae33e7df90, Size=48, Default__2DSideScrollerGameMode_C Function /Engine/Transient.REINST_2DSideScrollerGameMode_C_5:ExecuteUbergraph_2DSideScrollerGameMode
[2018.08.19-22.46.02:925][  0]LogUObjectGlobals: Destroyed PersistentFrame Addr=0x000001ae16ffb680, Size=120
[2018.08.19-22.46.02:925][  0]LogUObjectGlobals: Created PersistentFrame Addr=0x000001ae16ffb680, Size=120, Default__GameUI_C Function /Engine/Transient.REINST_GameUI_C_0:ExecuteUbergraph_GameUI
[2018.08.19-22.46.02:925][  0]LogUObjectGlobals: Destroyed PersistentFrame Addr=0x000001ae1830cb80, Size=448
[2018.08.19-22.46.02:925][  0]LogUObjectGlobals: Created PersistentFrame Addr=0x000001ae177182c0, Size=448, Default__2DSideScrollerCharacter_C Function /Engine/Transient.REINST_2DSideScrollerCharacter_C_6:ExecuteUbergraph_2DSideScrollerCharacter
[2018.08.19-22.46.02:956][  0]LogUObjectGlobals: Created PersistentFrame Addr=0x000001ae175a7820, Size=48, Default__2DSideScrollerGameMode_C Function /Game/2DSideScrollerBP/Blueprints/2DSideScrollerGameMode.2DSideScrollerGameMode_C:ExecuteUbergraph_2DSideScrollerGameMode
[2018.08.19-22.46.02:959][  0]LogUObjectGlobals: Created PersistentFrame Addr=0x000001ae1759f880, Size=120, Default__GameUI_C Function /Game/2DSideScrollerBP/Blueprints/GameUI.GameUI_C:ExecuteUbergraph_GameUI
[2018.08.19-22.46.02:962][  0]LogUObjectGlobals: Created PersistentFrame Addr=0x000001ae17654d40, Size=448, Default__2DSideScrollerCharacter_C Function /Game/2DSideScrollerBP/Blueprints/2DSideScrollerCharacter.2DSideScrollerCharacter_C:ExecuteUbergraph_2DSideScrollerCharacter
[2018.08.19-22.46.03:035][  0]LogUObjectGlobals: Created PersistentFrame Addr=0x000001ae176599b0, Size=16, Default__UI_Menu_C Function /Game/2DSideScrollerBP/Blueprints/UI_Menu.UI_Menu_C:ExecuteUbergraph_UI_Menu
[2018.08.19-22.46.03:056][  0]LogUObjectGlobals: Destroyed PersistentFrame Addr=0x000001ae176599b0, Size=16
[2018.08.19-22.46.03:056][  0]LogUObjectGlobals: Created PersistentFrame Addr=0x000001ae176599b0, Size=16, Default__UI_Menu_C Function /Engine/Transient.REINST_UI_Menu_C_1:ExecuteUbergraph_UI_Menu
[2018.08.19-22.46.03:058][  0]LogUObjectGlobals: Created PersistentFrame Addr=0x000001ae176599c0, Size=16, Default__UI_Menu_C Function /Game/2DSideScrollerBP/Blueprints/UI_Menu.UI_Menu_C:ExecuteUbergraph_UI_Menu
[2018.08.19-22.46.03:060][  0]LogUObjectGlobals: Created PersistentFrame Addr=0x000001ae1763ff10, Size=24, Default__MainMenu_C Function /Game/2DSideScrollerBP/Maps/MainMenu.MainMenu_C:ExecuteUbergraph_MainMenu
[2018.08.19-22.46.03:062][  0]LogUObjectGlobals: Destroyed PersistentFrame Addr=0x000001ae1763ff10, Size=24
[2018.08.19-22.46.03:062][  0]LogUObjectGlobals: Created PersistentFrame Addr=0x000001ae1763ff10, Size=24, Default__MainMenu_C Function /Engine/Transient.REINST_MainMenu_C_13:ExecuteUbergraph_MainMenu
[2018.08.19-22.46.03:074][  0]LogUObjectGlobals: Created PersistentFrame Addr=0x000001ae1763e7e8, Size=24, Default__MainMenu_C Function /Game/2DSideScrollerBP/Maps/MainMenu.MainMenu_C:ExecuteUbergraph_MainMenu
[2018.08.19-22.46.03:262][  0]LogAIModule: Creating AISystem for world MainMenu
[2018.08.19-22.46.03:263][  0]LogEditorServer: Finished looking for orphan Actors (0.000 secs)
[2018.08.19-22.46.03:275][  0]LogUObjectGlobals: Destroyed PersistentFrame Addr=0x000001ae177182c0, Size=448
[2018.08.19-22.46.03:275][  0]LogUObjectGlobals: Destroyed PersistentFrame Addr=0x000001ae33e7df90, Size=48
[2018.08.19-22.46.03:275][  0]LogUObjectGlobals: Destroyed PersistentFrame Addr=0x000001ae16ffb680, Size=120
[2018.08.19-22.46.03:275][  0]LogUObjectGlobals: Destroyed PersistentFrame Addr=0x000001ae15149ab0, Size=16
[2018.08.19-22.46.03:275][  0]LogUObjectGlobals: Destroyed PersistentFrame Addr=0x000001ae176599b0, Size=16
[2018.08.19-22.46.03:275][  0]LogUObjectGlobals: Destroyed PersistentFrame Addr=0x000001ae1763ff10, Size=24
[2018.08.19-22.46.03:276][  0]Cmd: MAP CHECKDEP NOCLEARLOG
[2018.08.19-22.46.03:364][  0]MapCheck: Map check complete: 0 Error(s), 0 Warning(s), took 87.902ms to complete.
[2018.08.19-22.46.03:364][  0]LogFileHelpers: Loading map 'MainMenu' took 2.869
[2018.08.19-22.46.04:059][  0]LogCollectionManager: Loaded 0 collections in 0.001576 seconds
[2018.08.19-22.46.04:183][  0]LogFileCache: Scanning file cache for directory 'D:/School/Unreal Project/TRR/VGDUNRL_TTR_ALPHA/Saved/Collections/' took 0.01s
[2018.08.19-22.46.04:183][  0]LogFileCache: Scanning file cache for directory 'D:/School/Unreal Project/TRR/VGDUNRL_TTR_ALPHA/Content/Developers/ChrisJ/Collections/' took 0.01s
[2018.08.19-22.46.04:183][  0]LogFileCache: Scanning file cache for directory 'D:/School/Unreal Project/TRR/VGDUNRL_TTR_ALPHA/Content/Collections/' took 0.01s
[2018.08.19-22.46.04:183][  0]LogCollectionManager: Rebuilt the GUID cache for 0 collections in 0.000001 seconds
[2018.08.19-22.46.04:206][  0]LogContentBrowser: Native class hierarchy populated in 0.0224 seconds. Added 2452 classes and 558 folders.
[2018.08.19-22.46.04:274][  0]LogContentBrowser: Native class hierarchy updated for 'WidgetCarousel' in 0.0002 seconds. Added 0 classes and 0 folders.
[2018.08.19-22.46.05:677][  0]LogContentBrowser: Native class hierarchy updated for 'AddContentDialog' in 0.0003 seconds. Added 0 classes and 0 folders.
[2018.08.19-22.46.05:722][  0]LogContentBrowser: Native class hierarchy updated for 'SceneOutliner' in 0.0003 seconds. Added 1 classes and 2 folders.
[2018.08.19-22.46.06:311][  0]LogSlate: Took 0.000373 seconds to synchronously load lazily loaded font '../../../Engine/Content/Slate/Fonts/Roboto-Regular.ttf' (155K)
[2018.08.19-22.46.06:314][  0]LogSlate: Took 0.000397 seconds to synchronously load lazily loaded font '../../../Engine/Content/Slate/Fonts/Roboto-Bold.ttf' (160K)
[2018.08.19-22.46.06:381][  0]LogSlate: Took 0.029457 seconds to synchronously load lazily loaded font '../../../Engine/Content/Editor/Slate/Fonts/FontAwesome.ttf' (139K)
[2018.08.19-22.46.06:782][  0]LogRenderer: Reallocating scene render targets to support 1072x496 Format 10 NumSamples 1 (Frame:1).
[2018.08.19-22.46.07:178][  0]LogContentBrowser: Native class hierarchy updated for 'HierarchicalLODOutliner' in 0.0003 seconds. Added 0 classes and 0 folders.
[2018.08.19-22.46.07:179][  0]LogLoad: (Engine Initialization) Total time: 20.46 seconds
[2018.08.19-22.46.07:179][  0]LogLoad: (Engine Initialization) Total Blueprint compile time: 0.00 seconds
[2018.08.19-22.46.07:566][  0]LogContentStreaming: Texture pool size now 1000 MB
[2018.08.19-22.46.13:184][ 17]LogFileCache: Retrieving MD5 hashes for directory 'D:/School/Unreal Project/TRR/VGDUNRL_TTR_ALPHA/Content/' took 5.65s
[2018.08.19-22.46.19:525][ 36]LogAssetRegistry: Asset discovery search completed in 25.6485 seconds
[2018.08.19-22.46.19:530][ 36]LogCollectionManager: Rebuilt the object cache for 0 collections in 0.000000 seconds (found 0 objects)
[2018.08.19-22.46.19:530][ 36]LogCollectionManager: Fixed up redirectors for 0 collections in 0.000094 seconds (updated 0 objects)
[2018.08.19-22.47.45:259][293]LogSlate: FSceneViewport::OnFocusLost() reason 0
[2018.08.19-22.47.46:551][429]LogSlate: Took 0.019697 seconds to synchronously load lazily loaded font '../../../Engine/Content/Slate/Fonts/Roboto-Light.ttf' (167K)
[2018.08.19-22.47.46:644][429]LogUObjectGlobals: Created PersistentFrame Addr=0x000001ae1762a980, Size=360, Default__BP_PointPlatform_C Function /Game/2DSideScrollerBP/Blueprints/BP_PointPlatform.BP_PointPlatform_C:ExecuteUbergraph_BP_PointPlatform
[2018.08.19-22.47.46:647][429]LogUObjectGlobals: Destroyed PersistentFrame Addr=0x000001ae1762a980, Size=360
[2018.08.19-22.47.46:647][429]LogUObjectGlobals: Created PersistentFrame Addr=0x000001ae553e0880, Size=360, Default__BP_PointPlatform_C Function /Engine/Transient.REINST_BP_PointPlatform_C_21:ExecuteUbergraph_BP_PointPlatform
[2018.08.19-22.47.46:649][429]LogUObjectGlobals: Created PersistentFrame Addr=0x000001ae553d3d00, Size=360, Default__BP_PointPlatform_C Function /Game/2DSideScrollerBP/Blueprints/BP_PointPlatform.BP_PointPlatform_C:ExecuteUbergraph_BP_PointPlatform
[2018.08.19-22.47.46:654][429]LogUObjectGlobals: Created PersistentFrame Addr=0x000001ae44d15300, Size=320, Default__BP_RotatingPlatform_C Function /Game/2DSideScrollerBP/Blueprints/BP_RotatingPlatform.BP_RotatingPlatform_C:ExecuteUbergraph_BP_RotatingPlatform
[2018.08.19-22.47.46:656][429]LogUObjectGlobals: Destroyed PersistentFrame Addr=0x000001ae44d15300, Size=320
[2018.08.19-22.47.46:656][429]LogUObjectGlobals: Created PersistentFrame Addr=0x000001ae44d15300, Size=320, Default__BP_RotatingPlatform_C Function /Engine/Transient.REINST_BP_RotatingPlatform_C_23:ExecuteUbergraph_BP_RotatingPlatform
[2018.08.19-22.47.46:657][429]LogUObjectGlobals: Created PersistentFrame Addr=0x000001ae44d15580, Size=320, Default__BP_RotatingPlatform_C Function /Game/2DSideScrollerBP/Blueprints/BP_RotatingPlatform.BP_RotatingPlatform_C:ExecuteUbergraph_BP_RotatingPlatform
[2018.08.19-22.47.46:673][429]LogUObjectGlobals: Created PersistentFrame Addr=0x000001ae1cf48c60, Size=216, Default__BP_Spring_C Function /Game/2DSideScrollerBP/Blueprints/BP_Spring.BP_Spring_C:ExecuteUbergraph_BP_Spring
[2018.08.19-22.47.46:676][429]LogUObjectGlobals: Destroyed PersistentFrame Addr=0x000001ae1cf48c60, Size=216
[2018.08.19-22.47.46:676][429]LogUObjectGlobals: Created PersistentFrame Addr=0x000001ae1cf48c60, Size=216, Default__BP_Spring_C Function /Engine/Transient.REINST_BP_Spring_C_25:ExecuteUbergraph_BP_Spring
[2018.08.19-22.47.46:678][429]LogUObjectGlobals: Created PersistentFrame Addr=0x000001ae1cf483a0, Size=216, Default__BP_Spring_C Function /Game/2DSideScrollerBP/Blueprints/BP_Spring.BP_Spring_C:ExecuteUbergraph_BP_Spring
[2018.08.19-22.47.46:752][429]LogUObjectGlobals: Created PersistentFrame Addr=0x000001ae55365800, Size=72, Default__BP_Teleporter_2_C Function /Game/2DSideScrollerBP/Blueprints/BP_Teleporter_2.BP_Teleporter_2_C:ExecuteUbergraph_BP_Teleporter_2
[2018.08.19-22.47.46:755][429]LogUObjectGlobals: Destroyed PersistentFrame Addr=0x000001ae55365800, Size=72
[2018.08.19-22.47.46:755][429]LogUObjectGlobals: Created PersistentFrame Addr=0x000001ae553643b0, Size=72, Default__BP_Teleporter_2_C Function /Engine/Transient.REINST_BP_Teleporter_2_C_27:ExecuteUbergraph_BP_Teleporter_2
[2018.08.19-22.47.46:757][429]LogUObjectGlobals: Created PersistentFrame Addr=0x000001ae22f76ac0, Size=72, Default__BP_Teleporter_2_C Function /Game/2DSideScrollerBP/Blueprints/BP_Teleporter_2.BP_Teleporter_2_C:ExecuteUbergraph_BP_Teleporter_2
[2018.08.19-22.47.46:775][429]LogUObjectGlobals: Created PersistentFrame Addr=0x000001ae22f75d00, Size=72, Default__2DPuzzleLevelDLC_C Function /Game/2DSideScrollerBP/Maps/2DPuzzleLevelDLC.2DPuzzleLevelDLC_C:ExecuteUbergraph_2DPuzzleLevelDLC
[2018.08.19-22.47.46:776][429]LogUObjectGlobals: Destroyed PersistentFrame Addr=0x000001ae22f75d00, Size=72
[2018.08.19-22.47.46:776][429]LogUObjectGlobals: Created PersistentFrame Addr=0x000001ae22f75210, Size=72, Default__2DPuzzleLevelDLC_C Function /Engine/Transient.REINST_2DPuzzleLevelDLC_C_31:ExecuteUbergraph_2DPuzzleLevelDLC
[2018.08.19-22.47.46:781][429]LogUObjectGlobals: Created PersistentFrame Addr=0x000001ae22f74810, Size=72, Default__2DPuzzleLevelDLC_C Function /Game/2DSideScrollerBP/Maps/2DPuzzleLevelDLC.2DPuzzleLevelDLC_C:ExecuteUbergraph_2DPuzzleLevelDLC
[2018.08.19-22.47.46:811][429]LogProperty: Warning: Serialized Class /Script/Engine.SphereComponent for a property of Class /Script/Engine.BoxComponent. Reference will be nullptred.
    Property = ObjectProperty /Game/2DSideScrollerBP/Blueprints/BP_Spring.BP_Spring_C:trigger
    Item = SphereComponent /Game/2DSideScrollerBP/Maps/2DPuzzleLevelDLC.2DPuzzleLevelDLC:PersistentLevel.BP_Spring2.trigger
[2018.08.19-22.47.46:811][429]LogProperty: Warning: Serialized Class /Script/Engine.SphereComponent for a property of Class /Script/Engine.BoxComponent. Reference will be nullptred.
    Property = ObjectProperty /Game/2DSideScrollerBP/Blueprints/BP_Spring.BP_Spring_C:trigger
    Item = SphereComponent /Game/2DSideScrollerBP/Maps/2DPuzzleLevelDLC.2DPuzzleLevelDLC:PersistentLevel.BP_Spring3.trigger
[2018.08.19-22.47.46:811][429]LogProperty: Warning: Serialized Class /Script/Engine.SphereComponent for a property of Class /Script/Engine.BoxComponent. Reference will be nullptred.
    Property = ObjectProperty /Game/2DSideScrollerBP/Blueprints/BP_Spring.BP_Spring_C:trigger
    Item = SphereComponent /Game/2DSideScrollerBP/Maps/2DPuzzleLevelDLC.2DPuzzleLevelDLC:PersistentLevel.BP_Spring_458.trigger
[2018.08.19-22.47.46:943][429]LogAIModule: Creating AISystem for world 2DPuzzleLevelDLC
[2018.08.19-22.47.47:051][429]LogUObjectGlobals: Destroyed PersistentFrame Addr=0x000001ae44d15300, Size=320
[2018.08.19-22.47.47:051][429]LogUObjectGlobals: Destroyed PersistentFrame Addr=0x000001ae553e0880, Size=360
[2018.08.19-22.47.47:051][429]LogUObjectGlobals: Destroyed PersistentFrame Addr=0x000001ae1cf48c60, Size=216
[2018.08.19-22.47.47:051][429]LogUObjectGlobals: Destroyed PersistentFrame Addr=0x000001ae553643b0, Size=72
[2018.08.19-22.47.47:051][429]LogUObjectGlobals: Destroyed PersistentFrame Addr=0x000001ae22f75210, Size=72
[2018.08.19-22.47.47:057][429]Cmd: MAP LOAD FILE="../../../../School/Unreal Project/TRR/VGDUNRL_TTR_ALPHA/Content/2DSideScrollerBP/Maps/2DPuzzleLevelDLC.umap" TEMPLATE=0 SHOWPROGRESS=1 FEATURELEVEL=3
[2018.08.19-22.47.47:057][429]LightingResults: New page: Lighting Build
[2018.08.19-22.47.47:058][429]LoadErrors: New page: Loading map: 2DPuzzleLevelDLC.umap
[2018.08.19-22.47.47:058][429]MapCheck: New page: Map Check
[2018.08.19-22.47.47:058][429]LightingResults: New page: Lighting Build
[2018.08.19-22.47.47:070][429]LogUObjectGlobals: Destroyed PersistentFrame Addr=0x000001ae1763e7e8, Size=24
[2018.08.19-22.47.47:160][429]LogEditorServer: Finished looking for orphan Actors (0.000 secs)
[2018.08.19-22.47.47:212][429]Cmd: MAP CHECKDEP NOCLEARLOG
[2018.08.19-22.47.47:289][429]MapCheck: Map check complete: 0 Error(s), 0 Warning(s), took 76.293ms to complete.
[2018.08.19-22.47.47:290][429]LogFileHelpers: Loading map '2DPuzzleLevelDLC' took 0.235
[2018.08.19-22.47.56:751][505]LogEditorViewport: Clicking on Actor (LMB): BP_PointPlatform_C (BP_PointPlatform5)
[2018.08.19-22.48.10:153][963]LogEditorViewport: Clicking on Actor (LMB): BP_PointPlatform_C (BP_PointPlatform)
[2018.08.19-22.48.11:506][109]LogSlate: FSceneViewport::OnFocusLost() reason 0
[2018.08.19-22.48.13:978][393]LogEditorViewport: Clicking on Actor (LMB): BP_TargetPoint_Start_C (BP_TargetPoint_Start)
[2018.08.19-22.48.15:326][549]LogEditorViewport: Clicking on Actor (LMB): BP_TargetPoint_End_C (BP_TargetPoint_End)
[2018.08.19-22.48.31:930][462]LogEditorViewport: Clicking on Actor (LMB): BP_PointPlatform_C (BP_PointPlatform)
[2018.08.19-22.48.33:435][613]LogEditorViewport: Clicking on Actor (LMB): BP_TargetPoint_Start_C (BP_TargetPoint_Start)
[2018.08.19-22.48.42:103][616]LogSlate: FSceneViewport::OnFocusLost() reason 0
[2018.08.19-22.49.08:923][221]LogSlate: Took 0.011741 seconds to synchronously load lazily loaded font '../../../Engine/Content/Slate/Fonts/Roboto-Italic.ttf' (157K)
[2018.08.19-22.49.20:789][461]EditorErrors: New page: Actor attachment
[2018.08.19-22.49.44:934][969]LogEditorViewport: Clicking on Actor (LMB): BP_PointPlatform_C (BP_PointPlatform)
[2018.08.19-22.49.46:176][ 84]LogSlate: FSceneViewport::OnFocusLost() reason 2
[2018.08.19-22.49.48:641][336]LogSlate: FSceneViewport::OnFocusLost() reason 2
[2018.08.19-22.50.02:575][712]LogEditorViewport: Clicking on Actor (LMB): BP_Teleporter_2_C (BP_Teleporter_3)
[2018.08.19-22.50.07:067][ 96]LogSlate: FSceneViewport::OnFocusLost() reason 0
[2018.08.19-22.50.15:666][926]LogEditorViewport: Clicking on Actor (LMB): BP_Teleporter_2_C (TeleportH)
[2018.08.19-22.50.20:423][416]LogSlate: FSceneViewport::OnFocusLost() reason 0
[2018.08.19-22.50.33:002][702]LogEditorViewport: Clicking on Actor (LMB): BP_Teleporter_2_C (BP_Teleporter_3)
[2018.08.19-22.50.36:379][ 10]LogEditorViewport: Clicking on Actor (LMB): BP_Teleporter_2_C (BP_Teleporter_2)
[2018.08.19-22.50.42:097][564]LogEditorViewport: Clicking on Actor (LMB): BP_Teleporter_2_C (BP_Teleporter_3)
[2018.08.19-22.50.48:761][190]LogSlate: FSceneViewport::OnFocusLost() reason 0
[2018.08.19-22.51.00:946][399]LogEditorViewport: Clicking on Actor (LMB): BP_Teleporter_2_C (TeleportH)
[2018.08.19-22.51.03:444][596]LogEditorViewport: Clicking on Actor (LMB): BP_Teleporter_2_C (BP_Teleporter_2)
[2018.08.19-22.51.05:765][816]LogSlate: FSceneViewport::OnFocusLost() reason 0
[2018.08.19-22.51.36:720][958]LogEditorViewport: Clicking on Actor (LMB): BP_Teleporter_2_C (TeleportJ)
[2018.08.19-22.51.37:670][ 25]LogSlate: FSceneViewport::OnFocusLost() reason 2
[2018.08.19-22.51.39:002][152]LogSlate: FSceneViewport::OnFocusLost() reason 2
[2018.08.19-22.51.57:609][858]LogEditorViewport: Clicking on Actor (LMB): BP_Teleporter_2_C (TeleportF)
[2018.08.19-22.52.05:118][433]LogEditorViewport: Clicking on Actor (LMB): BP_Teleporter_2_C (TeleportH)
[2018.08.19-22.52.10:668][906]LogEditorViewport: Clicking on Actor (LMB): BP_Teleporter_2_C (TeleportC)
[2018.08.19-22.52.17:486][483]LogEditorViewport: Clicking on Actor (LMB): BP_Teleporter_2_C (TeleportE)
[2018.08.19-22.52.20:040][697]LogEditorViewport: Clicking on Actor (LMB): BP_Teleporter_2_C (TeleportD)
[2018.08.19-22.52.22:398][891]LogEditorViewport: Clicking on Actor (LMB): BP_Teleporter_2_C (TeleportH)
[2018.08.19-22.52.23:858][  6]LogEditorViewport: Clicking on Actor (LMB): BP_Teleporter_2_C (TeleportI)
[2018.08.19-22.52.25:790][167]LogEditorViewport: Clicking on Actor (LMB): BP_Teleporter_2_C (TeleportF)
[2018.08.19-22.52.28:574][399]LogEditorViewport: Clicking on Actor (LMB): BP_Teleporter_2_C (TeleportE)
[2018.08.19-22.52.30:513][561]LogEditorViewport: Clicking on Actor (LMB): BP_Teleporter_2_C (TeleportD)
[2018.08.19-22.52.32:638][737]LogEditorViewport: Clicking on Actor (LMB): BP_Teleporter_2_C (TeleportE)
[2018.08.19-22.52.34:893][928]LogEditorViewport: Clicking on Actor (LMB): BP_Teleporter_2_C (TeleportH)
[2018.08.19-22.52.36:201][ 33]LogEditorViewport: Clicking on Actor (LMB): BP_Teleporter_2_C (TeleportF)
[2018.08.19-22.52.38:456][216]LogEditorViewport: Clicking on Actor (LMB): BP_Teleporter_2_C (TeleportI)
[2018.08.19-22.52.39:964][341]LogEditorViewport: Clicking on Actor (LMB): BP_Teleporter_2_C (TeleportG)
[2018.08.19-22.52.42:262][525]LogEditorViewport: Clicking on Actor (LMB): BP_Teleporter_2_C (TeleportJ)
[2018.08.19-22.52.43:558][631]LogEditorViewport: Clicking on Actor (LMB): BP_Teleporter_2_C (TeleportF)
[2018.08.19-22.52.46:359][863]LogEditorViewport: Clicking on Actor (LMB): BP_Teleporter_2_C (TeleportC)
[2018.08.19-22.52.49:688][137]LogSlate: FSceneViewport::OnFocusLost() reason 0
[2018.08.19-22.53.17:146][360]LogEditorActor: Actor TeleportG is referenced by TeleportH.
[2018.08.19-22.53.18:699][360]LogSlate: Window 'Message' being destroyed
[2018.08.19-22.53.18:706][360]LogEditorActor: Deleted Actor: BP_Teleporter_2_C
[2018.08.19-22.53.18:784][360]LogEditorActor: Deleted 1 Actors (1.641 secs)
[2018.08.19-22.53.19:820][452]LogSlate: FSceneViewport::OnFocusLost() reason 0
[2018.08.19-22.53.46:118][666]LogEditorViewport: Clicking on Actor (LMB): BP_Teleporter_2_C (TeleportJ)
[2018.08.19-22.53.52:345][187]LogEditorViewport: Clicking on Actor (LMB): BP_Teleporter_2_C (TeleportG)
[2018.08.19-22.53.53:422][274]LogEditorViewport: Clicking on Actor (LMB): BP_Teleporter_2_C (TeleportG)
[2018.08.19-22.53.56:442][530]LogSlate: FSceneViewport::OnFocusLost() reason 0
[2018.08.19-22.54.08:320][554]LogEditorViewport: Clicking on Actor (LMB): BP_Teleporter_2_C (TeleportG)
[2018.08.19-22.54.10:896][767]LogSlate: FSceneViewport::OnFocusLost() reason 0
[2018.08.19-22.54.21:587][669]LogEditorViewport: Clicking on Actor (LMB): BP_Teleporter_2_C (TeleportJ)
[2018.08.19-22.54.24:902][950]LogEditorViewport: Clicking on Actor (LMB): BP_Teleporter_2_C (TeleportH)
[2018.08.19-22.54.28:562][260]LogEditorViewport: Clicking on Actor (LMB): BP_Teleporter_2_C (TeleportG)
[2018.08.19-22.54.31:196][469]LogEditorViewport: Clicking on Actor (LMB): BP_Teleporter_2_C (TeleportH)
[2018.08.19-22.54.37:756][ 81]LogEditorViewport: Clicking on Actor (LMB): BP_Teleporter_2_C (TeleportG)
[2018.08.19-22.54.59:301][236]LogSlate: FSceneViewport::OnFocusLost() reason 0
[2018.08.19-22.55.06:034][818]LogEditorViewport: Clicking on Actor (LMB): BP_Teleporter_2_C (TeleportF)
[2018.08.19-22.55.07:360][922]LogEditorViewport: Clicking on Actor (LMB): BP_Teleporter_2_C (TeleportJ)
[2018.08.19-22.55.08:567][ 28]LogSlate: FSceneViewport::OnFocusLost() reason 0
[2018.08.19-22.55.22:611][321]LogSlate: FSceneViewport::OnFocusLost() reason 0
[2018.08.19-22.55.42:374][159]LogSlate: FSceneViewport::OnFocusLost() reason 0
[2018.08.19-22.55.50:544][796]LogSlate: FSceneViewport::OnFocusLost() reason 0
[2018.08.19-22.55.59:147][638]LogSlate: FSceneViewport::OnFocusLost() reason 2
[2018.08.19-22.56.05:449][246]LogEditorViewport: Clicking on Actor (LMB): BP_Teleporter_2_C (TeleportI)
[2018.08.19-22.56.07:737][451]LogSlate: FSceneViewport::OnFocusLost() reason 0
[2018.08.19-22.56.20:118][625]LogEditorViewport: Clicking on Actor (LMB): BP_Teleporter_2_C (TeleportI)
[2018.08.19-22.56.20:875][688]LogSlate: FSceneViewport::OnFocusLost() reason 2
[2018.08.19-22.56.27:351][289]LogSlate: FSceneViewport::OnFocusLost() reason 0
[2018.08.19-22.56.27:424][297]LogTemp: Repeating last play command: Selected Viewport
[2018.08.19-22.56.27:487][297]LogBlueprintUserMessages: Early PlayInEditor Detection: Level '/Game/2DSideScrollerBP/Maps/2DPuzzleLevelDLC.2DPuzzleLevelDLC:PersistentLevel' has LevelScriptBlueprint '/Game/2DSideScrollerBP/Maps/2DPuzzleLevelDLC.2DPuzzleLevelDLC:PersistentLevel.2DPuzzleLevelDLC' with GeneratedClass '/Game/2DSideScrollerBP/Maps/2DPuzzleLevelDLC.2DPuzzleLevelDLC_C' with ClassGeneratedBy '/Game/2DSideScrollerBP/Maps/2DPuzzleLevelDLC.2DPuzzleLevelDLC:PersistentLevel.2DPuzzleLevelDLC'
[2018.08.19-22.56.27:487][297]LogPlayLevel: PlayLevel: No blueprints needed recompiling
[2018.08.19-22.56.27:511][297]PIE: New page: PIE session: 2DPuzzleLevelDLC (Aug 19, 2018, 2:56:27 PM)
[2018.08.19-22.56.27:511][297]LogPlayLevel: Creating play world package: /Game/2DSideScrollerBP/Maps/UEDPIE_0_2DPuzzleLevelDLC
[2018.08.19-22.56.27:547][297]LogPlayLevel: PIE: StaticDuplicateObject took: (0.036228s)
[2018.08.19-22.56.27:548][297]LogAIModule: Creating AISystem for world 2DPuzzleLevelDLC
[2018.08.19-22.56.27:548][297]LogPlayLevel: PIE: World Init took: (0.000709s)
[2018.08.19-22.56.27:548][297]LogPlayLevel: PIE: Created PIE world by copying editor world from /Game/2DSideScrollerBP/Maps/2DPuzzleLevelDLC.2DPuzzleLevelDLC to /Game/2DSideScrollerBP/Maps/UEDPIE_0_2DPuzzleLevelDLC.2DPuzzleLevelDLC (0.037133s)
[2018.08.19-22.56.27:589][297]LogInit: XAudio2 using 'DM700A-H (NVIDIA High Definition Audio)' : 2 channels at 48 kHz using 16 bits per sample (channel mask 0x3)
[2018.08.19-22.56.27:604][297]LogInit: FAudioDevice initialized.
[2018.08.19-22.56.27:653][297]LogLoad: Game class is '2DSideScrollerGameMode_C'
[2018.08.19-22.56.27:691][297]LogWorld: Bringing World /Game/2DSideScrollerBP/Maps/UEDPIE_0_2DPuzzleLevelDLC.2DPuzzleLevelDLC up for play (max tick rate 0) at 2018.08.19-18.56.27
[2018.08.19-22.56.27:703][297]LogWorld: Bringing up level for play took: 0.038411
[2018.08.19-22.56.27:764][297]LogContentBrowser: Native class hierarchy updated for 'MovieSceneCapture' in 0.0005 seconds. Added 11 classes and 0 folders.
[2018.08.19-22.56.27:820][297]PIE: Play in editor start time for /Game/2DSideScrollerBP/Maps/UEDPIE_0_2DPuzzleLevelDLC 0.243
[2018.08.19-22.56.27:820][297]LogBlueprintUserMessages: Late PlayInEditor Detection: Level '/Game/2DSideScrollerBP/Maps/2DPuzzleLevelDLC.2DPuzzleLevelDLC:PersistentLevel' has LevelScriptBlueprint '/Game/2DSideScrollerBP/Maps/2DPuzzleLevelDLC.2DPuzzleLevelDLC:PersistentLevel.2DPuzzleLevelDLC' with GeneratedClass '/Game/2DSideScrollerBP/Maps/2DPuzzleLevelDLC.2DPuzzleLevelDLC_C' with ClassGeneratedBy '/Game/2DSideScrollerBP/Maps/2DPuzzleLevelDLC.2DPuzzleLevelDLC:PersistentLevel.2DPuzzleLevelDLC'
[2018.08.19-22.57.03:853][447]LogBlueprintUserMessages: Early EndPlayMap Detection: Level '/Game/2DSideScrollerBP/Maps/2DPuzzleLevelDLC.2DPuzzleLevelDLC:PersistentLevel' has LevelScriptBlueprint '/Game/2DSideScrollerBP/Maps/2DPuzzleLevelDLC.2DPuzzleLevelDLC:PersistentLevel.2DPuzzleLevelDLC' with GeneratedClass '/Game/2DSideScrollerBP/Maps/2DPuzzleLevelDLC.2DPuzzleLevelDLC_C' with ClassGeneratedBy '/Game/2DSideScrollerBP/Maps/2DPuzzleLevelDLC.2DPuzzleLevelDLC:PersistentLevel.2DPuzzleLevelDLC'
[2018.08.19-22.57.04:168][447]LogBlueprintUserMessages: Late EndPlayMap Detection: Level '/Game/2DSideScrollerBP/Maps/2DPuzzleLevelDLC.2DPuzzleLevelDLC:PersistentLevel' has LevelScriptBlueprint '/Game/2DSideScrollerBP/Maps/2DPuzzleLevelDLC.2DPuzzleLevelDLC:PersistentLevel.2DPuzzleLevelDLC' with GeneratedClass '/Game/2DSideScrollerBP/Maps/2DPuzzleLevelDLC.2DPuzzleLevelDLC_C' with ClassGeneratedBy '/Game/2DSideScrollerBP/Maps/2DPuzzleLevelDLC.2DPuzzleLevelDLC:PersistentLevel.2DPuzzleLevelDLC'
[2018.08.19-22.57.09:440][980]LogEditorViewport: Clicking on Actor (LMB): BP_Teleporter_2_C (TeleportJ)
[2018.08.19-22.57.17:028][663]LogSlate: FSceneViewport::OnFocusLost() reason 0
[2018.08.19-22.57.22:208][122]LogSlate: FSceneViewport::OnFocusLost() reason 0
[2018.08.19-22.57.27:665][654]Cmd: TRANSACTION UNDO
[2018.08.19-22.57.27:665][654]LogEditorTransaction: Undo Scale Actors
[2018.08.19-22.57.35:157][351]LogSlate: FSceneViewport::OnFocusLost() reason 0
[2018.08.19-22.57.47:286][506]LogSlate: FSceneViewport::OnFocusLost() reason 0
[2018.08.19-22.58.01:528][873]LogEditorViewport: Clicking on Actor (LMB): BP_TrekBook_Ledge_C (BP_TrekBook_Ledge24)
[2018.08.19-22.58.02:817][952]LogEditorViewport: Clicking on Actor (CTRL LMB): BP_TrekBook_Ledge_C (BP_TrekBook_Ledge25)
[2018.08.19-22.58.03:653][ 33]Cmd: EDIT COPY
[2018.08.19-22.58.04:044][ 63]Cmd: EDIT PASTE
[2018.08.19-22.58.07:382][377]Cmd: EDIT COPY
[2018.08.19-22.58.07:659][405]Cmd: EDIT PASTE
[2018.08.19-22.58.16:132][182]LogEditorViewport: Clicking on Actor (LMB): BP_TrekBook_Ledge_C (BP_TrekBook_Ledge32)
[2018.08.19-22.58.16:763][230]LogEditorViewport: Clicking on Actor (CTRL LMB): BP_TrekBook_Ledge_C (BP_TrekBook_Ledge31)
[2018.08.19-22.58.19:641][511]LogEditorViewport: Clicking Background
[2018.08.19-22.58.28:324][353]LogSlate: FSceneViewport::OnFocusLost() reason 0
[2018.08.19-22.58.31:446][584]LogSlate: FSceneViewport::OnFocusLost() reason 0
[2018.08.19-22.58.46:074][873]LogSlate: FSceneViewport::OnFocusLost() reason 0
[2018.08.19-22.58.49:760][171]LogSlate: FSceneViewport::OnFocusLost() reason 0
[2018.08.19-22.58.57:085][833]Cmd: EDIT COPY
[2018.08.19-22.58.57:332][858]Cmd: EDIT PASTE
[2018.08.19-22.59.04:465][529]Cmd: EDIT COPY
[2018.08.19-22.59.04:658][547]Cmd: EDIT PASTE
[2018.08.19-22.59.07:488][802]LogSlate: FSceneViewport::OnFocusLost() reason 0
[2018.08.19-22.59.11:801][195]LogEditorViewport: Clicking Background
[2018.08.19-22.59.13:106][340]Cmd: EDIT PASTE
[2018.08.19-22.59.14:155][428]LogSlate: FSceneViewport::OnFocusLost() reason 0
[2018.08.19-22.59.31:676][ 16]LogSlate: FSceneViewport::OnFocusLost() reason 0
[2018.08.19-22.59.34:021][230]LogSlate: FSceneViewport::OnFocusLost() reason 0
[2018.08.19-22.59.43:534][127]Cmd: EDIT PASTE
[2018.08.19-22.59.47:191][458]Cmd: EDIT PASTE
[2018.08.19-22.59.56:425][291]LogSlate: FSceneViewport::OnFocusLost() reason 0
[2018.08.19-23.00.22:368][793]LogEditorViewport: Clicking Background
[2018.08.19-23.00.28:485][443]LogSlate: FSceneViewport::OnFocusLost() reason 2
[2018.08.19-23.00.28:654][443]LogUObjectGlobals: Destroyed PersistentFrame Addr=0x000001ae22f74810, Size=72
[2018.08.19-23.00.28:654][443]LogUObjectGlobals: Created PersistentFrame Addr=0x000001ae6e2243b0, Size=72, Default__2DPuzzleLevelDLC_C Function /Engine/Transient.REINST_2DPuzzleLevelDLC_C_35:ExecuteUbergraph_2DPuzzleLevelDLC
[2018.08.19-23.00.28:655][443]LogUObjectGlobals: Created PersistentFrame Addr=0x000001ae6e2241d0, Size=72, Default__2DPuzzleLevelDLC_C Function /Game/2DSideScrollerBP/Maps/2DPuzzleLevelDLC.2DPuzzleLevelDLC_C:ExecuteUbergraph_2DPuzzleLevelDLC
[2018.08.19-23.00.28:927][443]LogSavePackage: Save=286.93ms
[2018.08.19-23.00.28:927][443]LogSavePackage: Moving '../../../../School/Unreal Project/TRR/VGDUNRL_TTR_ALPHA/Saved/2DPuzzleLevelDLC_Auto10043AB2F40FDF8C1B911288CA6196384.tmp' to '../../../../School/Unreal Project/TRR/VGDUNRL_TTR_ALPHA/Saved/Autosaves/Game/2DSideScrollerBP/Maps/2DPuzzleLevelDLC_Auto1.umap'
[2018.08.19-23.00.28:928][443]LogSavePackage: Display: Finished SavePackage ../../../../School/Unreal Project/TRR/VGDUNRL_TTR_ALPHA/Saved/Autosaves/Game/2DSideScrollerBP/Maps/2DPuzzleLevelDLC_Auto1.umap
[2018.08.19-23.00.28:933][443]LogFileHelpers: Editor autosave (incl. sublevels) for '/Game/2DSideScrollerBP/Maps/2DPuzzleLevelDLC' took 0.411
[2018.08.19-23.00.28:933][443]LogFileHelpers: Editor autosave (incl. sublevels) for all levels took 0.411
[2018.08.19-23.00.29:832][543]Cmd: EDIT PASTE
[2018.08.19-23.00.31:478][681]LogSlate: FSceneViewport::OnFocusLost() reason 0
[2018.08.19-23.01.48:060][150]LogSlate: FSceneViewport::OnFocusLost() reason 0
[2018.08.19-23.02.28:807][643]Cmd: EDIT COPY
[2018.08.19-23.02.29:024][664]Cmd: EDIT PASTE
[2018.08.19-23.02.37:784][621]Cmd: EDIT PASTE
[2018.08.19-23.02.43:528][227]LogSlate: FSceneViewport::OnFocusLost() reason 0
[2018.08.19-23.02.47:860][731]LogSlate: FSceneViewport::OnFocusLost() reason 0
[2018.08.19-23.02.48:753][822]Cmd: EDIT COPY
[2018.08.19-23.02.48:969][846]Cmd: EDIT PASTE
[2018.08.19-23.02.57:392][814]LogEditorViewport: Clicking on Actor (LMB): BP_TrekBook_Ledge_C (BP_TrekBook_Ledge33)
[2018.08.19-23.02.57:979][878]Cmd: EDIT COPY
[2018.08.19-23.02.58:201][903]Cmd: EDIT PASTE
[2018.08.19-23.03.07:775][945]LogEditorViewport: Clicking on Actor (LMB): BP_TrekBook_Ledge_C (BP_TrekBook_Ledge37)
[2018.08.19-23.03.14:835][726]Cmd: EDIT COPY
[2018.08.19-23.03.15:048][751]Cmd: EDIT PASTE
[2018.08.19-23.03.17:125][972]LogSlate: FSceneViewport::OnFocusLost() reason 0
[2018.08.19-23.03.20:623][366]LogSlate: FSceneViewport::OnFocusLost() reason 0
[2018.08.19-23.05.01:541][ 27]Cmd: EDIT COPY
[2018.08.19-23.05.01:701][ 46]Cmd: EDIT PASTE
[2018.08.19-23.05.11:443][118]LogEditorViewport: Clicking Background
[2018.08.19-23.05.12:874][286]Cmd: EDIT PASTE
[2018.08.19-23.06.27:803][467]LogEditorViewport: Clicking Background
[2018.08.19-23.06.32:612][  1]LogSlate: FSceneViewport::OnFocusLost() reason 0
[2018.08.19-23.06.44:672][300]LogSlate: FSceneViewport::OnFocusLost() reason 0
[2018.08.19-23.07.00:309][ 72]LogSlate: FSceneViewport::OnFocusLost() reason 0
[2018.08.19-23.07.56:810][951]LogSlate: FSceneViewport::OnFocusLost() reason 0
[2018.08.19-23.08.24:709][103]LogEditorViewport: Clicking on Actor (LMB): BP_Teleporter_2_C (TeleportK)
[2018.08.19-23.08.25:920][206]LogSlate: FSceneViewport::OnFocusLost() reason 2
[2018.08.19-23.08.28:783][420]LogSlate: FSceneViewport::OnFocusLost() reason 2
[2018.08.19-23.08.30:948][600]LogEditorViewport: Clicking on Actor (LMB): BP_Teleporter_2_C (TeleportJ)
[2018.08.19-23.09.26:577][743]LogEditorViewport: Clicking on Actor (LMB): BP_TrekBook_Ledge_C (BP_TrekBook_Ledge33)
[2018.08.19-23.09.27:643][839]Cmd: EDIT COPY
[2018.08.19-23.09.27:948][867]Cmd: EDIT PASTE
[2018.08.19-23.09.38:981][867]LogEditorViewport: Clicking Background
[2018.08.19-23.10.12:962][731]LogEditorViewport: Clicking on Actor (LMB): BP_Teleporter_2_C (BP_Teleporter_3)
[2018.08.19-23.10.24:752][721]LogSlate: FSceneViewport::OnFocusLost() reason 0
[2018.08.19-23.10.24:827][728]LogTemp: Repeating last play command: Selected Viewport
[2018.08.19-23.10.24:850][728]LogBlueprintUserMessages: Early PlayInEditor Detection: Level '/Game/2DSideScrollerBP/Maps/2DPuzzleLevelDLC.2DPuzzleLevelDLC:PersistentLevel' has LevelScriptBlueprint '/Game/2DSideScrollerBP/Maps/2DPuzzleLevelDLC.2DPuzzleLevelDLC:PersistentLevel.2DPuzzleLevelDLC' with GeneratedClass '/Game/2DSideScrollerBP/Maps/2DPuzzleLevelDLC.2DPuzzleLevelDLC_C' with ClassGeneratedBy '/Game/2DSideScrollerBP/Maps/2DPuzzleLevelDLC.2DPuzzleLevelDLC:PersistentLevel.2DPuzzleLevelDLC'
[2018.08.19-23.10.24:850][728]LogPlayLevel: PlayLevel: No blueprints needed recompiling
[2018.08.19-23.10.24:850][728]PIE: New page: PIE session: 2DPuzzleLevelDLC (Aug 19, 2018, 3:10:24 PM)
[2018.08.19-23.10.24:850][728]LogPlayLevel: Creating play world package: /Game/2DSideScrollerBP/Maps/UEDPIE_0_2DPuzzleLevelDLC
[2018.08.19-23.10.24:860][728]LogPlayLevel: PIE: StaticDuplicateObject took: (0.009779s)
[2018.08.19-23.10.24:861][728]LogAIModule: Creating AISystem for world 2DPuzzleLevelDLC
[2018.08.19-23.10.24:861][728]LogPlayLevel: PIE: World Init took: (0.000719s)
[2018.08.19-23.10.24:861][728]LogPlayLevel: PIE: Created PIE world by copying editor world from /Game/2DSideScrollerBP/Maps/2DPuzzleLevelDLC.2DPuzzleLevelDLC to /Game/2DSideScrollerBP/Maps/UEDPIE_0_2DPuzzleLevelDLC.2DPuzzleLevelDLC (0.010636s)
[2018.08.19-23.10.24:874][728]LogUObjectGlobals: Destroyed PersistentFrame Addr=0x000001ae6e2243b0, Size=72
[2018.08.19-23.10.24:904][728]LogInit: XAudio2 using 'DM700A-H (NVIDIA High Definition Audio)' : 2 channels at 48 kHz using 16 bits per sample (channel mask 0x3)
[2018.08.19-23.10.24:919][728]LogInit: FAudioDevice initialized.
[2018.08.19-23.10.24:955][728]LogLoad: Game class is '2DSideScrollerGameMode_C'
[2018.08.19-23.10.24:960][728]LogWorld: Bringing World /Game/2DSideScrollerBP/Maps/UEDPIE_0_2DPuzzleLevelDLC.2DPuzzleLevelDLC up for play (max tick rate 0) at 2018.08.19-19.10.24
[2018.08.19-23.10.24:961][728]LogWorld: Bringing up level for play took: 0.005264
[2018.08.19-23.10.24:963][728]PIE: Play in editor start time for /Game/2DSideScrollerBP/Maps/UEDPIE_0_2DPuzzleLevelDLC -0.614
[2018.08.19-23.10.24:963][728]LogBlueprintUserMessages: Late PlayInEditor Detection: Level '/Game/2DSideScrollerBP/Maps/2DPuzzleLevelDLC.2DPuzzleLevelDLC:PersistentLevel' has LevelScriptBlueprint '/Game/2DSideScrollerBP/Maps/2DPuzzleLevelDLC.2DPuzzleLevelDLC:PersistentLevel.2DPuzzleLevelDLC' with GeneratedClass '/Game/2DSideScrollerBP/Maps/2DPuzzleLevelDLC.2DPuzzleLevelDLC_C' with ClassGeneratedBy '/Game/2DSideScrollerBP/Maps/2DPuzzleLevelDLC.2DPuzzleLevelDLC:PersistentLevel.2DPuzzleLevelDLC'
[2018.08.19-23.11.07:091][579]LogBlueprintUserMessages: Early EndPlayMap Detection: Level '/Game/2DSideScrollerBP/Maps/2DPuzzleLevelDLC.2DPuzzleLevelDLC:PersistentLevel' has LevelScriptBlueprint '/Game/2DSideScrollerBP/Maps/2DPuzzleLevelDLC.2DPuzzleLevelDLC:PersistentLevel.2DPuzzleLevelDLC' with GeneratedClass '/Game/2DSideScrollerBP/Maps/2DPuzzleLevelDLC.2DPuzzleLevelDLC_C' with ClassGeneratedBy '/Game/2DSideScrollerBP/Maps/2DPuzzleLevelDLC.2DPuzzleLevelDLC:PersistentLevel.2DPuzzleLevelDLC'
[2018.08.19-23.11.07:124][579]LogBlueprintUserMessages: Late EndPlayMap Detection: Level '/Game/2DSideScrollerBP/Maps/2DPuzzleLevelDLC.2DPuzzleLevelDLC:PersistentLevel' has LevelScriptBlueprint '/Game/2DSideScrollerBP/Maps/2DPuzzleLevelDLC.2DPuzzleLevelDLC:PersistentLevel.2DPuzzleLevelDLC' with GeneratedClass '/Game/2DSideScrollerBP/Maps/2DPuzzleLevelDLC.2DPuzzleLevelDLC_C' with ClassGeneratedBy '/Game/2DSideScrollerBP/Maps/2DPuzzleLevelDLC.2DPuzzleLevelDLC:PersistentLevel.2DPuzzleLevelDLC'
[2018.08.19-23.11.14:945][329]LogSlate: FSceneViewport::OnFocusLost() reason 0
[2018.08.19-23.11.20:212][797]LogSlate: FSceneViewport::OnFocusLost() reason 0
[2018.08.19-23.11.40:365][592]Cmd: EDIT COPY
[2018.08.19-23.11.40:566][609]Cmd: EDIT PASTE
[2018.08.19-23.11.49:615][404]LogEditorViewport: Clicking on Actor (LMB): BP_TrekBook_Ledge_C (BP_TrekBook_Ledge36)
[2018.08.19-23.11.54:900][844]LogEditorViewport: Clicking Background
[2018.08.19-23.11.56:577][ 22]LogSlate: FSceneViewport::OnFocusLost() reason 0
[2018.08.19-23.11.56:614][ 26]LogTemp: Repeating last play command: Selected Viewport
[2018.08.19-23.11.56:639][ 26]LogBlueprintUserMessages: Early PlayInEditor Detection: Level '/Game/2DSideScrollerBP/Maps/2DPuzzleLevelDLC.2DPuzzleLevelDLC:PersistentLevel' has LevelScriptBlueprint '/Game/2DSideScrollerBP/Maps/2DPuzzleLevelDLC.2DPuzzleLevelDLC:PersistentLevel.2DPuzzleLevelDLC' with GeneratedClass '/Game/2DSideScrollerBP/Maps/2DPuzzleLevelDLC.2DPuzzleLevelDLC_C' with ClassGeneratedBy '/Game/2DSideScrollerBP/Maps/2DPuzzleLevelDLC.2DPuzzleLevelDLC:PersistentLevel.2DPuzzleLevelDLC'
[2018.08.19-23.11.56:639][ 26]LogPlayLevel: PlayLevel: No blueprints needed recompiling
[2018.08.19-23.11.56:640][ 26]PIE: New page: PIE session: 2DPuzzleLevelDLC (Aug 19, 2018, 3:11:56 PM)
[2018.08.19-23.11.56:640][ 26]LogPlayLevel: Creating play world package: /Game/2DSideScrollerBP/Maps/UEDPIE_0_2DPuzzleLevelDLC
[2018.08.19-23.11.56:650][ 26]LogPlayLevel: PIE: StaticDuplicateObject took: (0.010349s)
[2018.08.19-23.11.56:650][ 26]LogAIModule: Creating AISystem for world 2DPuzzleLevelDLC
[2018.08.19-23.11.56:651][ 26]LogPlayLevel: PIE: World Init took: (0.000598s)
[2018.08.19-23.11.56:651][ 26]LogPlayLevel: PIE: Created PIE world by copying editor world from /Game/2DSideScrollerBP/Maps/2DPuzzleLevelDLC.2DPuzzleLevelDLC to /Game/2DSideScrollerBP/Maps/UEDPIE_0_2DPuzzleLevelDLC.2DPuzzleLevelDLC (0.011116s)
[2018.08.19-23.11.56:690][ 26]LogInit: XAudio2 using 'DM700A-H (NVIDIA High Definition Audio)' : 2 channels at 48 kHz using 16 bits per sample (channel mask 0x3)
[2018.08.19-23.11.56:704][ 26]LogInit: FAudioDevice initialized.
[2018.08.19-23.11.56:740][ 26]LogLoad: Game class is '2DSideScrollerGameMode_C'
[2018.08.19-23.11.56:745][ 26]LogWorld: Bringing World /Game/2DSideScrollerBP/Maps/UEDPIE_0_2DPuzzleLevelDLC.2DPuzzleLevelDLC up for play (max tick rate 0) at 2018.08.19-19.11.56
[2018.08.19-23.11.56:746][ 26]LogWorld: Bringing up level for play took: 0.006304
[2018.08.19-23.11.56:748][ 26]PIE: Play in editor start time for /Game/2DSideScrollerBP/Maps/UEDPIE_0_2DPuzzleLevelDLC -0.828
[2018.08.19-23.11.56:749][ 26]LogBlueprintUserMessages: Late PlayInEditor Detection: Level '/Game/2DSideScrollerBP/Maps/2DPuzzleLevelDLC.2DPuzzleLevelDLC:PersistentLevel' has LevelScriptBlueprint '/Game/2DSideScrollerBP/Maps/2DPuzzleLevelDLC.2DPuzzleLevelDLC:PersistentLevel.2DPuzzleLevelDLC' with GeneratedClass '/Game/2DSideScrollerBP/Maps/2DPuzzleLevelDLC.2DPuzzleLevelDLC_C' with ClassGeneratedBy '/Game/2DSideScrollerBP/Maps/2DPuzzleLevelDLC.2DPuzzleLevelDLC:PersistentLevel.2DPuzzleLevelDLC'
[2018.08.19-23.13.06:454][  3]LogBlueprintUserMessages: Early EndPlayMap Detection: Level '/Game/2DSideScrollerBP/Maps/2DPuzzleLevelDLC.2DPuzzleLevelDLC:PersistentLevel' has LevelScriptBlueprint '/Game/2DSideScrollerBP/Maps/2DPuzzleLevelDLC.2DPuzzleLevelDLC:PersistentLevel.2DPuzzleLevelDLC' with GeneratedClass '/Game/2DSideScrollerBP/Maps/2DPuzzleLevelDLC.2DPuzzleLevelDLC_C' with ClassGeneratedBy '/Game/2DSideScrollerBP/Maps/2DPuzzleLevelDLC.2DPuzzleLevelDLC:PersistentLevel.2DPuzzleLevelDLC'
[2018.08.19-23.13.06:490][  3]LogBlueprintUserMessages: Late EndPlayMap Detection: Level '/Game/2DSideScrollerBP/Maps/2DPuzzleLevelDLC.2DPuzzleLevelDLC:PersistentLevel' has LevelScriptBlueprint '/Game/2DSideScrollerBP/Maps/2DPuzzleLevelDLC.2DPuzzleLevelDLC:PersistentLevel.2DPuzzleLevelDLC' with GeneratedClass '/Game/2DSideScrollerBP/Maps/2DPuzzleLevelDLC.2DPuzzleLevelDLC_C' with ClassGeneratedBy '/Game/2DSideScrollerBP/Maps/2DPuzzleLevelDLC.2DPuzzleLevelDLC:PersistentLevel.2DPuzzleLevelDLC'
[2018.08.19-23.13.09:410][296]LogSlate: FSceneViewport::OnFocusLost() reason 0
[2018.08.19-23.13.12:771][572]LogSlate: FSceneViewport::OnFocusLost() reason 0
[2018.08.19-23.13.29:232][ 41]Cmd: EDIT COPY
[2018.08.19-23.13.29:838][ 86]Cmd: EDIT PASTE
[2018.08.19-23.13.31:581][244]LogEditorViewport: Clicking on Actor (LMB): BP_Spring_C (BP_Spring6)
[2018.08.19-23.13.40:192][994]LogEditorViewport: Clicking on Actor (LMB): BP_Spring_C (BP_Spring7)
[2018.08.19-23.13.46:718][592]Cmd: EDIT COPY
[2018.08.19-23.13.46:944][613]Cmd: EDIT PASTE
[2018.08.19-23.13.53:807][250]Cmd: EDIT COPY
[2018.08.19-23.13.54:039][272]Cmd: EDIT PASTE
[2018.08.19-23.14.21:735][794]LogEditorViewport: Clicking Background
[2018.08.19-23.15.08:575][656]LogEditorViewport: Clicking on Actor (LMB): BP_TrekBook_Ledge_C (BP_TrekBook_Ledge88)
[2018.08.19-23.15.11:316][868]Cmd: EDIT COPY
[2018.08.19-23.15.11:509][886]Cmd: EDIT PASTE
[2018.08.19-23.15.21:932][722]LogEditorViewport: Clicking on Actor (LMB): BP_TrekBook_Ledge_C (BP_TrekBook_Ledge133)
[2018.08.19-23.15.30:528][496]Cmd: EDIT COPY
[2018.08.19-23.15.31:028][546]Cmd: EDIT PASTE
[2018.08.19-23.16.02:741][475]LogSlate: FSceneViewport::OnFocusLost() reason 2
[2018.08.19-23.16.02:849][475]LogUObjectGlobals: Destroyed PersistentFrame Addr=0x000001ae6e2241d0, Size=72
[2018.08.19-23.16.02:849][475]LogUObjectGlobals: Created PersistentFrame Addr=0x000001ae953517b0, Size=72, Default__2DPuzzleLevelDLC_C Function /Engine/Transient.REINST_2DPuzzleLevelDLC_C_39:ExecuteUbergraph_2DPuzzleLevelDLC
[2018.08.19-23.16.02:851][475]LogUObjectGlobals: Created PersistentFrame Addr=0x000001ae95350e50, Size=72, Default__2DPuzzleLevelDLC_C Function /Game/2DSideScrollerBP/Maps/2DPuzzleLevelDLC.2DPuzzleLevelDLC_C:ExecuteUbergraph_2DPuzzleLevelDLC
[2018.08.19-23.16.03:098][475]LogSavePackage: Save=253.41ms
[2018.08.19-23.16.03:098][475]LogSavePackage: Moving '../../../../School/Unreal Project/TRR/VGDUNRL_TTR_ALPHA/Saved/2DPuzzleLevelDLC_Auto285CAD4F54C529E0AC7B7FB83802F1242.tmp' to '../../../../School/Unreal Project/TRR/VGDUNRL_TTR_ALPHA/Saved/Autosaves/Game/2DSideScrollerBP/Maps/2DPuzzleLevelDLC_Auto2.umap'
[2018.08.19-23.16.03:124][475]LogSavePackage: Display: Finished SavePackage ../../../../School/Unreal Project/TRR/VGDUNRL_TTR_ALPHA/Saved/Autosaves/Game/2DSideScrollerBP/Maps/2DPuzzleLevelDLC_Auto2.umap
[2018.08.19-23.16.03:127][475]LogFileHelpers: Editor autosave (incl. sublevels) for '/Game/2DSideScrollerBP/Maps/2DPuzzleLevelDLC' took 0.352
[2018.08.19-23.16.03:127][475]LogFileHelpers: Editor autosave (incl. sublevels) for all levels took 0.352
[2018.08.19-23.16.26:525][666]LogEditorViewport: Clicking on Actor (LMB): BP_Teleporter_2_C (BP_Teleporter_3)
[2018.08.19-23.16.30:904][ 56]LogSlate: FSceneViewport::OnFocusLost() reason 0
