Log file open, 08/15/18 14:12:37
LogWindows: Failed to load 'aqProf.dll' (GetLastError=126)
LogWindows: File 'aqProf.dll' does not exist
LogWindows: Failed to load 'VtuneApi.dll' (GetLastError=126)
LogWindows: File 'VtuneApi.dll' does not exist
LogWindows: Failed to load 'VtuneApi32e.dll' (GetLastError=126)
LogWindows: File 'VtuneApi32e.dll' does not exist
LogInit: Display: Running engine for game: VGDUNRL_TTR_ALPHA
LogPlatformFile: Not using cached read wrapper
LogInit: Display: RandInit(960743631) SRandInit(960743631).
LogInit: Read version file with build ID '3944462'
LogInit: Overriding engine version to CL 4033788, compatible CL 3944462
LogInit: Registered custom module enumerator with build ID '3944462'
LogTaskGraph: Started task graph with 5 named threads and 23 total threads with 3 sets of task threads.
LogStats: Stats thread started at 0.273225
LogD3D11RHI: Aftermath initialized
LogICUInternationalization: Display: ICU TimeZone Detection - Raw Offset: -5:00, Platform Override: ''
LogModuleManager: Display: Found up-to-date module file ../../../Engine/Plugins/2D/Paper2D/Binaries/Win64/UE4Editor-Paper2D.dll (API version 3944462).
LogModuleManager: Display: Found up-to-date module file ../../../Engine/Plugins/2D/Paper2D/Binaries/Win64/UE4Editor-Paper2DEditor.dll (API version 3944462).
LogModuleManager: Display: Found up-to-date module file ../../../Engine/Plugins/2D/Paper2D/Binaries/Win64/UE4Editor-PaperSpriteSheetImporter.dll (API version 3944462).
LogModuleManager: Display: Found up-to-date module file ../../../Engine/Plugins/2D/Paper2D/Binaries/Win64/UE4Editor-PaperTiledImporter.dll (API version 3944462).
LogModuleManager: Display: Found up-to-date module file ../../../Engine/Plugins/2D/Paper2D/Binaries/Win64/UE4Editor-SmartSnapping.dll (API version 3944462).
LogModuleManager: Display: Found up-to-date module file ../../../Engine/Plugins/Blendables/LightPropagationVolume/Binaries/Win64/UE4Editor-LightPropagationVolumeRuntime.dll (API version 3944462).
LogModuleManager: Display: Found up-to-date module file ../../../Engine/Plugins/Blendables/LightPropagationVolume/Binaries/Win64/UE4Editor-LightPropagationVolumeEditor.dll (API version 3944462).
LogModuleManager: Display: Found up-to-date module file ../../../Engine/Plugins/Developer/CLionSourceCodeAccess/Binaries/Win64/UE4Editor-CLionSourceCodeAccess.dll (API version 3944462).
LogModuleManager: Display: Found up-to-date module file ../../../Engine/Plugins/Developer/GitSourceControl/Binaries/Win64/UE4Editor-GitSourceControl.dll (API version 3944462).
LogModuleManager: Display: Found up-to-date module file ../../../Engine/Plugins/Developer/PerforceSourceControl/Binaries/Win64/UE4Editor-PerforceSourceControl.dll (API version 3944462).
LogModuleManager: Display: Found up-to-date module file ../../../Engine/Plugins/Developer/SubversionSourceControl/Binaries/Win64/UE4Editor-SubversionSourceControl.dll (API version 3944462).
LogModuleManager: Display: Found up-to-date module file ../../../Engine/Plugins/Developer/UObjectPlugin/Binaries/Win64/UE4Editor-UObjectPlugin.dll (API version 3944462).
LogModuleManager: Display: Found up-to-date module file ../../../Engine/Plugins/Developer/VisualStudioCodeSourceCodeAccess/Binaries/Win64/UE4Editor-VisualStudioCodeSourceCodeAccess.dll (API version 3944462).
LogModuleManager: Display: Found up-to-date module file ../../../Engine/Plugins/Developer/VisualStudioSourceCodeAccess/Binaries/Win64/UE4Editor-VisualStudioSourceCodeAccess.dll (API version 3944462).
LogModuleManager: Display: Found up-to-date module file ../../../Engine/Plugins/Editor/AssetManagerEditor/Binaries/Win64/UE4Editor-AssetManagerEditor.dll (API version 3944462).
LogModuleManager: Display: Found up-to-date module file ../../../Engine/Plugins/Editor/CryptoKeys/Binaries/Win64/UE4Editor-CryptoKeys.dll (API version 3944462).
LogModuleManager: Display: Found up-to-date module file ../../../Engine/Plugins/Editor/CryptoKeys/Binaries/Win64/UE4Editor-CryptoKeysOpenSSL.dll (API version 3944462).
LogModuleManager: Display: Found up-to-date module file ../../../Engine/Plugins/Editor/DataValidation/Binaries/Win64/UE4Editor-DataValidation.dll (API version 3944462).
LogModuleManager: Display: Found up-to-date module file ../../../Engine/Plugins/Editor/FacialAnimation/Binaries/Win64/UE4Editor-FacialAnimation.dll (API version 3944462).
LogModuleManager: Display: Found up-to-date module file ../../../Engine/Plugins/Editor/FacialAnimation/Binaries/Win64/UE4Editor-FacialAnimationEditor.dll (API version 3944462).
LogModuleManager: Display: Found up-to-date module file ../../../Engine/Plugins/Editor/GameplayTagsEditor/Binaries/Win64/UE4Editor-GameplayTagsEditor.dll (API version 3944462).
LogModuleManager: Display: Found up-to-date module file ../../../Engine/Plugins/Editor/MobileLauncherProfileWizard/Binaries/Win64/UE4Editor-MobileLauncherProfileWizard.dll (API version 3944462).
LogModuleManager: Display: Found up-to-date module file ../../../Engine/Plugins/Editor/PluginBrowser/Binaries/Win64/UE4Editor-PluginBrowser.dll (API version 3944462).
LogModuleManager: Display: Found up-to-date module file ../../../Engine/Plugins/Editor/SpeedTreeImporter/Binaries/Win64/UE4Editor-SpeedTreeImporter.dll (API version 3944462).
LogModuleManager: Display: Found up-to-date module file ../../../Engine/Plugins/Enterprise/DatasmithContent/Binaries/Win64/UE4Editor-DatasmithContent.dll (API version 3944462).
LogModuleManager: Display: Found up-to-date module file ../../../Engine/Plugins/Experimental/AlembicImporter/Binaries/Win64/UE4Editor-AlembicImporter.dll (API version 3944462).
LogModuleManager: Display: Found up-to-date module file ../../../Engine/Plugins/Experimental/AlembicImporter/Binaries/Win64/UE4Editor-AlembicLibrary.dll (API version 3944462).
LogModuleManager: Display: Found up-to-date module file ../../../Engine/Plugins/Experimental/CharacterAI/Binaries/Win64/UE4Editor-CharacterAI.dll (API version 3944462).
LogModuleManager: Display: Found up-to-date module file ../../../Engine/Plugins/Experimental/HTML5Networking/Binaries/Win64/UE4Editor-HTML5Networking.dll (API version 3944462).
LogModuleManager: Display: Found up-to-date module file ../../../Engine/Plugins/Media/AndroidMedia/Binaries/Win64/UE4Editor-AndroidMediaEditor.dll (API version 3944462).
LogModuleManager: Display: Found up-to-date module file ../../../Engine/Plugins/Media/AndroidMedia/Binaries/Win64/UE4Editor-AndroidMediaFactory.dll (API version 3944462).
LogModuleManager: Display: Found up-to-date module file ../../../Engine/Plugins/Media/AvfMedia/Binaries/Win64/UE4Editor-AvfMediaEditor.dll (API version 3944462).
LogModuleManager: Display: Found up-to-date module file ../../../Engine/Plugins/Media/AvfMedia/Binaries/Win64/UE4Editor-AvfMediaFactory.dll (API version 3944462).
LogModuleManager: Display: Found up-to-date module file ../../../Engine/Plugins/Media/AvfMedia/Binaries/Win64/UE4Editor-AvfMediaFactory.dll (API version 3944462).
LogModuleManager: Display: Found up-to-date module file ../../../Engine/Plugins/Media/ImgMedia/Binaries/Win64/UE4Editor-ImgMedia.dll (API version 3944462).
LogModuleManager: Display: Found up-to-date module file ../../../Engine/Plugins/Media/ImgMedia/Binaries/Win64/UE4Editor-ImgMediaEditor.dll (API version 3944462).
LogModuleManager: Display: Found up-to-date module file ../../../Engine/Plugins/Media/ImgMedia/Binaries/Win64/UE4Editor-ImgMediaFactory.dll (API version 3944462).
LogModuleManager: Display: Found up-to-date module file ../../../Engine/Plugins/Media/ImgMedia/Binaries/Win64/UE4Editor-ImgMediaFactory.dll (API version 3944462).
LogModuleManager: Display: Found up-to-date module file ../../../Engine/Plugins/Media/ImgMedia/Binaries/Win64/UE4Editor-OpenExrWrapper.dll (API version 3944462).
LogModuleManager: Display: Found up-to-date module file ../../../Engine/Plugins/Media/LinearTimecode/Binaries/Win64/UE4Editor-LinearTimecode.dll (API version 3944462).
LogModuleManager: Display: Found up-to-date module file ../../../Engine/Plugins/Media/MediaCompositing/Binaries/Win64/UE4Editor-MediaCompositing.dll (API version 3944462).
LogModuleManager: Display: Found up-to-date module file ../../../Engine/Plugins/Media/MediaCompositing/Binaries/Win64/UE4Editor-MediaCompositingEditor.dll (API version 3944462).
LogModuleManager: Display: Found up-to-date module file ../../../Engine/Plugins/Media/MediaPlayerEditor/Binaries/Win64/UE4Editor-MediaPlayerEditor.dll (API version 3944462).
LogModuleManager: Display: Found up-to-date module file ../../../Engine/Plugins/Media/WmfMedia/Binaries/Win64/UE4Editor-WmfMedia.dll (API version 3944462).
LogModuleManager: Display: Found up-to-date module file ../../../Engine/Plugins/Media/WmfMedia/Binaries/Win64/UE4Editor-WmfMediaEditor.dll (API version 3944462).
LogModuleManager: Display: Found up-to-date module file ../../../Engine/Plugins/Media/WmfMedia/Binaries/Win64/UE4Editor-WmfMediaFactory.dll (API version 3944462).
LogModuleManager: Display: Found up-to-date module file ../../../Engine/Plugins/Media/WmfMedia/Binaries/Win64/UE4Editor-WmfMediaFactory.dll (API version 3944462).
LogModuleManager: Display: Found up-to-date module file ../../../Engine/Plugins/Messaging/TcpMessaging/Binaries/Win64/UE4Editor-TcpMessaging.dll (API version 3944462).
LogModuleManager: Display: Found up-to-date module file ../../../Engine/Plugins/Messaging/UdpMessaging/Binaries/Win64/UE4Editor-UdpMessaging.dll (API version 3944462).
LogModuleManager: Display: Found up-to-date module file ../../../Engine/Plugins/MovieScene/ActorSequence/Binaries/Win64/UE4Editor-ActorSequence.dll (API version 3944462).
LogModuleManager: Display: Found up-to-date module file ../../../Engine/Plugins/MovieScene/LevelSequenceEditor/Binaries/Win64/UE4Editor-LevelSequenceEditor.dll (API version 3944462).
LogModuleManager: Display: Found up-to-date module file ../../../Engine/Plugins/MovieScene/MatineeToLevelSequence/Binaries/Win64/UE4Editor-MatineeToLevelSequence.dll (API version 3944462).
LogModuleManager: Display: Found up-to-date module file ../../../Engine/Plugins/NetcodeUnitTest/NetcodeUnitTest/Binaries/Win64/UE4Editor-NetcodeUnitTest.dll (API version 3944462).
LogModuleManager: Display: Found up-to-date module file ../../../Engine/Plugins/NetcodeUnitTest/NUTUnrealEngine4/Binaries/Win64/UE4Editor-NUTUnrealEngine4.dll (API version 3944462).
LogModuleManager: Display: Found up-to-date module file ../../../Engine/Plugins/Online/OnlineSubsystem/Binaries/Win64/UE4Editor-OnlineSubsystem.dll (API version 3944462).
LogModuleManager: Display: Found up-to-date module file ../../../Engine/Plugins/Runtime/AndroidPermission/Binaries/Win64/UE4Editor-AndroidPermission.dll (API version 3944462).
LogModuleManager: Display: Found up-to-date module file ../../../Engine/Plugins/Online/OnlineSubsystemNull/Binaries/Win64/UE4Editor-OnlineSubsystemNull.dll (API version 3944462).
LogModuleManager: Display: Found up-to-date module file ../../../Engine/Plugins/Online/OnlineSubsystemUtils/Binaries/Win64/UE4Editor-OnlineSubsystemUtils.dll (API version 3944462).
LogModuleManager: Display: Found up-to-date module file ../../../Engine/Plugins/Online/OnlineSubsystemUtils/Binaries/Win64/UE4Editor-OnlineBlueprintSupport.dll (API version 3944462).
LogModuleManager: Display: Found up-to-date module file ../../../Engine/Plugins/Runtime/AndroidDeviceProfileSelector/Binaries/Win64/UE4Editor-AndroidDeviceProfileSelector.dll (API version 3944462).
LogModuleManager: Display: Found up-to-date module file ../../../Engine/Plugins/Runtime/AppleARKit/Binaries/Win64/UE4Editor-AppleARKit.dll (API version 3944462).
LogModuleManager: Display: Found up-to-date module file ../../../Engine/Plugins/Runtime/ProceduralMeshComponent/Binaries/Win64/UE4Editor-ProceduralMeshComponent.dll (API version 3944462).
LogModuleManager: Display: Found up-to-date module file ../../../Engine/Plugins/Runtime/ProceduralMeshComponent/Binaries/Win64/UE4Editor-ProceduralMeshComponentEditor.dll (API version 3944462).
LogModuleManager: Display: Found up-to-date module file ../../../Engine/Plugins/Animation/LiveLink/Binaries/Win64/UE4Editor-LiveLink.dll (API version 3944462).
LogModuleManager: Display: Found up-to-date module file ../../../Engine/Plugins/Animation/LiveLink/Binaries/Win64/UE4Editor-LiveLinkEditor.dll (API version 3944462).
LogModuleManager: Display: Found up-to-date module file ../../../Engine/Plugins/Runtime/ArchVisCharacter/Binaries/Win64/UE4Editor-ArchVisCharacter.dll (API version 3944462).
LogModuleManager: Display: Found up-to-date module file ../../../Engine/Plugins/Runtime/AudioCapture/Binaries/Win64/UE4Editor-AudioCapture.dll (API version 3944462).
LogModuleManager: Display: Found up-to-date module file ../../../Engine/Plugins/Runtime/AudioCapture/Binaries/Win64/UE4Editor-AudioCaptureEditor.dll (API version 3944462).
LogModuleManager: Display: Found up-to-date module file ../../../Engine/Plugins/Runtime/CableComponent/Binaries/Win64/UE4Editor-CableComponent.dll (API version 3944462).
LogModuleManager: Display: Found up-to-date module file ../../../Engine/Plugins/Runtime/CustomMeshComponent/Binaries/Win64/UE4Editor-CustomMeshComponent.dll (API version 3944462).
LogModuleManager: Display: Found up-to-date module file ../../../Engine/Plugins/Runtime/ExampleDeviceProfileSelector/Binaries/Win64/UE4Editor-ExampleDeviceProfileSelector.dll (API version 3944462).
LogModuleManager: Display: Found up-to-date module file ../../../Engine/Plugins/Runtime/ImmediatePhysics/Binaries/Win64/UE4Editor-ImmediatePhysics.dll (API version 3944462).
LogModuleManager: Display: Found up-to-date module file ../../../Engine/Plugins/Runtime/ImmediatePhysics/Binaries/Win64/UE4Editor-ImmediatePhysicsEditor.dll (API version 3944462).
LogModuleManager: Display: Found up-to-date module file ../../../Engine/Plugins/Runtime/LocationServicesBPLibrary/Binaries/Win64/UE4Editor-LocationServicesBPLibrary.dll (API version 3944462).
LogModuleManager: Display: Found up-to-date module file ../../../Engine/Plugins/Runtime/MobilePatchingUtils/Binaries/Win64/UE4Editor-MobilePatchingUtils.dll (API version 3944462).
LogModuleManager: Display: Found up-to-date module file ../../../Engine/Plugins/Runtime/Oculus/OculusVR/Binaries/Win64/UE4Editor-OculusHMD.dll (API version 3944462).
LogModuleManager: Display: Found up-to-date module file ../../../Engine/Plugins/Runtime/Oculus/OculusVR/Binaries/Win64/UE4Editor-OculusInput.dll (API version 3944462).
LogModuleManager: Display: Found up-to-date module file ../../../Engine/Plugins/Runtime/Oculus/OculusVR/Binaries/Win64/UE4Editor-OculusEditor.dll (API version 3944462).
LogModuleManager: Display: Found up-to-date module file ../../../Engine/Plugins/Runtime/PhysXVehicles/Binaries/Win64/UE4Editor-PhysXVehicles.dll (API version 3944462).
LogModuleManager: Display: Found up-to-date module file ../../../Engine/Plugins/Runtime/PhysXVehicles/Binaries/Win64/UE4Editor-PhysXVehiclesEditor.dll (API version 3944462).
LogModuleManager: Display: Found up-to-date module file ../../../Engine/Plugins/Runtime/RuntimePhysXCooking/Binaries/Win64/UE4Editor-RuntimePhysXCooking.dll (API version 3944462).
LogModuleManager: Display: Found up-to-date module file ../../../Engine/Plugins/Runtime/Steam/SteamVR/Binaries/Win64/UE4Editor-SteamVR.dll (API version 3944462).
LogModuleManager: Display: Found up-to-date module file ../../../Engine/Plugins/Runtime/Steam/SteamVR/Binaries/Win64/UE4Editor-SteamVRController.dll (API version 3944462).
LogModuleManager: Display: Found up-to-date module file ../../../Engine/Plugins/Runtime/WindowsMoviePlayer/Binaries/Win64/UE4Editor-WindowsMoviePlayer.dll (API version 3944462).
LogPluginManager: Mounting plugin Paper2D
LogPluginManager: Mounting plugin LiveLink
LogPluginManager: Mounting plugin LightPropagationVolume
LogPluginManager: Mounting plugin CLionSourceCodeAccess
LogPluginManager: Mounting plugin CodeLiteSourceCodeAccess
LogPluginManager: Mounting plugin GitSourceControl
LogPluginManager: Mounting plugin KDevelopSourceCodeAccess
LogPluginManager: Mounting plugin NullSourceCodeAccess
LogPluginManager: Mounting plugin PerforceSourceControl
LogPluginManager: Mounting plugin SubversionSourceControl
LogPluginManager: Mounting plugin UObjectPlugin
LogPluginManager: Mounting plugin VisualStudioCodeSourceCodeAccess
LogPluginManager: Mounting plugin VisualStudioSourceCodeAccess
LogPluginManager: Mounting plugin XCodeSourceCodeAccess
LogPluginManager: Mounting plugin AssetManagerEditor
LogPluginManager: Mounting plugin CryptoKeys
LogPluginManager: Mounting plugin DataValidation
LogPluginManager: Mounting plugin FacialAnimation
LogPluginManager: Mounting plugin GameplayTagsEditor
LogPluginManager: Mounting plugin MobileLauncherProfileWizard
LogPluginManager: Mounting plugin PluginBrowser
LogPluginManager: Mounting plugin SpeedTreeImporter
LogPluginManager: Mounting plugin DatasmithContent
LogPluginManager: Mounting plugin AlembicImporter
LogPluginManager: Mounting plugin CharacterAI
LogPluginManager: Mounting plugin HTML5Networking
LogPluginManager: Mounting plugin AndroidMedia
LogPluginManager: Mounting plugin AvfMedia
LogPluginManager: Mounting plugin ImgMedia
LogPluginManager: Mounting plugin LinearTimecode
LogPluginManager: Mounting plugin MediaCompositing
LogPluginManager: Mounting plugin MediaPlayerEditor
LogPluginManager: Mounting plugin WmfMedia
LogPluginManager: Mounting plugin TcpMessaging
LogPluginManager: Mounting plugin UdpMessaging
LogPluginManager: Mounting plugin ActorSequence
LogPluginManager: Mounting plugin LevelSequenceEditor
LogPluginManager: Mounting plugin MatineeToLevelSequence
LogPluginManager: Mounting plugin NetcodeUnitTest
LogPluginManager: Mounting plugin NUTUnrealEngine4
LogPluginManager: Mounting plugin OnlineSubsystemGooglePlay
LogPluginManager: Mounting plugin OnlineSubsystemIOS
LogPluginManager: Mounting plugin OnlineSubsystem
LogPluginManager: Mounting plugin OnlineSubsystemNull
LogPluginManager: Mounting plugin OnlineSubsystemUtils
LogPluginManager: Mounting plugin AndroidDeviceProfileSelector
LogPluginManager: Mounting plugin AndroidMoviePlayer
LogPluginManager: Mounting plugin AndroidPermission
LogPluginManager: Mounting plugin AppleARKit
LogPluginManager: Mounting plugin AppleMoviePlayer
LogPluginManager: Mounting plugin ArchVisCharacter
LogPluginManager: Mounting plugin AudioCapture
LogPluginManager: Mounting plugin CableComponent
LogPluginManager: Mounting plugin CustomMeshComponent
LogPluginManager: Mounting plugin ExampleDeviceProfileSelector
LogPluginManager: Mounting plugin GoogleCloudMessaging
LogPluginManager: Mounting plugin ImmediatePhysics
LogPluginManager: Mounting plugin IOSDeviceProfileSelector
LogPluginManager: Mounting plugin LinuxDeviceProfileSelector
LogPluginManager: Mounting plugin LocationServicesBPLibrary
LogPluginManager: Mounting plugin MobilePatchingUtils
LogPluginManager: Mounting plugin OculusVR
LogPluginManager: Plugin shader directory ../../../Engine/Plugins/Runtime/Oculus/OculusVR/Shaders found
LogPluginManager: Mapping shader source directory ../../../Engine/Plugins/Runtime/Oculus/OculusVR/Shaders to virtual directory /Plugin/OculusVR
LogPluginManager: Mounting plugin PhysXVehicles
LogPluginManager: Mounting plugin ProceduralMeshComponent
LogPluginManager: Mounting plugin RuntimePhysXCooking
LogPluginManager: Mounting plugin SteamVR
LogPluginManager: Mounting plugin WindowsMoviePlayer
LogStreaming: Display: Took  0.757s to configure plugins.
LogInit: Using libcurl 7.47.1
LogInit:  - built for x86_64-pc-win32
LogInit:  - supports SSL with OpenSSL/1.0.2g
LogInit:  - supports HTTP deflate (compression) using libz 1.2.8
LogInit:  - other features:
LogInit:      CURL_VERSION_SSL
LogInit:      CURL_VERSION_LIBZ
LogInit:      CURL_VERSION_IPV6
LogInit:      CURL_VERSION_ASYNCHDNS
LogInit:      CURL_VERSION_LARGEFILE
LogInit:      CURL_VERSION_IDN
LogInit:  CurlRequestOptions (configurable via config and command line):
LogInit:  - bVerifyPeer = false  - Libcurl will NOT verify peer certificate
LogInit:  - bUseHttpProxy = false  - Libcurl will NOT use HTTP proxy
LogInit:  - bDontReuseConnections = false  - Libcurl will reuse connections
LogInit:  - CertBundlePath = nullptr  - Libcurl will use whatever was configured at build time.
LogInit:  - MaxHostConnections = 16  - Libcurl will limit the number of connections to a host
LogInit:  - LocalHostAddr = Default
LogInit: WinSock: version 1.1 (2.2), MaxSocks=32767, MaxUdp=65467
LogInit: WinSock: I am DESKTOP-KBJ6S3T (10.4.107.15:0)
LogInit: Build: ++UE4+Release-4.19-CL-4033788
LogInit: Engine Version: 4.19.2-4033788+++UE4+Release-4.19
LogInit: Compatible Engine Version: 4.19.0-3944462+++UE4+Release-4.19
LogInit: Net CL: 3944462
LogDevObjectVersion: Number of dev versions registered: 18
LogDevObjectVersion:   Dev-Blueprints (B0D832E4-1F89-4F0D-ACCF-7EB736FD4AA2): 10
LogDevObjectVersion:   Dev-Build (E1C64328-A22C-4D53-A36C-8E866417BD8C): 0
LogDevObjectVersion:   Dev-Core (375EC13C-06E4-48FB-B500-84F0262A717E): 2
LogDevObjectVersion:   Dev-Editor (E4B068ED-F494-42E9-A231-DA0B2E46BB41): 23
LogDevObjectVersion:   Dev-Framework (CFFC743F-43B0-4480-9391-14DF171D2073): 33
LogDevObjectVersion:   Dev-Mobile (B02B49B5-BB20-44E9-A304-32B752E40360): 2
LogDevObjectVersion:   Dev-Networking (A4E4105C-59A1-49B5-A7C5-40C4547EDFEE): 0
LogDevObjectVersion:   Dev-Online (39C831C9-5AE6-47DC-9A44-9C173E1C8E7C): 0
LogDevObjectVersion:   Dev-Physics (78F01B33-EBEA-4F98-B9B4-84EACCB95AA2): 0
LogDevObjectVersion:   Dev-Platform (6631380F-2D4D-43E0-8009-CF276956A95A): 0
LogDevObjectVersion:   Dev-Rendering (12F88B9F-8875-4AFC-A67C-D90C383ABD29): 25
LogDevObjectVersion:   Dev-Sequencer (7B5AE74C-D270-4C10-A958-57980B212A5A): 6
LogDevObjectVersion:   Dev-VR (D7296918-1DD6-4BDD-9DE2-64A83CC13884): 1
LogDevObjectVersion:   Dev-LoadTimes (C2A15278-BFE7-4AFE-6C17-90FF531DF755): 1
LogDevObjectVersion:   Private-Geometry (6EACA3D4-40EC-4CC1-B786-8BED09428FC5): 2
LogDevObjectVersion:   Dev-AnimPhys (29E575DD-E0A3-4627-9D10-D276232CDCEA): 16
LogDevObjectVersion:   Dev-ReflectionCapture (6B266CEC-1EC7-4B8F-A30B-E4D90942FC07): 1
LogDevObjectVersion:   Dev-Automation (0DF73D61-A23F-47EA-B727-89E90C41499A): 1
LogInit: Compiled (64-bit): Apr 27 2018 02:06:57
LogInit: Compiled with Visual C++: 19.00.24215.01
LogInit: Build Configuration: Development
LogInit: Branch Name: ++UE4+Release-4.19
LogInit: Command Line: -EpicPortal 
LogInit: Base Directory: D:/UE_4.19/Engine/Binaries/Win64/
LogInit: Installed Engine Build: 1
LogStreaming: Display: Took  0.001s to delete old logs.
LogInit: Presizing for max 8388607 objects, including 0 objects not considered by GC, pre-allocating 0 bytes for permanent pool.
LogInit: Object subsystem initialized
[2018.08.15-18.12.38:722][  0]LogInit: Selected Device Profile: [Windows]
[2018.08.15-18.12.38:722][  0]LogInit: Applying CVar settings loaded from the selected device profile: [Windows]
[2018.08.15-18.12.38:784][  0]LogInit: Computer: DESKTOP-KBJ6S3T
[2018.08.15-18.12.38:784][  0]LogInit: User: Sunne
[2018.08.15-18.12.38:784][  0]LogInit: CPU Page size=4096, Cores=4
[2018.08.15-18.12.38:784][  0]LogInit: High frequency timer resolution =2.742190 MHz
[2018.08.15-18.12.38:785][  0]LogMemory: Memory total: Physical=15.9GB (16GB approx)
[2018.08.15-18.12.38:785][  0]LogMemory: Platform Memory Stats for Windows
[2018.08.15-18.12.38:785][  0]LogMemory: Process Physical Memory: 276.09 MB used, 276.09 MB peak
[2018.08.15-18.12.38:786][  0]LogMemory: Process Virtual Memory: 276.89 MB used, 276.89 MB peak
[2018.08.15-18.12.38:786][  0]LogMemory: Physical Memory: 7246.95 MB used,  9010.07 MB free, 16257.03 MB total
[2018.08.15-18.12.38:786][  0]LogMemory: Virtual Memory: 4807.36 MB used,  9010.07 MB free, 134217728.00 MB total
[2018.08.15-18.12.39:162][  0]LogInit: Using OS detected language (en-US).
[2018.08.15-18.12.39:162][  0]LogInit: Using OS detected locale (en-CA).
[2018.08.15-18.12.39:165][  0]LogTextLocalizationManager: No specific localization for 'en-US' exists, so the 'en' localization will be used.
[2018.08.15-18.12.39:567][  0]LogStreaming: Display: Took  0.405s to EndInitTextLocalization.
[2018.08.15-18.12.39:567][  0]LogInit: Setting process to per monitor DPI aware
[2018.08.15-18.12.39:615][  0]LogSlate: New Slate User Created.  User Index 0, Is Virtual User: 0
[2018.08.15-18.12.39:615][  0]LogSlate: Slate User Registered.  User Index 0, Is Virtual User: 0
[2018.08.15-18.12.39:800][  0]LogD3D11RHI: D3D11 adapters:
[2018.08.15-18.12.39:856][  0]LogD3D11RHI:    0. 'NVIDIA GeForce GTX 1070' (Feature Level 11_0)
[2018.08.15-18.12.39:856][  0]LogD3D11RHI:       8081/0/8128 MB DedicatedVideo/DedicatedSystem/SharedSystem, Outputs:1, VendorId:0x10de
[2018.08.15-18.12.39:880][  0]LogD3D11RHI:    1. 'Intel(R) HD Graphics 630' (Feature Level 11_0)
[2018.08.15-18.12.39:880][  0]LogD3D11RHI:       128/0/8128 MB DedicatedVideo/DedicatedSystem/SharedSystem, Outputs:0, VendorId:0x8086
[2018.08.15-18.12.39:882][  0]LogD3D11RHI:    2. 'Microsoft Basic Render Driver' (Feature Level 11_0)
[2018.08.15-18.12.39:882][  0]LogD3D11RHI:       0/0/8128 MB DedicatedVideo/DedicatedSystem/SharedSystem, Outputs:0, VendorId:0x1414
[2018.08.15-18.12.39:882][  0]LogD3D11RHI: Chosen D3D11 Adapter: 0
[2018.08.15-18.12.39:889][  0]LogD3D11RHI: Creating new Direct3DDevice
[2018.08.15-18.12.39:889][  0]LogD3D11RHI:     GPU DeviceId: 0x1be1 (for the marketing name, search the web for "GPU Device Id")
[2018.08.15-18.12.39:889][  0]LogWindows: EnumDisplayDevices:
[2018.08.15-18.12.39:889][  0]LogWindows:    0. 'NVIDIA GeForce GTX 1070' (P:1 D:1)
[2018.08.15-18.12.39:889][  0]LogWindows:    1. 'NVIDIA GeForce GTX 1070' (P:0 D:0)
[2018.08.15-18.12.39:889][  0]LogWindows:    2. 'NVIDIA GeForce GTX 1070' (P:0 D:0)
[2018.08.15-18.12.39:889][  0]LogWindows:    3. 'NVIDIA GeForce GTX 1070' (P:0 D:0)
[2018.08.15-18.12.39:890][  0]LogWindows:    4. 'Intel(R) HD Graphics 630' (P:0 D:0)
[2018.08.15-18.12.39:890][  0]LogWindows:    5. 'Intel(R) HD Graphics 630' (P:0 D:0)
[2018.08.15-18.12.39:891][  0]LogWindows:    6. 'Intel(R) HD Graphics 630' (P:0 D:0)
[2018.08.15-18.12.39:891][  0]LogWindows: DebugString: GetVideoDriverDetailsInvalid PrimaryIsNotTheChoosenAdapter GetVideoDriverDetailsInvalid PrimaryIsNotTheChoosenAdapter GetVideoDriverDetailsInvalid PrimaryIsNotTheChoosenAdapter GetVideoDriverDetailsInvalid PrimaryIsNotTheChoosenAdapter GetVideoDriverDetailsInvalid PrimaryIsNotTheChoosenAdapter GetVideoDriverDetailsInvalid PrimaryIsNotTheChoosenAdapter GetVideoDriverDetailsInvalid PrimaryIsNotTheChoosenAdapter FoundDriverCount:0 
[2018.08.15-18.12.39:891][  0]LogD3D11RHI:     Adapter Name: NVIDIA GeForce GTX 1070
[2018.08.15-18.12.39:891][  0]LogD3D11RHI:   Driver Version: Unknown (internal:Unknown, unified:Unknown)
[2018.08.15-18.12.39:891][  0]LogD3D11RHI:      Driver Date: Unknown
[2018.08.15-18.12.39:891][  0]LogRHI: Texture pool is 5656 MB (70% of 8081 MB)
[2018.08.15-18.12.39:929][  0]LogD3D11RHI: [Aftermath] Aftermath enabled and primed
[2018.08.15-18.12.39:929][  0]LogD3D11RHI: [Aftermath] Aftermath enabled and primed
[2018.08.15-18.12.39:929][  0]LogD3D11RHI: Async texture creation enabled
[2018.08.15-18.12.40:144][  0]LogD3D11RHI: GPU Timing Frequency: 1000.000000 (Debug: 2 2)
[2018.08.15-18.12.40:190][  0]LogShaderCompilers: Guid format shader working directory is -21 characters bigger than the processId version (../../../../GameDev/UnrealProject/TREKTHERAINBOW/VGDUNRL_TTR_ALPHA/Intermediate/Shaders/WorkingDirectory/13680/).
[2018.08.15-18.12.40:190][  0]LogShaderCompilers: Cleaned the shader compiler working directory 'C:/Users/Sunne/AppData/Local/Temp/UnrealShaderWorkingDir/FE05551F46FEAE0F1DC2DC9BD6078914/'.
[2018.08.15-18.12.40:426][  0]LogTemp: Display: Loaded TP AllDesktopTargetPlatform
[2018.08.15-18.12.40:440][  0]LogTemp: Display: Loaded TP MacClientTargetPlatform
[2018.08.15-18.12.40:454][  0]LogTemp: Display: Loaded TP MacNoEditorTargetPlatform
[2018.08.15-18.12.40:467][  0]LogTemp: Display: Loaded TP MacServerTargetPlatform
[2018.08.15-18.12.40:480][  0]LogTemp: Display: Loaded TP MacTargetPlatform
[2018.08.15-18.12.40:493][  0]LogTemp: Display: Loaded TP WindowsClientTargetPlatform
[2018.08.15-18.12.40:506][  0]LogTemp: Display: Loaded TP WindowsNoEditorTargetPlatform
[2018.08.15-18.12.40:519][  0]LogTemp: Display: Loaded TP WindowsServerTargetPlatform
[2018.08.15-18.12.40:525][  0]LogTemp: Display: Loaded TP WindowsTargetPlatform
[2018.08.15-18.12.40:537][  0]LogTemp: Display: Loaded TP Android_ASTCTargetPlatform
[2018.08.15-18.12.40:549][  0]LogTemp: Display: Loaded TP Android_ATCTargetPlatform
[2018.08.15-18.12.40:561][  0]LogTemp: Display: Loaded TP Android_DXTTargetPlatform
[2018.08.15-18.12.40:573][  0]LogTemp: Display: Loaded TP Android_ETC1aTargetPlatform
[2018.08.15-18.12.40:584][  0]LogTemp: Display: Loaded TP Android_ETC1TargetPlatform
[2018.08.15-18.12.40:597][  0]LogTemp: Display: Loaded TP Android_ETC2TargetPlatform
[2018.08.15-18.12.40:623][  0]LogTemp: Display: Loaded TP Android_MultiTargetPlatform
[2018.08.15-18.12.40:623][  0]LogTemp: Display: Loaded TP Android_PVRTCTargetPlatform
[2018.08.15-18.12.40:635][  0]LogTemp: Display: Loaded TP AndroidTargetPlatform
[2018.08.15-18.12.40:636][  0]LogTemp: Display: Loaded TP HTML5TargetPlatform
[2018.08.15-18.12.40:675][  0]LogTemp: Display: Loaded TP IOSTargetPlatform
[2018.08.15-18.12.40:687][  0]LogTemp: Display: Loaded TP TVOSTargetPlatform
[2018.08.15-18.12.40:698][  0]LogTemp: Display: Loaded TP LinuxClientTargetPlatform
[2018.08.15-18.12.40:710][  0]LogTemp: Display: Loaded TP LinuxNoEditorTargetPlatform
[2018.08.15-18.12.40:723][  0]LogTemp: Display: Loaded TP LinuxServerTargetPlatform
[2018.08.15-18.12.40:736][  0]LogTemp: Display: Loaded TP LinuxTargetPlatform
[2018.08.15-18.12.40:736][  0]LogTargetPlatformManager: Display: Building Assets For Windows
[2018.08.15-18.12.40:892][  0]LogXGEController: Cannot use XGE Controller as Incredibuild is not installed on this machine.
[2018.08.15-18.12.40:893][  0]LogShaderCompilers: Cannot use XGE Shader Compiler as Incredibuild is not installed on this machine.
[2018.08.15-18.12.40:893][  0]LogShaderCompilers: Display: Using Local Shader Compiler.
[2018.08.15-18.12.41:543][  0]LogDerivedDataCache: Display: Max Cache Size: 512 MB
[2018.08.15-18.12.41:611][  0]LogDerivedDataCache: Loaded boot cache 0.07s 74MB C:/Users/Sunne/AppData/Local/UnrealEngine/4.19/DerivedDataCache/Boot.ddc.
[2018.08.15-18.12.41:611][  0]LogDerivedDataCache: Display: Loaded Boot cache: C:/Users/Sunne/AppData/Local/UnrealEngine/4.19/DerivedDataCache/Boot.ddc
[2018.08.15-18.12.41:611][  0]LogDerivedDataCache: FDerivedDataBackendGraph:  Pak pak cache file ../../../../GameDev/UnrealProject/TREKTHERAINBOW/VGDUNRL_TTR_ALPHA/DerivedDataCache/DDC.ddp not found, will not use a pak cache.
[2018.08.15-18.12.41:611][  0]LogDerivedDataCache: Unable to find inner node Pak for hierarchical cache Hierarchy.
[2018.08.15-18.12.41:611][  0]LogDerivedDataCache: FDerivedDataBackendGraph:  CompressedPak pak cache file ../../../../GameDev/UnrealProject/TREKTHERAINBOW/VGDUNRL_TTR_ALPHA/DerivedDataCache/Compressed.ddp not found, will not use a pak cache.
[2018.08.15-18.12.41:611][  0]LogDerivedDataCache: Unable to find inner node CompressedPak for hierarchical cache Hierarchy.
[2018.08.15-18.12.41:626][  0]LogDerivedDataCache: Display: Pak cache opened for reading ../../../Engine/DerivedDataCache/Compressed.ddp.
[2018.08.15-18.12.41:639][  0]LogDerivedDataCache: Using Local data cache path C:/Users/Sunne/AppData/Local/UnrealEngine/Common/DerivedDataCache: Writable
[2018.08.15-18.12.41:639][  0]LogDerivedDataCache: Shared data cache path not found in *engine.ini, will not use an Shared cache.
[2018.08.15-18.12.41:639][  0]LogDerivedDataCache: Unable to find inner node Shared for hierarchical cache Hierarchy.
[2018.08.15-18.12.41:650][  0]LogMaterial: Verifying Global Shaders for PCD3D_SM5
[2018.08.15-18.12.41:651][  0]LogSlate: Using Freetype 2.6.0
[2018.08.15-18.12.41:652][  0]LogSlate: SlateFontCache - WITH_FREETYPE: 1, WITH_HARFBUZZ: 1
[2018.08.15-18.12.41:652][  0]LogSlate: SlateFontCache - WITH_FREETYPE: 1, WITH_HARFBUZZ: 1
[2018.08.15-18.12.41:756][  0]LogAssetRegistry: FAssetRegistry took 0.0263 seconds to start up
[2018.08.15-18.12.42:114][  0]LogInit: Selected Device Profile: [Windows]
[2018.08.15-18.12.42:255][  0]LogSimplygon: Simplygon DLL not present - disabling.
[2018.08.15-18.12.42:258][  0]LogMeshReduction: Using SimplygonSwarm for distributed automatic mesh merging
[2018.08.15-18.12.42:258][  0]LogMeshReduction: Using QuadricMeshReduction for automatic static mesh reduction
[2018.08.15-18.12.42:258][  0]LogMeshReduction: No automatic skeletal mesh reduction module available
[2018.08.15-18.12.42:258][  0]LogMeshReduction: No automatic mesh merging module available
[2018.08.15-18.12.42:258][  0]LogMeshMerging: No automatic mesh merging module available
[2018.08.15-18.12.42:287][  0]LogNetVersion: VGDUNRL_TTR_ALPHA , NetCL: 3944462, EngineNetVer: 2, GameNetVer: 0 (Checksum: 625581311)
[2018.08.15-18.12.42:721][  0]LogPackageLocalizationCache: Processed 9 localized package path(s) for 2 prioritized culture(s) in 0.074036 seconds
[2018.08.15-18.12.42:726][  0]LogUObjectArray: 36728 objects as part of root set at end of initial load.
[2018.08.15-18.12.42:726][  0]LogUObjectAllocator: 7314312 out of 0 bytes used by permanent object pool.
[2018.08.15-18.12.42:726][  0]LogUObjectArray: CloseDisregardForGC: 0/0 objects in disregard for GC pool
[2018.08.15-18.12.44:241][  0]LogTcpMessaging: Initializing TcpMessaging bridge
[2018.08.15-18.12.44:266][  0]LogUdpMessaging: Initializing bridge on interface 0.0.0.0:0 to multicast group 230.0.0.1:6666.
[2018.08.15-18.12.44:547][  0]SourceControl: Source control is disabled
[2018.08.15-18.12.44:547][  0]SourceControl: Source control is disabled
[2018.08.15-18.12.44:560][  0]SourceControl: Source control is disabled
[2018.08.15-18.12.44:573][  0]SourceControl: Source control is disabled
[2018.08.15-18.12.44:953][  0]LogAndroidPermission: UAndroidPermissionCallbackProxy::GetInstance
[2018.08.15-18.12.45:086][  0]LogOcInput: OculusInput pre-init called
[2018.08.15-18.12.45:179][  0]LogEngine: Initializing Engine...
[2018.08.15-18.12.45:180][  0]LogHMD: Failed to initialize OpenVR with code 110
[2018.08.15-18.12.45:182][  0]LogStats: UGameplayTagsManager::ConstructGameplayTagTree: Construct from data asset -  0.000 s
[2018.08.15-18.12.45:182][  0]LogStats: UGameplayTagsManager::ConstructGameplayTagTree: GameplayTagTreeChangedEvent.Broadcast -  0.000 s
[2018.08.15-18.12.45:413][  0]LogAIModule: Creating AISystem for world Untitled
[2018.08.15-18.12.45:425][  0]LogInit: XAudio2 using 'Speakers / Headphones (Realtek Audio)' : 6 channels at 48 kHz using 16 bits per sample (channel mask 0x3f)
[2018.08.15-18.12.45:437][  0]LogInit: FAudioDevice initialized.
[2018.08.15-18.12.45:522][  0]LogDerivedDataCache: Saved boot cache 0.08s 74MB C:/Users/Sunne/AppData/Local/UnrealEngine/4.19/DerivedDataCache/Boot.ddc.
[2018.08.15-18.12.45:541][  0]LogInit: Texture streaming: Enabled
[2018.08.15-18.12.45:554][  0]LogEngineSessionManager: EngineSessionManager initialized
[2018.08.15-18.12.45:568][  0]LogInit: Transaction tracking system initialized
[2018.08.15-18.12.45:585][  0]BlueprintLog: New page: Editor Load
[2018.08.15-18.12.45:645][  0]LocalizationService: Localization service is disabled
[2018.08.15-18.12.45:767][  0]LogConsoleResponse: Display: 
[2018.08.15-18.12.45:961][  0]LogCook: Display: Max memory allowance for cook 16384mb min free memory 0mb
[2018.08.15-18.12.45:961][  0]LogCook: Display: Mobile HDR setting 1
[2018.08.15-18.12.45:961][  0]LogGameplayTags: Display: UGameplayTagsManager::DoneAddingNativeTags. DelegateIsBound: 0
[2018.08.15-18.12.45:961][  0]LogStats: UGameplayTagsManager::ConstructGameplayTagTree: Construct from data asset -  0.000 s
[2018.08.15-18.12.45:961][  0]LogStats: UGameplayTagsManager::ConstructGameplayTagTree: GameplayTagTreeChangedEvent.Broadcast -  0.000 s
[2018.08.15-18.12.46:256][  0]LogFileCache: Scanning file cache for directory 'D:/GameDev/UnrealProject/TREKTHERAINBOW/VGDUNRL_TTR_ALPHA/Content/' took 0.02s
[2018.08.15-18.12.46:256][  0]SourceControl: Source control is disabled
[2018.08.15-18.12.46:256][  0]Cmd: MAP LOAD FILE="../../../../GameDev/UnrealProject/TREKTHERAINBOW/VGDUNRL_TTR_ALPHA/Content/2DSideScrollerBP/Maps/MainMenu.umap" TEMPLATE=0 SHOWPROGRESS=1 FEATURELEVEL=3
[2018.08.15-18.12.46:261][  0]LightingResults: New page: Lighting Build
[2018.08.15-18.12.46:263][  0]MapCheck: New page: Map Check
[2018.08.15-18.12.46:263][  0]LightingResults: New page: Lighting Build
[2018.08.15-18.12.46:276][  0]LogLinker: Warning: Can't find file '/Game/2DSideScrollerBP/Maps/MainMenu_BuiltData'
[2018.08.15-18.12.46:277][  0]LogLinker: Warning: Can't find file for asset '/Game/2DSideScrollerBP/Maps/MainMenu_BuiltData' while loading ../../../../GameDev/UnrealProject/TREKTHERAINBOW/VGDUNRL_TTR_ALPHA/Content/2DSideScrollerBP/Maps/MainMenu.umap.
[2018.08.15-18.12.46:283][  0]LoadErrors: Error: /Game/2DSideScrollerBP/Maps/MainMenu : Can't find file for asset. /Game/2DSideScrollerBP/Maps/MainMenu_BuiltData
[2018.08.15-18.12.46:473][  0]LogUObjectGlobals: Created PersistentFrame Addr=0x0000029a086790c0, Size=400, Default__2DSideScrollerCharacter_C Function /Game/2DSideScrollerBP/Blueprints/2DSideScrollerCharacter.2DSideScrollerCharacter_C:ExecuteUbergraph_2DSideScrollerCharacter
[2018.08.15-18.12.46:474][  0]LogUObjectGlobals: Created PersistentFrame Addr=0x0000029a013a2ec0, Size=48, Default__2DSideScrollerGameMode_C Function /Game/2DSideScrollerBP/Blueprints/2DSideScrollerGameMode.2DSideScrollerGameMode_C:ExecuteUbergraph_2DSideScrollerGameMode
[2018.08.15-18.12.46:493][  0]LogUObjectGlobals: Created PersistentFrame Addr=0x0000029a0560de00, Size=120, Default__GameUI_C Function /Game/2DSideScrollerBP/Blueprints/GameUI.GameUI_C:ExecuteUbergraph_GameUI
[2018.08.15-18.12.46:754][  0]LogUObjectGlobals: Created PersistentFrame Addr=0x0000029a01742f90, Size=16, Default__GameHUD_C Function /Game/2DSideScrollerBP/Blueprints/GameHUD.GameHUD_C:ExecuteUbergraph_GameHUD
[2018.08.15-18.12.47:207][  0]LogUObjectGlobals: Destroyed PersistentFrame Addr=0x0000029a01742f90, Size=16
[2018.08.15-18.12.47:207][  0]LogUObjectGlobals: Created PersistentFrame Addr=0x0000029a01c35380, Size=16, Default__GameHUD_C Function /Engine/Transient.REINST_GameHUD_C_4:ExecuteUbergraph_GameHUD
[2018.08.15-18.12.47:208][  0]LogUObjectGlobals: Destroyed PersistentFrame Addr=0x0000029a013a2ec0, Size=48
[2018.08.15-18.12.47:208][  0]LogUObjectGlobals: Created PersistentFrame Addr=0x0000029a013a2ec0, Size=48, Default__2DSideScrollerGameMode_C Function /Engine/Transient.REINST_2DSideScrollerGameMode_C_5:ExecuteUbergraph_2DSideScrollerGameMode
[2018.08.15-18.12.47:208][  0]LogUObjectGlobals: Destroyed PersistentFrame Addr=0x0000029a0560de00, Size=120
[2018.08.15-18.12.47:208][  0]LogUObjectGlobals: Created PersistentFrame Addr=0x0000029a6d8f7300, Size=120, Default__GameUI_C Function /Engine/Transient.REINST_GameUI_C_0:ExecuteUbergraph_GameUI
[2018.08.15-18.12.47:209][  0]LogUObjectGlobals: Destroyed PersistentFrame Addr=0x0000029a086790c0, Size=400
[2018.08.15-18.12.47:209][  0]LogUObjectGlobals: Created PersistentFrame Addr=0x0000029a05e3f580, Size=400, Default__2DSideScrollerCharacter_C Function /Engine/Transient.REINST_2DSideScrollerCharacter_C_6:ExecuteUbergraph_2DSideScrollerCharacter
[2018.08.15-18.12.47:221][  0]LogUObjectGlobals: Created PersistentFrame Addr=0x0000029a62108dc0, Size=48, Default__2DSideScrollerGameMode_C Function /Game/2DSideScrollerBP/Blueprints/2DSideScrollerGameMode.2DSideScrollerGameMode_C:ExecuteUbergraph_2DSideScrollerGameMode
[2018.08.15-18.12.47:223][  0]LogUObjectGlobals: Created PersistentFrame Addr=0x0000029a6d8f5800, Size=120, Default__GameUI_C Function /Game/2DSideScrollerBP/Blueprints/GameUI.GameUI_C:ExecuteUbergraph_GameUI
[2018.08.15-18.12.47:225][  0]LogUObjectGlobals: Created PersistentFrame Addr=0x0000029a05d4bac0, Size=400, Default__2DSideScrollerCharacter_C Function /Game/2DSideScrollerBP/Blueprints/2DSideScrollerCharacter.2DSideScrollerCharacter_C:ExecuteUbergraph_2DSideScrollerCharacter
[2018.08.15-18.12.47:288][  0]LogUObjectGlobals: Created PersistentFrame Addr=0x0000029a05e22150, Size=16, Default__UI_Menu_C Function /Game/2DSideScrollerBP/Blueprints/UI_Menu.UI_Menu_C:ExecuteUbergraph_UI_Menu
[2018.08.15-18.12.47:304][  0]LogUObjectGlobals: Destroyed PersistentFrame Addr=0x0000029a05e22150, Size=16
[2018.08.15-18.12.47:304][  0]LogUObjectGlobals: Created PersistentFrame Addr=0x0000029a05e22150, Size=16, Default__UI_Menu_C Function /Engine/Transient.REINST_UI_Menu_C_1:ExecuteUbergraph_UI_Menu
[2018.08.15-18.12.47:306][  0]LogUObjectGlobals: Created PersistentFrame Addr=0x0000029a05e22160, Size=16, Default__UI_Menu_C Function /Game/2DSideScrollerBP/Blueprints/UI_Menu.UI_Menu_C:ExecuteUbergraph_UI_Menu
[2018.08.15-18.12.47:307][  0]LogLinker: Warning: Can't find file '/Game/2DSideScrollerBP/Maps/MainMenu_BuiltData'
[2018.08.15-18.12.47:307][  0]LogLinker: Warning: Can't find file for asset '/Game/2DSideScrollerBP/Maps/MainMenu_BuiltData' while loading ../../../../GameDev/UnrealProject/TREKTHERAINBOW/VGDUNRL_TTR_ALPHA/Content/2DSideScrollerBP/Maps/MainMenu.umap.
[2018.08.15-18.12.47:307][  0]LoadErrors: Error: /Game/2DSideScrollerBP/Maps/MainMenu : Can't find file for asset. /Game/2DSideScrollerBP/Maps/MainMenu_BuiltData
[2018.08.15-18.12.47:308][  0]LogUObjectGlobals: Created PersistentFrame Addr=0x0000029a05e06bc0, Size=24, Default__MainMenu_C Function /Game/2DSideScrollerBP/Maps/MainMenu.MainMenu_C:ExecuteUbergraph_MainMenu
[2018.08.15-18.12.47:308][  0]LogLinker: Warning: Can't find file '/Game/2DSideScrollerBP/Maps/MainMenu_BuiltData'
[2018.08.15-18.12.47:308][  0]LogLinker: Warning: Can't find file for asset '/Game/2DSideScrollerBP/Maps/MainMenu_BuiltData' while loading NULL.
[2018.08.15-18.12.47:308][  0]LogLinker: Warning: Can't find file '/Game/2DSideScrollerBP/Maps/MainMenu_BuiltData'
[2018.08.15-18.12.47:309][  0]LogLinker: Warning: Can't find file for asset '/Game/2DSideScrollerBP/Maps/MainMenu_BuiltData' while loading NULL.
[2018.08.15-18.12.47:310][  0]LogUObjectGlobals: Destroyed PersistentFrame Addr=0x0000029a05e06bc0, Size=24
[2018.08.15-18.12.47:310][  0]LogUObjectGlobals: Created PersistentFrame Addr=0x0000029a05e06bc0, Size=24, Default__MainMenu_C Function /Engine/Transient.REINST_MainMenu_C_13:ExecuteUbergraph_MainMenu
[2018.08.15-18.12.47:311][  0]LogUObjectGlobals: Created PersistentFrame Addr=0x0000029a05e06800, Size=24, Default__MainMenu_C Function /Game/2DSideScrollerBP/Maps/MainMenu.MainMenu_C:ExecuteUbergraph_MainMenu
[2018.08.15-18.12.47:313][  0]LogLinker: Warning: Can't find file '/Game/2DSideScrollerBP/Maps/MainMenu_BuiltData'
[2018.08.15-18.12.47:314][  0]LoadErrors: Failed to load /Game/2DSideScrollerBP/Maps/MainMenu_BuiltData.MainMenu_BuiltData Referenced by PersistentLevel
[2018.08.15-18.12.47:314][  0]LogLinker: Warning: Can't find file for asset '/Game/2DSideScrollerBP/Maps/MainMenu_BuiltData' while loading NULL.
[2018.08.15-18.12.47:314][  0]LoadErrors: Failed to load /Game/2DSideScrollerBP/Maps/MainMenu_BuiltData.MainMenu_BuiltData Referenced by PersistentLevel
[2018.08.15-18.12.47:442][  0]LogAIModule: Creating AISystem for world MainMenu
[2018.08.15-18.12.47:443][  0]LogEditorServer: Finished looking for orphan Actors (0.000 secs)
[2018.08.15-18.12.47:460][  0]LogUObjectGlobals: Destroyed PersistentFrame Addr=0x0000029a05e3f580, Size=400
[2018.08.15-18.12.47:460][  0]LogUObjectGlobals: Destroyed PersistentFrame Addr=0x0000029a013a2ec0, Size=48
[2018.08.15-18.12.47:460][  0]LogUObjectGlobals: Destroyed PersistentFrame Addr=0x0000029a6d8f7300, Size=120
[2018.08.15-18.12.47:460][  0]LogUObjectGlobals: Destroyed PersistentFrame Addr=0x0000029a01c35380, Size=16
[2018.08.15-18.12.47:460][  0]LogUObjectGlobals: Destroyed PersistentFrame Addr=0x0000029a05e22150, Size=16
[2018.08.15-18.12.47:460][  0]LogUObjectGlobals: Destroyed PersistentFrame Addr=0x0000029a05e06bc0, Size=24
[2018.08.15-18.12.47:461][  0]Cmd: MAP CHECKDEP NOCLEARLOG
[2018.08.15-18.12.47:506][  0]MapCheck: Map check complete: 0 Error(s), 0 Warning(s), took 44.937ms to complete.
[2018.08.15-18.12.47:506][  0]LogFileHelpers: Loading map 'MainMenu' took 1.250
[2018.08.15-18.12.48:241][  0]LogCollectionManager: Loaded 0 collections in 0.000980 seconds
[2018.08.15-18.12.48:331][  0]LogFileCache: Scanning file cache for directory 'D:/GameDev/UnrealProject/TREKTHERAINBOW/VGDUNRL_TTR_ALPHA/Saved/Collections/' took 0.01s
[2018.08.15-18.12.48:331][  0]LogFileCache: Scanning file cache for directory 'D:/GameDev/UnrealProject/TREKTHERAINBOW/VGDUNRL_TTR_ALPHA/Content/Developers/Sunne/Collections/' took 0.01s
[2018.08.15-18.12.48:331][  0]LogFileCache: Scanning file cache for directory 'D:/GameDev/UnrealProject/TREKTHERAINBOW/VGDUNRL_TTR_ALPHA/Content/Collections/' took 0.01s
[2018.08.15-18.12.48:331][  0]LogCollectionManager: Rebuilt the GUID cache for 0 collections in 0.000000 seconds
[2018.08.15-18.12.48:342][  0]LogContentBrowser: Native class hierarchy populated in 0.0094 seconds. Added 2452 classes and 558 folders.
[2018.08.15-18.12.48:380][  0]LogContentBrowser: Native class hierarchy updated for 'WidgetCarousel' in 0.0002 seconds. Added 0 classes and 0 folders.
[2018.08.15-18.12.49:723][  0]LogContentBrowser: Native class hierarchy updated for 'AddContentDialog' in 0.0003 seconds. Added 0 classes and 0 folders.
[2018.08.15-18.12.49:758][  0]LogContentBrowser: Native class hierarchy updated for 'SceneOutliner' in 0.0002 seconds. Added 1 classes and 2 folders.
[2018.08.15-18.12.50:631][  0]LogSlate: Took 0.000184 seconds to synchronously load lazily loaded font '../../../Engine/Content/Slate/Fonts/Roboto-Regular.ttf' (155K)
[2018.08.15-18.12.50:633][  0]LogSlate: Took 0.000210 seconds to synchronously load lazily loaded font '../../../Engine/Content/Slate/Fonts/Roboto-Bold.ttf' (160K)
[2018.08.15-18.12.50:691][  0]LogSlate: Took 0.011436 seconds to synchronously load lazily loaded font '../../../Engine/Content/Editor/Slate/Fonts/FontAwesome.ttf' (139K)
[2018.08.15-18.12.50:932][  0]LogRenderer: Reallocating scene render targets to support 1172x428 Format 10 NumSamples 1 (Frame:1).
[2018.08.15-18.12.51:374][  0]LogContentBrowser: Native class hierarchy updated for 'HierarchicalLODOutliner' in 0.0002 seconds. Added 0 classes and 0 folders.
[2018.08.15-18.12.51:374][  0]LogLoad: (Engine Initialization) Total time: 14.82 seconds
[2018.08.15-18.12.51:374][  0]LogLoad: (Engine Initialization) Total Blueprint compile time: 0.00 seconds
[2018.08.15-18.12.51:394][  0]LogWindowsTextInputMethodSystem: Display: IME system now deactivated.
[2018.08.15-18.12.51:457][  0]LogContentStreaming: Texture pool size now 1000 MB
[2018.08.15-18.12.51:464][  0]LogSlate: FSceneViewport::OnFocusLost() reason 2
[2018.08.15-18.12.51:663][  1]LogFileCache: Retrieving MD5 hashes for directory 'D:/GameDev/UnrealProject/TREKTHERAINBOW/VGDUNRL_TTR_ALPHA/Content/' took 0.26s
[2018.08.15-18.12.52:569][ 13]LogSlate: Took 0.039743 seconds to synchronously load lazily loaded font '../../../Engine/Content/Slate/Fonts/Roboto-Light.ttf' (167K)
[2018.08.15-18.12.53:284][ 13]LogContentBrowser: Native class hierarchy updated for 'BlueprintGraph' in 0.0012 seconds. Added 116 classes and 0 folders.
[2018.08.15-18.12.53:756][ 13]LogUObjectGlobals: Created PersistentFrame Addr=0x0000029a2e869ff0, Size=4, Default__SKEL_PROTO_BP_AnimBlueprint_0_C Function /Engine/Transient.SKEL_PROTO_BP_AnimBlueprint_0_C:ExecuteUbergraph_PROTO_BP_AnimBlueprint_0
[2018.08.15-18.12.53:757][ 13]LogUObjectGlobals: Created PersistentFrame Addr=0x0000029a2e869fe8, Size=4, Default__PROTO_BP_AnimBlueprint_0_C Function /Engine/Transient.PROTO_BP_AnimBlueprint_0_C:ExecuteUbergraph_PROTO_BP_AnimBlueprint_0
[2018.08.15-18.12.55:299][ 13]LogSlate: Took 0.014677 seconds to synchronously load lazily loaded font '../../../Engine/Content/Slate/Fonts/Roboto-BoldCondensed.ttf' (158K)
[2018.08.15-18.12.58:049][111]LogAssetRegistry: Asset discovery search completed in 16.3156 seconds
[2018.08.15-18.12.58:051][111]LogCollectionManager: Rebuilt the object cache for 0 collections in 0.000000 seconds (found 0 objects)
[2018.08.15-18.12.58:051][111]LogCollectionManager: Fixed up redirectors for 0 collections in 0.000045 seconds (updated 0 objects)
[2018.08.15-18.13.09:251][622]LogSlate: Window 'Message Log' being destroyed
[2018.08.15-18.13.09:255][622]LogSlate: Window 'Message Log' being destroyed
[2018.08.15-18.13.12:322][794]LogConsoleManager: Warning: Performance warning: Console object named 'r.DebugSafeZone.Mode' shows many (500) FindConsoleObject() calls (consider caching e.g. using static)
[2018.08.15-18.13.14:991][816]LogSlate: Only BGRA pngs, bmps or icos are supported in by External Image Picker
[2018.08.15-18.13.15:169][817]LogTemp: Executing iPhonePackager certificates Engine -bundlename com.YourCompany.VGDUNRLTTRALPHA
[2018.08.15-18.13.15:169][817]LogTemp: CWD: D:\UE_4.19\Engine\Binaries\DotNET\IOS
[2018.08.15-18.13.15:169][817]LogTemp: Initial Dir: D:\UE_4.19
[2018.08.15-18.13.15:169][817]LogTemp: Env CWD: D:\UE_4.19\Engine\Binaries\DotNET\IOS
[2018.08.15-18.13.15:169][817]LogTemp: BranchPath = DESKTOP-KBJ6S3T/D/UE_4.19/Engine/Binaries --- GameBranchPath = DESKTOP-KBJ6S3T/D/UE_4.19/Engine/Binaries
[2018.08.15-18.13.15:169][817]LogTemp: IPP ERROR: Could not find provision directory 'C:\Users\Sunne\AppData\Local/Apple Computer/MobileDevice/Provisioning Profiles/'.
[2018.08.15-18.14.51:952][293]LogSlate: Window 'Project Settings' being destroyed
[2018.08.15-18.14.51:958][293]LogSlate: Window 'Project Settings' being destroyed
[2018.08.15-18.54.19:267][894]LogSlate: Window 'ProjectLauncher' being destroyed
[2018.08.15-18.54.19:310][894]LogSlate: Window 'ProjectLauncher' being destroyed
[2018.08.15-18.54.21:236][960]LogUObjectGlobals: Destroyed PersistentFrame Addr=0x0000029a05e06800, Size=24
[2018.08.15-18.54.21:236][960]LogUObjectGlobals: Created PersistentFrame Addr=0x0000029a307e94b0, Size=24, Default__MainMenu_C Function /Engine/Transient.REINST_MainMenu_C_27:ExecuteUbergraph_MainMenu
[2018.08.15-18.54.21:238][960]LogUObjectGlobals: Created PersistentFrame Addr=0x0000029a307ea050, Size=24, Default__MainMenu_C Function /Game/2DSideScrollerBP/Maps/MainMenu.MainMenu_C:ExecuteUbergraph_MainMenu
[2018.08.15-18.54.22:052][960]LogSavePackage: Save=869.01ms
[2018.08.15-18.54.22:052][960]LogSavePackage: Moving '../../../../GameDev/UnrealProject/TREKTHERAINBOW/VGDUNRL_TTR_ALPHA/Saved/MainMenuE344FB3140D6C2B3D5E5EDB820EA0802.tmp' to '../../../../GameDev/UnrealProject/TREKTHERAINBOW/VGDUNRL_TTR_ALPHA/Content/2DSideScrollerBP/Maps/MainMenu.umap'
[2018.08.15-18.54.22:084][960]LogSavePackage: Display: Finished SavePackage ../../../../GameDev/UnrealProject/TREKTHERAINBOW/VGDUNRL_TTR_ALPHA/Content/2DSideScrollerBP/Maps/MainMenu.umap
[2018.08.15-18.54.23:244][ 24]LogUObjectGlobals: Destroyed PersistentFrame Addr=0x0000029a307e94b0, Size=24
[2018.08.15-18.54.23:493][ 24]LogSlate: Window 'VGDUNRL_TTR_ALPHA - Unreal Editor' being destroyed
[2018.08.15-18.54.23:494][ 24]LogWindowsTextInputMethodSystem: Display: IME system now deactivated.
[2018.08.15-18.54.24:151][ 25]Cmd: QUIT_EDITOR
[2018.08.15-18.54.24:436][ 25]LogSlate: Slate User Destroyed.  User Index 0, Is Virtual User: 0
[2018.08.15-18.54.24:477][ 25]LogExit: Preparing to exit.
[2018.08.15-18.54.25:884][ 25]LogDirectoryWatcher: A directory notification for 'D:/GameDev/UnrealProject/TREKTHERAINBOW/VGDUNRL_TTR_ALPHA/Content/' was aborted.
[2018.08.15-18.54.26:025][ 25]LogExit: Editor shut down
[2018.08.15-18.54.26:037][ 25]LogExit: Transaction tracking system shut down
[2018.08.15-18.54.26:044][ 25]LogUObjectGlobals: Destroyed PersistentFrame Addr=0x0000029a62108dc0, Size=48
[2018.08.15-18.54.26:044][ 25]LogUObjectGlobals: Destroyed PersistentFrame Addr=0x0000029a6d8f5800, Size=120
[2018.08.15-18.54.26:044][ 25]LogUObjectGlobals: Destroyed PersistentFrame Addr=0x0000029a05d4bac0, Size=400
[2018.08.15-18.54.26:044][ 25]LogUObjectGlobals: Destroyed PersistentFrame Addr=0x0000029a05e22160, Size=16
[2018.08.15-18.54.26:046][ 25]LogUObjectGlobals: Destroyed PersistentFrame Addr=0x0000029a2e869ff0, Size=4
[2018.08.15-18.54.26:046][ 25]LogUObjectGlobals: Destroyed PersistentFrame Addr=0x0000029a2e869fe8, Size=4
[2018.08.15-18.54.26:047][ 25]LogUObjectGlobals: Destroyed PersistentFrame Addr=0x0000029a307ea050, Size=24
[2018.08.15-18.54.26:207][ 25]LogDirectoryWatcher: A directory notification for '../../../Engine/Content/' was aborted.
[2018.08.15-18.54.26:207][ 25]LogDirectoryWatcher: A directory notification for '../../../../GameDev/UnrealProject/TREKTHERAINBOW/VGDUNRL_TTR_ALPHA/Content/' was aborted.
[2018.08.15-18.54.26:207][ 25]LogDirectoryWatcher: A directory notification for '../../Plugins/2D/Paper2D/Content/' was aborted.
[2018.08.15-18.54.26:207][ 25]LogDirectoryWatcher: A directory notification for '../../Plugins/Enterprise/DatasmithContent/Content/' was aborted.
[2018.08.15-18.54.26:207][ 25]LogDirectoryWatcher: A directory notification for '../../Plugins/Media/MediaCompositing/Content/' was aborted.
[2018.08.15-18.54.26:207][ 25]LogDirectoryWatcher: A directory notification for '../../Plugins/Runtime/AppleARKit/Content/' was aborted.
[2018.08.15-18.54.26:207][ 25]LogDirectoryWatcher: A directory notification for '../../Plugins/Runtime/Oculus/OculusVR/Content/' was aborted.
[2018.08.15-18.54.26:207][ 25]LogDirectoryWatcher: A directory notification for '../../Plugins/Runtime/Steam/SteamVR/Content/' was aborted.
