Log file open, 08/20/18 08:41:59
LogWindows: Failed to load 'aqProf.dll' (GetLastError=126)
LogWindows: File 'aqProf.dll' does not exist
LogWindows: Failed to load 'VtuneApi.dll' (GetLastError=126)
LogWindows: File 'VtuneApi.dll' does not exist
LogWindows: Failed to load 'VtuneApi32e.dll' (GetLastError=126)
LogWindows: File 'VtuneApi32e.dll' does not exist
LogInit: Display: Running engine for game: VGDUNRL_TTR_ALPHA
LogPlatformFile: Not using cached read wrapper
LogInit: Display: RandInit(1037177795) SRandInit(1037177795).
LogInit: Read version file with build ID '3944462'
LogInit: Overriding engine version to CL 4033788, compatible CL 3944462
LogInit: Registered custom module enumerator with build ID '3944462'
LogTaskGraph: Started task graph with 5 named threads and 23 total threads with 3 sets of task threads.
LogStats: Stats thread started at 0.285638
LogD3D11RHI: Aftermath initialized
LogICUInternationalization: Display: ICU TimeZone Detection - Raw Offset: -5:00, Platform Override: ''
LogModuleManager: Display: Found up-to-date module file ../../../Engine/Plugins/2D/Paper2D/Binaries/Win64/UE4Editor-Paper2D.dll (API version 3944462).
LogModuleManager: Display: Found up-to-date module file ../../../Engine/Plugins/2D/Paper2D/Binaries/Win64/UE4Editor-Paper2DEditor.dll (API version 3944462).
LogModuleManager: Display: Found up-to-date module file ../../../Engine/Plugins/2D/Paper2D/Binaries/Win64/UE4Editor-PaperSpriteSheetImporter.dll (API version 3944462).
LogModuleManager: Display: Found up-to-date module file ../../../Engine/Plugins/2D/Paper2D/Binaries/Win64/UE4Editor-PaperTiledImporter.dll (API version 3944462).
LogModuleManager: Display: Found up-to-date module file ../../../Engine/Plugins/2D/Paper2D/Binaries/Win64/UE4Editor-SmartSnapping.dll (API version 3944462).
LogModuleManager: Display: Found up-to-date module file ../../../Engine/Plugins/Blendables/LightPropagationVolume/Binaries/Win64/UE4Editor-LightPropagationVolumeRuntime.dll (API version 3944462).
LogModuleManager: Display: Found up-to-date module file ../../../Engine/Plugins/Blendables/LightPropagationVolume/Binaries/Win64/UE4Editor-LightPropagationVolumeEditor.dll (API version 3944462).
LogModuleManager: Display: Found up-to-date module file ../../../Engine/Plugins/Developer/CLionSourceCodeAccess/Binaries/Win64/UE4Editor-CLionSourceCodeAccess.dll (API version 3944462).
LogModuleManager: Display: Found up-to-date module file ../../../Engine/Plugins/Developer/GitSourceControl/Binaries/Win64/UE4Editor-GitSourceControl.dll (API version 3944462).
LogModuleManager: Display: Found up-to-date module file ../../../Engine/Plugins/Developer/PerforceSourceControl/Binaries/Win64/UE4Editor-PerforceSourceControl.dll (API version 3944462).
LogModuleManager: Display: Found up-to-date module file ../../../Engine/Plugins/Developer/SubversionSourceControl/Binaries/Win64/UE4Editor-SubversionSourceControl.dll (API version 3944462).
LogModuleManager: Display: Found up-to-date module file ../../../Engine/Plugins/Developer/UObjectPlugin/Binaries/Win64/UE4Editor-UObjectPlugin.dll (API version 3944462).
LogModuleManager: Display: Found up-to-date module file ../../../Engine/Plugins/Developer/VisualStudioCodeSourceCodeAccess/Binaries/Win64/UE4Editor-VisualStudioCodeSourceCodeAccess.dll (API version 3944462).
LogModuleManager: Display: Found up-to-date module file ../../../Engine/Plugins/Developer/VisualStudioSourceCodeAccess/Binaries/Win64/UE4Editor-VisualStudioSourceCodeAccess.dll (API version 3944462).
LogModuleManager: Display: Found up-to-date module file ../../../Engine/Plugins/Editor/AssetManagerEditor/Binaries/Win64/UE4Editor-AssetManagerEditor.dll (API version 3944462).
LogModuleManager: Display: Found up-to-date module file ../../../Engine/Plugins/Editor/CryptoKeys/Binaries/Win64/UE4Editor-CryptoKeys.dll (API version 3944462).
LogModuleManager: Display: Found up-to-date module file ../../../Engine/Plugins/Editor/CryptoKeys/Binaries/Win64/UE4Editor-CryptoKeysOpenSSL.dll (API version 3944462).
LogModuleManager: Display: Found up-to-date module file ../../../Engine/Plugins/Editor/DataValidation/Binaries/Win64/UE4Editor-DataValidation.dll (API version 3944462).
LogModuleManager: Display: Found up-to-date module file ../../../Engine/Plugins/Editor/FacialAnimation/Binaries/Win64/UE4Editor-FacialAnimation.dll (API version 3944462).
LogModuleManager: Display: Found up-to-date module file ../../../Engine/Plugins/Editor/FacialAnimation/Binaries/Win64/UE4Editor-FacialAnimationEditor.dll (API version 3944462).
LogModuleManager: Display: Found up-to-date module file ../../../Engine/Plugins/Editor/GameplayTagsEditor/Binaries/Win64/UE4Editor-GameplayTagsEditor.dll (API version 3944462).
LogModuleManager: Display: Found up-to-date module file ../../../Engine/Plugins/Editor/MobileLauncherProfileWizard/Binaries/Win64/UE4Editor-MobileLauncherProfileWizard.dll (API version 3944462).
LogModuleManager: Display: Found up-to-date module file ../../../Engine/Plugins/Editor/PluginBrowser/Binaries/Win64/UE4Editor-PluginBrowser.dll (API version 3944462).
LogModuleManager: Display: Found up-to-date module file ../../../Engine/Plugins/Editor/SpeedTreeImporter/Binaries/Win64/UE4Editor-SpeedTreeImporter.dll (API version 3944462).
LogModuleManager: Display: Found up-to-date module file ../../../Engine/Plugins/Enterprise/DatasmithContent/Binaries/Win64/UE4Editor-DatasmithContent.dll (API version 3944462).
LogModuleManager: Display: Found up-to-date module file ../../../Engine/Plugins/Experimental/AlembicImporter/Binaries/Win64/UE4Editor-AlembicImporter.dll (API version 3944462).
LogModuleManager: Display: Found up-to-date module file ../../../Engine/Plugins/Experimental/AlembicImporter/Binaries/Win64/UE4Editor-AlembicLibrary.dll (API version 3944462).
LogModuleManager: Display: Found up-to-date module file ../../../Engine/Plugins/Experimental/CharacterAI/Binaries/Win64/UE4Editor-CharacterAI.dll (API version 3944462).
LogModuleManager: Display: Found up-to-date module file ../../../Engine/Plugins/Experimental/HTML5Networking/Binaries/Win64/UE4Editor-HTML5Networking.dll (API version 3944462).
LogModuleManager: Display: Found up-to-date module file ../../../Engine/Plugins/Media/AndroidMedia/Binaries/Win64/UE4Editor-AndroidMediaEditor.dll (API version 3944462).
LogModuleManager: Display: Found up-to-date module file ../../../Engine/Plugins/Media/AndroidMedia/Binaries/Win64/UE4Editor-AndroidMediaFactory.dll (API version 3944462).
LogModuleManager: Display: Found up-to-date module file ../../../Engine/Plugins/Media/AvfMedia/Binaries/Win64/UE4Editor-AvfMediaEditor.dll (API version 3944462).
LogModuleManager: Display: Found up-to-date module file ../../../Engine/Plugins/Media/AvfMedia/Binaries/Win64/UE4Editor-AvfMediaFactory.dll (API version 3944462).
LogModuleManager: Display: Found up-to-date module file ../../../Engine/Plugins/Media/AvfMedia/Binaries/Win64/UE4Editor-AvfMediaFactory.dll (API version 3944462).
LogModuleManager: Display: Found up-to-date module file ../../../Engine/Plugins/Media/ImgMedia/Binaries/Win64/UE4Editor-ImgMedia.dll (API version 3944462).
LogModuleManager: Display: Found up-to-date module file ../../../Engine/Plugins/Media/ImgMedia/Binaries/Win64/UE4Editor-ImgMediaEditor.dll (API version 3944462).
LogModuleManager: Display: Found up-to-date module file ../../../Engine/Plugins/Media/ImgMedia/Binaries/Win64/UE4Editor-ImgMediaFactory.dll (API version 3944462).
LogModuleManager: Display: Found up-to-date module file ../../../Engine/Plugins/Media/ImgMedia/Binaries/Win64/UE4Editor-ImgMediaFactory.dll (API version 3944462).
LogModuleManager: Display: Found up-to-date module file ../../../Engine/Plugins/Media/ImgMedia/Binaries/Win64/UE4Editor-OpenExrWrapper.dll (API version 3944462).
LogModuleManager: Display: Found up-to-date module file ../../../Engine/Plugins/Media/LinearTimecode/Binaries/Win64/UE4Editor-LinearTimecode.dll (API version 3944462).
LogModuleManager: Display: Found up-to-date module file ../../../Engine/Plugins/Media/MediaCompositing/Binaries/Win64/UE4Editor-MediaCompositing.dll (API version 3944462).
LogModuleManager: Display: Found up-to-date module file ../../../Engine/Plugins/Media/MediaCompositing/Binaries/Win64/UE4Editor-MediaCompositingEditor.dll (API version 3944462).
LogModuleManager: Display: Found up-to-date module file ../../../Engine/Plugins/Media/MediaPlayerEditor/Binaries/Win64/UE4Editor-MediaPlayerEditor.dll (API version 3944462).
LogModuleManager: Display: Found up-to-date module file ../../../Engine/Plugins/Media/WmfMedia/Binaries/Win64/UE4Editor-WmfMedia.dll (API version 3944462).
LogModuleManager: Display: Found up-to-date module file ../../../Engine/Plugins/Media/WmfMedia/Binaries/Win64/UE4Editor-WmfMediaEditor.dll (API version 3944462).
LogModuleManager: Display: Found up-to-date module file ../../../Engine/Plugins/Media/WmfMedia/Binaries/Win64/UE4Editor-WmfMediaFactory.dll (API version 3944462).
LogModuleManager: Display: Found up-to-date module file ../../../Engine/Plugins/Media/WmfMedia/Binaries/Win64/UE4Editor-WmfMediaFactory.dll (API version 3944462).
LogModuleManager: Display: Found up-to-date module file ../../../Engine/Plugins/Messaging/TcpMessaging/Binaries/Win64/UE4Editor-TcpMessaging.dll (API version 3944462).
LogModuleManager: Display: Found up-to-date module file ../../../Engine/Plugins/Messaging/UdpMessaging/Binaries/Win64/UE4Editor-UdpMessaging.dll (API version 3944462).
LogModuleManager: Display: Found up-to-date module file ../../../Engine/Plugins/MovieScene/ActorSequence/Binaries/Win64/UE4Editor-ActorSequence.dll (API version 3944462).
LogModuleManager: Display: Found up-to-date module file ../../../Engine/Plugins/MovieScene/LevelSequenceEditor/Binaries/Win64/UE4Editor-LevelSequenceEditor.dll (API version 3944462).
LogModuleManager: Display: Found up-to-date module file ../../../Engine/Plugins/MovieScene/MatineeToLevelSequence/Binaries/Win64/UE4Editor-MatineeToLevelSequence.dll (API version 3944462).
LogModuleManager: Display: Found up-to-date module file ../../../Engine/Plugins/NetcodeUnitTest/NetcodeUnitTest/Binaries/Win64/UE4Editor-NetcodeUnitTest.dll (API version 3944462).
LogModuleManager: Display: Found up-to-date module file ../../../Engine/Plugins/NetcodeUnitTest/NUTUnrealEngine4/Binaries/Win64/UE4Editor-NUTUnrealEngine4.dll (API version 3944462).
LogModuleManager: Display: Found up-to-date module file ../../../Engine/Plugins/Online/OnlineSubsystem/Binaries/Win64/UE4Editor-OnlineSubsystem.dll (API version 3944462).
LogModuleManager: Display: Found up-to-date module file ../../../Engine/Plugins/Runtime/AndroidPermission/Binaries/Win64/UE4Editor-AndroidPermission.dll (API version 3944462).
LogModuleManager: Display: Found up-to-date module file ../../../Engine/Plugins/Online/OnlineSubsystemNull/Binaries/Win64/UE4Editor-OnlineSubsystemNull.dll (API version 3944462).
LogModuleManager: Display: Found up-to-date module file ../../../Engine/Plugins/Online/OnlineSubsystemUtils/Binaries/Win64/UE4Editor-OnlineSubsystemUtils.dll (API version 3944462).
LogModuleManager: Display: Found up-to-date module file ../../../Engine/Plugins/Online/OnlineSubsystemUtils/Binaries/Win64/UE4Editor-OnlineBlueprintSupport.dll (API version 3944462).
LogModuleManager: Display: Found up-to-date module file ../../../Engine/Plugins/Runtime/AndroidDeviceProfileSelector/Binaries/Win64/UE4Editor-AndroidDeviceProfileSelector.dll (API version 3944462).
LogModuleManager: Display: Found up-to-date module file ../../../Engine/Plugins/Runtime/AppleARKit/Binaries/Win64/UE4Editor-AppleARKit.dll (API version 3944462).
LogModuleManager: Display: Found up-to-date module file ../../../Engine/Plugins/Runtime/ProceduralMeshComponent/Binaries/Win64/UE4Editor-ProceduralMeshComponent.dll (API version 3944462).
LogModuleManager: Display: Found up-to-date module file ../../../Engine/Plugins/Runtime/ProceduralMeshComponent/Binaries/Win64/UE4Editor-ProceduralMeshComponentEditor.dll (API version 3944462).
LogModuleManager: Display: Found up-to-date module file ../../../Engine/Plugins/Animation/LiveLink/Binaries/Win64/UE4Editor-LiveLink.dll (API version 3944462).
LogModuleManager: Display: Found up-to-date module file ../../../Engine/Plugins/Animation/LiveLink/Binaries/Win64/UE4Editor-LiveLinkEditor.dll (API version 3944462).
LogModuleManager: Display: Found up-to-date module file ../../../Engine/Plugins/Runtime/ArchVisCharacter/Binaries/Win64/UE4Editor-ArchVisCharacter.dll (API version 3944462).
LogModuleManager: Display: Found up-to-date module file ../../../Engine/Plugins/Runtime/AudioCapture/Binaries/Win64/UE4Editor-AudioCapture.dll (API version 3944462).
LogModuleManager: Display: Found up-to-date module file ../../../Engine/Plugins/Runtime/AudioCapture/Binaries/Win64/UE4Editor-AudioCaptureEditor.dll (API version 3944462).
LogModuleManager: Display: Found up-to-date module file ../../../Engine/Plugins/Runtime/CableComponent/Binaries/Win64/UE4Editor-CableComponent.dll (API version 3944462).
LogModuleManager: Display: Found up-to-date module file ../../../Engine/Plugins/Runtime/CustomMeshComponent/Binaries/Win64/UE4Editor-CustomMeshComponent.dll (API version 3944462).
LogModuleManager: Display: Found up-to-date module file ../../../Engine/Plugins/Runtime/ExampleDeviceProfileSelector/Binaries/Win64/UE4Editor-ExampleDeviceProfileSelector.dll (API version 3944462).
LogModuleManager: Display: Found up-to-date module file ../../../Engine/Plugins/Runtime/ImmediatePhysics/Binaries/Win64/UE4Editor-ImmediatePhysics.dll (API version 3944462).
LogModuleManager: Display: Found up-to-date module file ../../../Engine/Plugins/Runtime/ImmediatePhysics/Binaries/Win64/UE4Editor-ImmediatePhysicsEditor.dll (API version 3944462).
LogModuleManager: Display: Found up-to-date module file ../../../Engine/Plugins/Runtime/LocationServicesBPLibrary/Binaries/Win64/UE4Editor-LocationServicesBPLibrary.dll (API version 3944462).
LogModuleManager: Display: Found up-to-date module file ../../../Engine/Plugins/Runtime/MobilePatchingUtils/Binaries/Win64/UE4Editor-MobilePatchingUtils.dll (API version 3944462).
LogModuleManager: Display: Found up-to-date module file ../../../Engine/Plugins/Runtime/Oculus/OculusVR/Binaries/Win64/UE4Editor-OculusHMD.dll (API version 3944462).
LogModuleManager: Display: Found up-to-date module file ../../../Engine/Plugins/Runtime/Oculus/OculusVR/Binaries/Win64/UE4Editor-OculusInput.dll (API version 3944462).
LogModuleManager: Display: Found up-to-date module file ../../../Engine/Plugins/Runtime/Oculus/OculusVR/Binaries/Win64/UE4Editor-OculusEditor.dll (API version 3944462).
LogModuleManager: Display: Found up-to-date module file ../../../Engine/Plugins/Runtime/PhysXVehicles/Binaries/Win64/UE4Editor-PhysXVehicles.dll (API version 3944462).
LogModuleManager: Display: Found up-to-date module file ../../../Engine/Plugins/Runtime/PhysXVehicles/Binaries/Win64/UE4Editor-PhysXVehiclesEditor.dll (API version 3944462).
LogModuleManager: Display: Found up-to-date module file ../../../Engine/Plugins/Runtime/RuntimePhysXCooking/Binaries/Win64/UE4Editor-RuntimePhysXCooking.dll (API version 3944462).
LogModuleManager: Display: Found up-to-date module file ../../../Engine/Plugins/Runtime/Steam/SteamVR/Binaries/Win64/UE4Editor-SteamVR.dll (API version 3944462).
LogModuleManager: Display: Found up-to-date module file ../../../Engine/Plugins/Runtime/Steam/SteamVR/Binaries/Win64/UE4Editor-SteamVRController.dll (API version 3944462).
LogModuleManager: Display: Found up-to-date module file ../../../Engine/Plugins/Runtime/WindowsMoviePlayer/Binaries/Win64/UE4Editor-WindowsMoviePlayer.dll (API version 3944462).
LogPluginManager: Mounting plugin Paper2D
LogPluginManager: Mounting plugin LiveLink
LogPluginManager: Mounting plugin LightPropagationVolume
LogPluginManager: Mounting plugin CLionSourceCodeAccess
LogPluginManager: Mounting plugin CodeLiteSourceCodeAccess
LogPluginManager: Mounting plugin GitSourceControl
LogPluginManager: Mounting plugin KDevelopSourceCodeAccess
LogPluginManager: Mounting plugin NullSourceCodeAccess
LogPluginManager: Mounting plugin PerforceSourceControl
LogPluginManager: Mounting plugin SubversionSourceControl
LogPluginManager: Mounting plugin UObjectPlugin
LogPluginManager: Mounting plugin VisualStudioCodeSourceCodeAccess
LogPluginManager: Mounting plugin VisualStudioSourceCodeAccess
LogPluginManager: Mounting plugin XCodeSourceCodeAccess
LogPluginManager: Mounting plugin AssetManagerEditor
LogPluginManager: Mounting plugin CryptoKeys
LogPluginManager: Mounting plugin DataValidation
LogPluginManager: Mounting plugin FacialAnimation
LogPluginManager: Mounting plugin GameplayTagsEditor
LogPluginManager: Mounting plugin MobileLauncherProfileWizard
LogPluginManager: Mounting plugin PluginBrowser
LogPluginManager: Mounting plugin SpeedTreeImporter
LogPluginManager: Mounting plugin DatasmithContent
LogPluginManager: Mounting plugin AlembicImporter
LogPluginManager: Mounting plugin CharacterAI
LogPluginManager: Mounting plugin HTML5Networking
LogPluginManager: Mounting plugin AndroidMedia
LogPluginManager: Mounting plugin AvfMedia
LogPluginManager: Mounting plugin ImgMedia
LogPluginManager: Mounting plugin LinearTimecode
LogPluginManager: Mounting plugin MediaCompositing
LogPluginManager: Mounting plugin MediaPlayerEditor
LogPluginManager: Mounting plugin WmfMedia
LogPluginManager: Mounting plugin TcpMessaging
LogPluginManager: Mounting plugin UdpMessaging
LogPluginManager: Mounting plugin ActorSequence
LogPluginManager: Mounting plugin LevelSequenceEditor
LogPluginManager: Mounting plugin MatineeToLevelSequence
LogPluginManager: Mounting plugin NetcodeUnitTest
LogPluginManager: Mounting plugin NUTUnrealEngine4
LogPluginManager: Mounting plugin OnlineSubsystemGooglePlay
LogPluginManager: Mounting plugin OnlineSubsystemIOS
LogPluginManager: Mounting plugin OnlineSubsystem
LogPluginManager: Mounting plugin OnlineSubsystemNull
LogPluginManager: Mounting plugin OnlineSubsystemUtils
LogPluginManager: Mounting plugin AndroidDeviceProfileSelector
LogPluginManager: Mounting plugin AndroidMoviePlayer
LogPluginManager: Mounting plugin AndroidPermission
LogPluginManager: Mounting plugin AppleARKit
LogPluginManager: Mounting plugin AppleMoviePlayer
LogPluginManager: Mounting plugin ArchVisCharacter
LogPluginManager: Mounting plugin AudioCapture
LogPluginManager: Mounting plugin CableComponent
LogPluginManager: Mounting plugin CustomMeshComponent
LogPluginManager: Mounting plugin ExampleDeviceProfileSelector
LogPluginManager: Mounting plugin GoogleCloudMessaging
LogPluginManager: Mounting plugin ImmediatePhysics
LogPluginManager: Mounting plugin IOSDeviceProfileSelector
LogPluginManager: Mounting plugin LinuxDeviceProfileSelector
LogPluginManager: Mounting plugin LocationServicesBPLibrary
LogPluginManager: Mounting plugin MobilePatchingUtils
LogPluginManager: Mounting plugin OculusVR
LogPluginManager: Plugin shader directory ../../../Engine/Plugins/Runtime/Oculus/OculusVR/Shaders found
LogPluginManager: Mapping shader source directory ../../../Engine/Plugins/Runtime/Oculus/OculusVR/Shaders to virtual directory /Plugin/OculusVR
LogPluginManager: Mounting plugin PhysXVehicles
LogPluginManager: Mounting plugin ProceduralMeshComponent
LogPluginManager: Mounting plugin RuntimePhysXCooking
LogPluginManager: Mounting plugin SteamVR
LogPluginManager: Mounting plugin WindowsMoviePlayer
LogStreaming: Display: Took  1.583s to configure plugins.
LogInit: Using libcurl 7.47.1
LogInit:  - built for x86_64-pc-win32
LogInit:  - supports SSL with OpenSSL/1.0.2g
LogInit:  - supports HTTP deflate (compression) using libz 1.2.8
LogInit:  - other features:
LogInit:      CURL_VERSION_SSL
LogInit:      CURL_VERSION_LIBZ
LogInit:      CURL_VERSION_IPV6
LogInit:      CURL_VERSION_ASYNCHDNS
LogInit:      CURL_VERSION_LARGEFILE
LogInit:      CURL_VERSION_IDN
LogInit:  CurlRequestOptions (configurable via config and command line):
LogInit:  - bVerifyPeer = false  - Libcurl will NOT verify peer certificate
LogInit:  - bUseHttpProxy = false  - Libcurl will NOT use HTTP proxy
LogInit:  - bDontReuseConnections = false  - Libcurl will reuse connections
LogInit:  - CertBundlePath = nullptr  - Libcurl will use whatever was configured at build time.
LogInit:  - MaxHostConnections = 16  - Libcurl will limit the number of connections to a host
LogInit:  - LocalHostAddr = Default
LogInit: WinSock: version 1.1 (2.2), MaxSocks=32767, MaxUdp=65467
LogInit: WinSock: I am DESKTOP-0HB3LSQ (10.4.107.17:0)
LogInit: Build: ++UE4+Release-4.19-CL-4033788
LogInit: Engine Version: 4.19.2-4033788+++UE4+Release-4.19
LogInit: Compatible Engine Version: 4.19.0-3944462+++UE4+Release-4.19
LogInit: Net CL: 3944462
LogDevObjectVersion: Number of dev versions registered: 18
LogDevObjectVersion:   Dev-Blueprints (B0D832E4-1F89-4F0D-ACCF-7EB736FD4AA2): 10
LogDevObjectVersion:   Dev-Build (E1C64328-A22C-4D53-A36C-8E866417BD8C): 0
LogDevObjectVersion:   Dev-Core (375EC13C-06E4-48FB-B500-84F0262A717E): 2
LogDevObjectVersion:   Dev-Editor (E4B068ED-F494-42E9-A231-DA0B2E46BB41): 23
LogDevObjectVersion:   Dev-Framework (CFFC743F-43B0-4480-9391-14DF171D2073): 33
LogDevObjectVersion:   Dev-Mobile (B02B49B5-BB20-44E9-A304-32B752E40360): 2
LogDevObjectVersion:   Dev-Networking (A4E4105C-59A1-49B5-A7C5-40C4547EDFEE): 0
LogDevObjectVersion:   Dev-Online (39C831C9-5AE6-47DC-9A44-9C173E1C8E7C): 0
LogDevObjectVersion:   Dev-Physics (78F01B33-EBEA-4F98-B9B4-84EACCB95AA2): 0
LogDevObjectVersion:   Dev-Platform (6631380F-2D4D-43E0-8009-CF276956A95A): 0
LogDevObjectVersion:   Dev-Rendering (12F88B9F-8875-4AFC-A67C-D90C383ABD29): 25
LogDevObjectVersion:   Dev-Sequencer (7B5AE74C-D270-4C10-A958-57980B212A5A): 6
LogDevObjectVersion:   Dev-VR (D7296918-1DD6-4BDD-9DE2-64A83CC13884): 1
LogDevObjectVersion:   Dev-LoadTimes (C2A15278-BFE7-4AFE-6C17-90FF531DF755): 1
LogDevObjectVersion:   Private-Geometry (6EACA3D4-40EC-4CC1-B786-8BED09428FC5): 2
LogDevObjectVersion:   Dev-AnimPhys (29E575DD-E0A3-4627-9D10-D276232CDCEA): 16
LogDevObjectVersion:   Dev-ReflectionCapture (6B266CEC-1EC7-4B8F-A30B-E4D90942FC07): 1
LogDevObjectVersion:   Dev-Automation (0DF73D61-A23F-47EA-B727-89E90C41499A): 1
LogInit: Compiled (64-bit): Apr 27 2018 02:06:57
LogInit: Compiled with Visual C++: 19.00.24215.01
LogInit: Build Configuration: Development
LogInit: Branch Name: ++UE4+Release-4.19
LogInit: Command Line: -EpicPortal 
LogInit: Base Directory: D:/UE_4.19/Engine/Binaries/Win64/
LogInit: Installed Engine Build: 1
LogStreaming: Display: Took  0.107s to delete old logs.
LogInit: Presizing for max 8388607 objects, including 0 objects not considered by GC, pre-allocating 0 bytes for permanent pool.
LogInit: Object subsystem initialized
[2018.08.20-12.42.01:091][  0]LogInit: Selected Device Profile: [Windows]
[2018.08.20-12.42.01:091][  0]LogInit: Applying CVar settings loaded from the selected device profile: [Windows]
[2018.08.20-12.42.01:121][  0]LogInit: Computer: DESKTOP-0HB3LSQ
[2018.08.20-12.42.01:121][  0]LogInit: User: ChrisJ
[2018.08.20-12.42.01:121][  0]LogInit: CPU Page size=4096, Cores=4
[2018.08.20-12.42.01:121][  0]LogInit: High frequency timer resolution =2.742189 MHz
[2018.08.20-12.42.01:121][  0]LogMemory: Memory total: Physical=15.9GB (16GB approx)
[2018.08.20-12.42.01:121][  0]LogMemory: Platform Memory Stats for Windows
[2018.08.20-12.42.01:121][  0]LogMemory: Process Physical Memory: 275.66 MB used, 275.66 MB peak
[2018.08.20-12.42.01:121][  0]LogMemory: Process Virtual Memory: 276.84 MB used, 276.84 MB peak
[2018.08.20-12.42.01:121][  0]LogMemory: Physical Memory: 10003.71 MB used,  6249.57 MB free, 16253.28 MB total
[2018.08.20-12.42.01:121][  0]LogMemory: Virtual Memory: 4807.34 MB used,  6249.57 MB free, 134217728.00 MB total
[2018.08.20-12.42.01:536][  0]LogInit: Using OS detected language (en-US).
[2018.08.20-12.42.01:536][  0]LogInit: Using OS detected locale (en-CA).
[2018.08.20-12.42.01:541][  0]LogTextLocalizationManager: No specific localization for 'en-US' exists, so the 'en' localization will be used.
[2018.08.20-12.42.01:974][  0]LogStreaming: Display: Took  0.439s to EndInitTextLocalization.
[2018.08.20-12.42.01:974][  0]LogInit: Setting process to per monitor DPI aware
[2018.08.20-12.42.02:015][  0]LogSlate: New Slate User Created.  User Index 0, Is Virtual User: 0
[2018.08.20-12.42.02:015][  0]LogSlate: Slate User Registered.  User Index 0, Is Virtual User: 0
[2018.08.20-12.42.02:358][  0]LogD3D11RHI: D3D11 adapters:
[2018.08.20-12.42.02:415][  0]LogD3D11RHI:    0. 'NVIDIA GeForce GTX 1070' (Feature Level 11_0)
[2018.08.20-12.42.02:415][  0]LogD3D11RHI:       8081/0/8126 MB DedicatedVideo/DedicatedSystem/SharedSystem, Outputs:2, VendorId:0x10de
[2018.08.20-12.42.02:440][  0]LogD3D11RHI:    1. 'Intel(R) HD Graphics 630' (Feature Level 11_0)
[2018.08.20-12.42.02:440][  0]LogD3D11RHI:       128/0/8126 MB DedicatedVideo/DedicatedSystem/SharedSystem, Outputs:0, VendorId:0x8086
[2018.08.20-12.42.02:442][  0]LogD3D11RHI:    2. 'Microsoft Basic Render Driver' (Feature Level 11_0)
[2018.08.20-12.42.02:442][  0]LogD3D11RHI:       0/0/8126 MB DedicatedVideo/DedicatedSystem/SharedSystem, Outputs:0, VendorId:0x1414
[2018.08.20-12.42.02:442][  0]LogD3D11RHI: Chosen D3D11 Adapter: 0
[2018.08.20-12.42.02:451][  0]LogD3D11RHI: Creating new Direct3DDevice
[2018.08.20-12.42.02:451][  0]LogD3D11RHI:     GPU DeviceId: 0x1be1 (for the marketing name, search the web for "GPU Device Id")
[2018.08.20-12.42.02:451][  0]LogWindows: EnumDisplayDevices:
[2018.08.20-12.42.02:451][  0]LogWindows:    0. 'NVIDIA GeForce GTX 1070' (P:1 D:1)
[2018.08.20-12.42.02:451][  0]LogWindows:    1. 'NVIDIA GeForce GTX 1070' (P:0 D:1)
[2018.08.20-12.42.02:451][  0]LogWindows:    2. 'NVIDIA GeForce GTX 1070' (P:0 D:0)
[2018.08.20-12.42.02:451][  0]LogWindows:    3. 'NVIDIA GeForce GTX 1070' (P:0 D:0)
[2018.08.20-12.42.02:452][  0]LogWindows:    4. 'Intel(R) HD Graphics 630' (P:0 D:0)
[2018.08.20-12.42.02:452][  0]LogWindows:    5. 'Intel(R) HD Graphics 630' (P:0 D:0)
[2018.08.20-12.42.02:453][  0]LogWindows:    6. 'Intel(R) HD Graphics 630' (P:0 D:0)
[2018.08.20-12.42.02:453][  0]LogWindows: DebugString: GetVideoDriverDetailsInvalid PrimaryIsNotTheChoosenAdapter GetVideoDriverDetailsInvalid PrimaryIsNotTheChoosenAdapter GetVideoDriverDetailsInvalid PrimaryIsNotTheChoosenAdapter GetVideoDriverDetailsInvalid PrimaryIsNotTheChoosenAdapter GetVideoDriverDetailsInvalid PrimaryIsNotTheChoosenAdapter GetVideoDriverDetailsInvalid PrimaryIsNotTheChoosenAdapter GetVideoDriverDetailsInvalid PrimaryIsNotTheChoosenAdapter FoundDriverCount:0 
[2018.08.20-12.42.02:453][  0]LogD3D11RHI:     Adapter Name: NVIDIA GeForce GTX 1070
[2018.08.20-12.42.02:453][  0]LogD3D11RHI:   Driver Version: Unknown (internal:Unknown, unified:Unknown)
[2018.08.20-12.42.02:453][  0]LogD3D11RHI:      Driver Date: Unknown
[2018.08.20-12.42.02:453][  0]LogRHI: Texture pool is 5656 MB (70% of 8081 MB)
[2018.08.20-12.42.02:499][  0]LogD3D11RHI: [Aftermath] Aftermath enabled and primed
[2018.08.20-12.42.02:499][  0]LogD3D11RHI: [Aftermath] Aftermath enabled and primed
[2018.08.20-12.42.02:499][  0]LogD3D11RHI: Async texture creation enabled
[2018.08.20-12.42.02:522][  0]LogD3D11RHI: GPU Timing Frequency: 1000.000000 (Debug: 2 2)
[2018.08.20-12.42.02:624][  0]LogShaderCompilers: Guid format shader working directory is -7 characters bigger than the processId version (../../../../School/Unreal Project/TRR/VGDUNRL_TTR_ALPHA/Intermediate/Shaders/WorkingDirectory/2428/).
[2018.08.20-12.42.02:624][  0]LogShaderCompilers: Cleaned the shader compiler working directory 'C:/Users/Chris J/AppData/Local/Temp/UnrealShaderWorkingDir/25C9ADBD4102E593A6830F869592BD7E/'.
[2018.08.20-12.42.02:907][  0]LogTemp: Display: Loaded TP AllDesktopTargetPlatform
[2018.08.20-12.42.02:922][  0]LogTemp: Display: Loaded TP MacClientTargetPlatform
[2018.08.20-12.42.02:935][  0]LogTemp: Display: Loaded TP MacNoEditorTargetPlatform
[2018.08.20-12.42.02:949][  0]LogTemp: Display: Loaded TP MacServerTargetPlatform
[2018.08.20-12.42.02:964][  0]LogTemp: Display: Loaded TP MacTargetPlatform
[2018.08.20-12.42.02:977][  0]LogTemp: Display: Loaded TP WindowsClientTargetPlatform
[2018.08.20-12.42.02:992][  0]LogTemp: Display: Loaded TP WindowsNoEditorTargetPlatform
[2018.08.20-12.42.03:008][  0]LogTemp: Display: Loaded TP WindowsServerTargetPlatform
[2018.08.20-12.42.03:014][  0]LogTemp: Display: Loaded TP WindowsTargetPlatform
[2018.08.20-12.42.03:030][  0]LogTemp: Display: Loaded TP Android_ASTCTargetPlatform
[2018.08.20-12.42.03:043][  0]LogTemp: Display: Loaded TP Android_ATCTargetPlatform
[2018.08.20-12.42.03:056][  0]LogTemp: Display: Loaded TP Android_DXTTargetPlatform
[2018.08.20-12.42.03:068][  0]LogTemp: Display: Loaded TP Android_ETC1aTargetPlatform
[2018.08.20-12.42.03:082][  0]LogTemp: Display: Loaded TP Android_ETC1TargetPlatform
[2018.08.20-12.42.03:095][  0]LogTemp: Display: Loaded TP Android_ETC2TargetPlatform
[2018.08.20-12.42.03:127][  0]LogTemp: Display: Loaded TP Android_MultiTargetPlatform
[2018.08.20-12.42.03:127][  0]LogTemp: Display: Loaded TP Android_PVRTCTargetPlatform
[2018.08.20-12.42.03:141][  0]LogTemp: Display: Loaded TP AndroidTargetPlatform
[2018.08.20-12.42.03:142][  0]LogTemp: Display: Loaded TP HTML5TargetPlatform
[2018.08.20-12.42.03:180][  0]LogTemp: Display: Loaded TP IOSTargetPlatform
[2018.08.20-12.42.03:193][  0]LogTemp: Display: Loaded TP TVOSTargetPlatform
[2018.08.20-12.42.03:208][  0]LogTemp: Display: Loaded TP LinuxClientTargetPlatform
[2018.08.20-12.42.03:224][  0]LogTemp: Display: Loaded TP LinuxNoEditorTargetPlatform
[2018.08.20-12.42.03:238][  0]LogTemp: Display: Loaded TP LinuxServerTargetPlatform
[2018.08.20-12.42.03:251][  0]LogTemp: Display: Loaded TP LinuxTargetPlatform
[2018.08.20-12.42.03:251][  0]LogTargetPlatformManager: Display: Building Assets For Windows
[2018.08.20-12.42.03:377][  0]LogXGEController: Cannot use XGE Controller as Incredibuild is not installed on this machine.
[2018.08.20-12.42.03:377][  0]LogShaderCompilers: Cannot use XGE Shader Compiler as Incredibuild is not installed on this machine.
[2018.08.20-12.42.03:377][  0]LogShaderCompilers: Display: Using Local Shader Compiler.
[2018.08.20-12.42.04:045][  0]LogDerivedDataCache: Display: Max Cache Size: 512 MB
[2018.08.20-12.42.04:113][  0]LogDerivedDataCache: Loaded boot cache 0.07s 74MB C:/Users/Chris J/AppData/Local/UnrealEngine/4.19/DerivedDataCache/Boot.ddc.
[2018.08.20-12.42.04:113][  0]LogDerivedDataCache: Display: Loaded Boot cache: C:/Users/Chris J/AppData/Local/UnrealEngine/4.19/DerivedDataCache/Boot.ddc
[2018.08.20-12.42.04:113][  0]LogDerivedDataCache: FDerivedDataBackendGraph:  Pak pak cache file ../../../../School/Unreal Project/TRR/VGDUNRL_TTR_ALPHA/DerivedDataCache/DDC.ddp not found, will not use a pak cache.
[2018.08.20-12.42.04:113][  0]LogDerivedDataCache: Unable to find inner node Pak for hierarchical cache Hierarchy.
[2018.08.20-12.42.04:113][  0]LogDerivedDataCache: FDerivedDataBackendGraph:  CompressedPak pak cache file ../../../../School/Unreal Project/TRR/VGDUNRL_TTR_ALPHA/DerivedDataCache/Compressed.ddp not found, will not use a pak cache.
[2018.08.20-12.42.04:113][  0]LogDerivedDataCache: Unable to find inner node CompressedPak for hierarchical cache Hierarchy.
[2018.08.20-12.42.04:134][  0]LogDerivedDataCache: Display: Pak cache opened for reading ../../../Engine/DerivedDataCache/Compressed.ddp.
[2018.08.20-12.42.04:147][  0]LogDerivedDataCache: Using Local data cache path C:/Users/Chris J/AppData/Local/UnrealEngine/Common/DerivedDataCache: Writable
[2018.08.20-12.42.04:147][  0]LogDerivedDataCache: Shared data cache path not found in *engine.ini, will not use an Shared cache.
[2018.08.20-12.42.04:147][  0]LogDerivedDataCache: Unable to find inner node Shared for hierarchical cache Hierarchy.
[2018.08.20-12.42.04:158][  0]LogMaterial: Verifying Global Shaders for PCD3D_SM5
[2018.08.20-12.42.04:158][  0]LogSlate: Using Freetype 2.6.0
[2018.08.20-12.42.04:159][  0]LogSlate: SlateFontCache - WITH_FREETYPE: 1, WITH_HARFBUZZ: 1
[2018.08.20-12.42.04:159][  0]LogSlate: SlateFontCache - WITH_FREETYPE: 1, WITH_HARFBUZZ: 1
[2018.08.20-12.42.04:310][  0]LogAssetRegistry: FAssetRegistry took 0.0265 seconds to start up
[2018.08.20-12.42.04:626][  0]LogInit: Selected Device Profile: [Windows]
[2018.08.20-12.42.04:785][  0]LogSimplygon: Simplygon DLL not present - disabling.
[2018.08.20-12.42.04:788][  0]LogMeshReduction: Using SimplygonSwarm for distributed automatic mesh merging
[2018.08.20-12.42.04:788][  0]LogMeshReduction: Using QuadricMeshReduction for automatic static mesh reduction
[2018.08.20-12.42.04:788][  0]LogMeshReduction: No automatic skeletal mesh reduction module available
[2018.08.20-12.42.04:788][  0]LogMeshReduction: No automatic mesh merging module available
[2018.08.20-12.42.04:788][  0]LogMeshMerging: No automatic mesh merging module available
[2018.08.20-12.42.04:836][  0]LogNetVersion: VGDUNRL_TTR_ALPHA , NetCL: 3944462, EngineNetVer: 2, GameNetVer: 0 (Checksum: 625581311)
[2018.08.20-12.42.05:593][  0]LogPackageLocalizationCache: Processed 9 localized package path(s) for 2 prioritized culture(s) in 0.239790 seconds
[2018.08.20-12.42.05:600][  0]LogUObjectArray: 36728 objects as part of root set at end of initial load.
[2018.08.20-12.42.05:600][  0]LogUObjectAllocator: 7314304 out of 0 bytes used by permanent object pool.
[2018.08.20-12.42.05:600][  0]LogUObjectArray: CloseDisregardForGC: 0/0 objects in disregard for GC pool
[2018.08.20-12.42.07:620][  0]LogTcpMessaging: Initializing TcpMessaging bridge
[2018.08.20-12.42.07:658][  0]LogUdpMessaging: Initializing bridge on interface 0.0.0.0:0 to multicast group 230.0.0.1:6666.
[2018.08.20-12.42.08:134][  0]SourceControl: Source control is disabled
[2018.08.20-12.42.08:134][  0]SourceControl: Source control is disabled
[2018.08.20-12.42.08:161][  0]SourceControl: Source control is disabled
[2018.08.20-12.42.08:186][  0]SourceControl: Source control is disabled
[2018.08.20-12.42.08:842][  0]LogAndroidPermission: UAndroidPermissionCallbackProxy::GetInstance
[2018.08.20-12.42.09:071][  0]LogOcInput: OculusInput pre-init called
[2018.08.20-12.42.09:202][  0]LogEngine: Initializing Engine...
[2018.08.20-12.42.09:203][  0]LogHMD: Failed to initialize OpenVR with code 110
[2018.08.20-12.42.09:205][  0]LogStats: UGameplayTagsManager::ConstructGameplayTagTree: Construct from data asset -  0.000 s
[2018.08.20-12.42.09:205][  0]LogStats: UGameplayTagsManager::ConstructGameplayTagTree: GameplayTagTreeChangedEvent.Broadcast -  0.000 s
[2018.08.20-12.42.09:460][  0]LogAIModule: Creating AISystem for world Untitled
[2018.08.20-12.42.09:485][  0]LogInit: XAudio2 using 'Speakers / Headphones (Realtek Audio)' : 6 channels at 48 kHz using 32 bits per sample (channel mask 0x3f)
[2018.08.20-12.42.09:567][  0]LogInit: FAudioDevice initialized.
[2018.08.20-12.42.09:656][  0]LogDerivedDataCache: Saved boot cache 0.09s 74MB C:/Users/Chris J/AppData/Local/UnrealEngine/4.19/DerivedDataCache/Boot.ddc.
[2018.08.20-12.42.09:675][  0]LogInit: Texture streaming: Enabled
[2018.08.20-12.42.09:691][  0]LogEngineSessionManager: EngineSessionManager initialized
[2018.08.20-12.42.09:748][  0]LogInit: Transaction tracking system initialized
[2018.08.20-12.42.09:769][  0]BlueprintLog: New page: Editor Load
[2018.08.20-12.42.09:833][  0]LocalizationService: Localization service is disabled
[2018.08.20-12.42.09:970][  0]LogConsoleResponse: Display: 
[2018.08.20-12.42.10:198][  0]LogCook: Display: Max memory allowance for cook 16384mb min free memory 0mb
[2018.08.20-12.42.10:198][  0]LogCook: Display: Mobile HDR setting 1
[2018.08.20-12.42.10:198][  0]LogGameplayTags: Display: UGameplayTagsManager::DoneAddingNativeTags. DelegateIsBound: 0
[2018.08.20-12.42.10:198][  0]LogStats: UGameplayTagsManager::ConstructGameplayTagTree: Construct from data asset -  0.000 s
[2018.08.20-12.42.10:198][  0]LogStats: UGameplayTagsManager::ConstructGameplayTagTree: GameplayTagTreeChangedEvent.Broadcast -  0.000 s
[2018.08.20-12.42.10:673][  0]LogFileCache: Scanning file cache for directory 'D:/School/Unreal Project/TRR/VGDUNRL_TTR_ALPHA/Content/' took 0.08s
[2018.08.20-12.42.10:673][  0]SourceControl: Source control is disabled
[2018.08.20-12.42.10:673][  0]Cmd: MAP LOAD FILE="../../../../School/Unreal Project/TRR/VGDUNRL_TTR_ALPHA/Content/2DSideScrollerBP/Maps/MainMenu.umap" TEMPLATE=0 SHOWPROGRESS=1 FEATURELEVEL=3
[2018.08.20-12.42.10:737][  0]LightingResults: New page: Lighting Build
[2018.08.20-12.42.10:739][  0]MapCheck: New page: Map Check
[2018.08.20-12.42.10:739][  0]LightingResults: New page: Lighting Build
[2018.08.20-12.42.10:884][  0]LogUObjectGlobals: Created PersistentFrame Addr=0x000001cbe43d89c0, Size=448, Default__2DSideScrollerCharacter_C Function /Game/2DSideScrollerBP/Blueprints/2DSideScrollerCharacter.2DSideScrollerCharacter_C:ExecuteUbergraph_2DSideScrollerCharacter
[2018.08.20-12.42.10:885][  0]LogUObjectGlobals: Created PersistentFrame Addr=0x000001cbc6ea5270, Size=48, Default__2DSideScrollerGameMode_C Function /Game/2DSideScrollerBP/Blueprints/2DSideScrollerGameMode.2DSideScrollerGameMode_C:ExecuteUbergraph_2DSideScrollerGameMode
[2018.08.20-12.42.10:910][  0]LogUObjectGlobals: Created PersistentFrame Addr=0x000001cbe442cd00, Size=120, Default__GameUI_C Function /Game/2DSideScrollerBP/Blueprints/GameUI.GameUI_C:ExecuteUbergraph_GameUI
[2018.08.20-12.42.11:193][  0]LogUObjectGlobals: Created PersistentFrame Addr=0x000001cbe4626f90, Size=16, Default__UI_Menu_C Function /Game/2DSideScrollerBP/Blueprints/UI_Menu.UI_Menu_C:ExecuteUbergraph_UI_Menu
[2018.08.20-12.42.11:655][  0]LogUObjectGlobals: Destroyed PersistentFrame Addr=0x000001cbc6ea5270, Size=48
[2018.08.20-12.42.11:655][  0]LogUObjectGlobals: Created PersistentFrame Addr=0x000001cbe3e39f30, Size=48, Default__2DSideScrollerGameMode_C Function /Engine/Transient.REINST_2DSideScrollerGameMode_C_5:ExecuteUbergraph_2DSideScrollerGameMode
[2018.08.20-12.42.11:655][  0]LogUObjectGlobals: Destroyed PersistentFrame Addr=0x000001cbe442cd00, Size=120
[2018.08.20-12.42.11:655][  0]LogUObjectGlobals: Created PersistentFrame Addr=0x000001cbc9b45e00, Size=120, Default__GameUI_C Function /Engine/Transient.REINST_GameUI_C_0:ExecuteUbergraph_GameUI
[2018.08.20-12.42.11:656][  0]LogUObjectGlobals: Destroyed PersistentFrame Addr=0x000001cbe4626f90, Size=16
[2018.08.20-12.42.11:656][  0]LogUObjectGlobals: Created PersistentFrame Addr=0x000001cbc9a1fe10, Size=16, Default__UI_Menu_C Function /Engine/Transient.REINST_UI_Menu_C_1:ExecuteUbergraph_UI_Menu
[2018.08.20-12.42.11:656][  0]LogUObjectGlobals: Destroyed PersistentFrame Addr=0x000001cbe43d89c0, Size=448
[2018.08.20-12.42.11:656][  0]LogUObjectGlobals: Created PersistentFrame Addr=0x000001cbc9ab8100, Size=448, Default__2DSideScrollerCharacter_C Function /Engine/Transient.REINST_2DSideScrollerCharacter_C_6:ExecuteUbergraph_2DSideScrollerCharacter
[2018.08.20-12.42.11:671][  0]LogUObjectGlobals: Created PersistentFrame Addr=0x000001cbc96db730, Size=48, Default__2DSideScrollerGameMode_C Function /Game/2DSideScrollerBP/Blueprints/2DSideScrollerGameMode.2DSideScrollerGameMode_C:ExecuteUbergraph_2DSideScrollerGameMode
[2018.08.20-12.42.11:673][  0]LogUObjectGlobals: Created PersistentFrame Addr=0x000001cbc9b44480, Size=120, Default__GameUI_C Function /Game/2DSideScrollerBP/Blueprints/GameUI.GameUI_C:ExecuteUbergraph_GameUI
[2018.08.20-12.42.11:674][  0]LogUObjectGlobals: Created PersistentFrame Addr=0x000001cbc9a1d290, Size=16, Default__UI_Menu_C Function /Game/2DSideScrollerBP/Blueprints/UI_Menu.UI_Menu_C:ExecuteUbergraph_UI_Menu
[2018.08.20-12.42.11:676][  0]LogUObjectGlobals: Created PersistentFrame Addr=0x000001cbc99f4640, Size=448, Default__2DSideScrollerCharacter_C Function /Game/2DSideScrollerBP/Blueprints/2DSideScrollerCharacter.2DSideScrollerCharacter_C:ExecuteUbergraph_2DSideScrollerCharacter
[2018.08.20-12.42.11:718][  0]LogUObjectGlobals: Created PersistentFrame Addr=0x000001cbc99f3268, Size=24, Default__MainMenu_C Function /Game/2DSideScrollerBP/Maps/MainMenu.MainMenu_C:ExecuteUbergraph_MainMenu
[2018.08.20-12.42.11:720][  0]LogUObjectGlobals: Destroyed PersistentFrame Addr=0x000001cbc99f3268, Size=24
[2018.08.20-12.42.11:720][  0]LogUObjectGlobals: Created PersistentFrame Addr=0x000001cbc99f3268, Size=24, Default__MainMenu_C Function /Engine/Transient.REINST_MainMenu_C_13:ExecuteUbergraph_MainMenu
[2018.08.20-12.42.11:722][  0]LogUObjectGlobals: Created PersistentFrame Addr=0x000001cbc99f2638, Size=24, Default__MainMenu_C Function /Game/2DSideScrollerBP/Maps/MainMenu.MainMenu_C:ExecuteUbergraph_MainMenu
[2018.08.20-12.42.11:891][  0]LogAIModule: Creating AISystem for world MainMenu
[2018.08.20-12.42.11:891][  0]LogEditorServer: Finished looking for orphan Actors (0.000 secs)
[2018.08.20-12.42.11:903][  0]LogUObjectGlobals: Destroyed PersistentFrame Addr=0x000001cbc9ab8100, Size=448
[2018.08.20-12.42.11:903][  0]LogUObjectGlobals: Destroyed PersistentFrame Addr=0x000001cbe3e39f30, Size=48
[2018.08.20-12.42.11:903][  0]LogUObjectGlobals: Destroyed PersistentFrame Addr=0x000001cbc9b45e00, Size=120
[2018.08.20-12.42.11:903][  0]LogUObjectGlobals: Destroyed PersistentFrame Addr=0x000001cbc9a1fe10, Size=16
[2018.08.20-12.42.11:903][  0]LogUObjectGlobals: Destroyed PersistentFrame Addr=0x000001cbc99f3268, Size=24
[2018.08.20-12.42.11:904][  0]Cmd: MAP CHECKDEP NOCLEARLOG
[2018.08.20-12.42.11:972][  0]MapCheck: Map check complete: 0 Error(s), 0 Warning(s), took 67.595ms to complete.
[2018.08.20-12.42.11:972][  0]LogFileHelpers: Loading map 'MainMenu' took 1.299
[2018.08.20-12.42.12:503][  0]LogCollectionManager: Loaded 0 collections in 0.001178 seconds
[2018.08.20-12.42.12:609][  0]LogFileCache: Scanning file cache for directory 'D:/School/Unreal Project/TRR/VGDUNRL_TTR_ALPHA/Saved/Collections/' took 0.01s
[2018.08.20-12.42.12:609][  0]LogFileCache: Scanning file cache for directory 'D:/School/Unreal Project/TRR/VGDUNRL_TTR_ALPHA/Content/Developers/ChrisJ/Collections/' took 0.01s
[2018.08.20-12.42.12:609][  0]LogFileCache: Scanning file cache for directory 'D:/School/Unreal Project/TRR/VGDUNRL_TTR_ALPHA/Content/Collections/' took 0.01s
[2018.08.20-12.42.12:609][  0]LogCollectionManager: Rebuilt the GUID cache for 0 collections in 0.000000 seconds
[2018.08.20-12.42.12:619][  0]LogContentBrowser: Native class hierarchy populated in 0.0089 seconds. Added 2452 classes and 558 folders.
[2018.08.20-12.42.12:668][  0]LogContentBrowser: Native class hierarchy updated for 'WidgetCarousel' in 0.0003 seconds. Added 0 classes and 0 folders.
[2018.08.20-12.42.13:580][  0]LogContentBrowser: Native class hierarchy updated for 'AddContentDialog' in 0.0003 seconds. Added 0 classes and 0 folders.
[2018.08.20-12.42.14:262][  0]LogSlate: Took 0.000372 seconds to synchronously load lazily loaded font '../../../Engine/Content/Slate/Fonts/Roboto-Regular.ttf' (155K)
[2018.08.20-12.42.14:266][  0]LogSlate: Took 0.000501 seconds to synchronously load lazily loaded font '../../../Engine/Content/Slate/Fonts/Roboto-Bold.ttf' (160K)
[2018.08.20-12.42.14:324][  0]LogSlate: Took 0.018817 seconds to synchronously load lazily loaded font '../../../Engine/Content/Editor/Slate/Fonts/FontAwesome.ttf' (139K)
[2018.08.20-12.42.14:690][  0]LogRenderer: Reallocating scene render targets to support 1072x476 Format 10 NumSamples 1 (Frame:1).
[2018.08.20-12.42.14:967][  0]LogContentBrowser: Native class hierarchy updated for 'HierarchicalLODOutliner' in 0.0003 seconds. Added 0 classes and 0 folders.
[2018.08.20-12.42.14:967][  0]LogLoad: (Engine Initialization) Total time: 18.01 seconds
[2018.08.20-12.42.14:967][  0]LogLoad: (Engine Initialization) Total Blueprint compile time: 0.00 seconds
[2018.08.20-12.42.14:985][  0]LogWindowsTextInputMethodSystem: Display: IME system now deactivated.
[2018.08.20-12.42.15:026][  0]LogContentStreaming: Texture pool size now 1000 MB
[2018.08.20-12.42.15:191][  1]LogAssetRegistry: Asset discovery search completed in 10.9038 seconds
[2018.08.20-12.42.15:193][  1]LogCollectionManager: Rebuilt the object cache for 0 collections in 0.000000 seconds (found 0 objects)
[2018.08.20-12.42.15:193][  1]LogCollectionManager: Fixed up redirectors for 0 collections in 0.000041 seconds (updated 0 objects)
[2018.08.20-12.42.16:158][ 46]LogSlate: Took 0.029159 seconds to synchronously load lazily loaded font '../../../Engine/Content/Slate/Fonts/Roboto-Light.ttf' (167K)
[2018.08.20-12.42.16:158][ 46]LogSlate: FSceneViewport::OnFocusLost() reason 2
[2018.08.20-12.42.16:357][ 46]LogSlate: Took 0.016505 seconds to synchronously load lazily loaded font '../../../Engine/Content/Slate/Fonts/Roboto-BoldCondensed.ttf' (158K)
[2018.08.20-12.42.16:762][ 46]LogRenderer: Reallocating scene render targets to support 1316x696 Format 10 NumSamples 1 (Frame:1).
[2018.08.20-12.42.16:762][ 46]LogSlate: Took 0.000223 seconds to synchronously load lazily loaded font '../../../Engine/Content/Slate/Fonts/Roboto-Light.ttf' (167K)
[2018.08.20-12.42.20:182][179]LogFileCache: Retrieving MD5 hashes for directory 'D:/School/Unreal Project/TRR/VGDUNRL_TTR_ALPHA/Content/' took 5.18s
[2018.08.20-12.43.13:000][226]LogUObjectGlobals: Created PersistentFrame Addr=0x000001cbd443f100, Size=360, Default__BP_PointPlatform_C Function /Game/2DSideScrollerBP/Blueprints/BP_PointPlatform.BP_PointPlatform_C:ExecuteUbergraph_BP_PointPlatform
[2018.08.20-12.43.13:002][226]LogUObjectGlobals: Destroyed PersistentFrame Addr=0x000001cbd443f100, Size=360
[2018.08.20-12.43.13:002][226]LogUObjectGlobals: Created PersistentFrame Addr=0x000001cbd4598400, Size=360, Default__BP_PointPlatform_C Function /Engine/Transient.REINST_BP_PointPlatform_C_21:ExecuteUbergraph_BP_PointPlatform
[2018.08.20-12.43.13:004][226]LogUObjectGlobals: Created PersistentFrame Addr=0x000001cbd45af700, Size=360, Default__BP_PointPlatform_C Function /Game/2DSideScrollerBP/Blueprints/BP_PointPlatform.BP_PointPlatform_C:ExecuteUbergraph_BP_PointPlatform
[2018.08.20-12.43.13:031][226]LogUObjectGlobals: Created PersistentFrame Addr=0x000001cb94f80900, Size=320, Default__BP_RotatingPlatform_C Function /Game/2DSideScrollerBP/Blueprints/BP_RotatingPlatform.BP_RotatingPlatform_C:ExecuteUbergraph_BP_RotatingPlatform
[2018.08.20-12.43.13:033][226]LogUObjectGlobals: Destroyed PersistentFrame Addr=0x000001cb94f80900, Size=320
[2018.08.20-12.43.13:033][226]LogUObjectGlobals: Created PersistentFrame Addr=0x000001cb94f80900, Size=320, Default__BP_RotatingPlatform_C Function /Engine/Transient.REINST_BP_RotatingPlatform_C_23:ExecuteUbergraph_BP_RotatingPlatform
[2018.08.20-12.43.13:034][226]LogUObjectGlobals: Created PersistentFrame Addr=0x000001cb94f82480, Size=320, Default__BP_RotatingPlatform_C Function /Game/2DSideScrollerBP/Blueprints/BP_RotatingPlatform.BP_RotatingPlatform_C:ExecuteUbergraph_BP_RotatingPlatform
[2018.08.20-12.43.13:137][226]LogUObjectGlobals: Created PersistentFrame Addr=0x000001cbd45cce20, Size=216, Default__BP_Spring_C Function /Game/2DSideScrollerBP/Blueprints/BP_Spring.BP_Spring_C:ExecuteUbergraph_BP_Spring
[2018.08.20-12.43.13:140][226]LogUObjectGlobals: Destroyed PersistentFrame Addr=0x000001cbd45cce20, Size=216
[2018.08.20-12.43.13:140][226]LogUObjectGlobals: Created PersistentFrame Addr=0x000001cb823c7e40, Size=216, Default__BP_Spring_C Function /Engine/Transient.REINST_BP_Spring_C_25:ExecuteUbergraph_BP_Spring
[2018.08.20-12.43.13:142][226]LogUObjectGlobals: Created PersistentFrame Addr=0x000001cb823c7040, Size=216, Default__BP_Spring_C Function /Game/2DSideScrollerBP/Blueprints/BP_Spring.BP_Spring_C:ExecuteUbergraph_BP_Spring
[2018.08.20-12.43.13:399][226]LogUObjectGlobals: Created PersistentFrame Addr=0x000001cb823b4360, Size=72, Default__BP_Teleporter_2_C Function /Game/2DSideScrollerBP/Blueprints/BP_Teleporter_2.BP_Teleporter_2_C:ExecuteUbergraph_BP_Teleporter_2
[2018.08.20-12.43.13:403][226]LogUObjectGlobals: Destroyed PersistentFrame Addr=0x000001cb823b4360, Size=72
[2018.08.20-12.43.13:403][226]LogUObjectGlobals: Created PersistentFrame Addr=0x000001cb94d17060, Size=72, Default__BP_Teleporter_2_C Function /Engine/Transient.REINST_BP_Teleporter_2_C_27:ExecuteUbergraph_BP_Teleporter_2
[2018.08.20-12.43.13:405][226]LogUObjectGlobals: Created PersistentFrame Addr=0x000001cb94d15850, Size=72, Default__BP_Teleporter_2_C Function /Game/2DSideScrollerBP/Blueprints/BP_Teleporter_2.BP_Teleporter_2_C:ExecuteUbergraph_BP_Teleporter_2
[2018.08.20-12.43.13:475][226]LogUObjectGlobals: Created PersistentFrame Addr=0x000001cb94d15e90, Size=72, Default__2DPuzzleLevelDLC_C Function /Game/2DSideScrollerBP/Maps/2DPuzzleLevelDLC.2DPuzzleLevelDLC_C:ExecuteUbergraph_2DPuzzleLevelDLC
[2018.08.20-12.43.13:476][226]LogUObjectGlobals: Destroyed PersistentFrame Addr=0x000001cb94d15e90, Size=72
[2018.08.20-12.43.13:477][226]LogUObjectGlobals: Created PersistentFrame Addr=0x000001cb94d14680, Size=72, Default__2DPuzzleLevelDLC_C Function /Engine/Transient.REINST_2DPuzzleLevelDLC_C_31:ExecuteUbergraph_2DPuzzleLevelDLC
[2018.08.20-12.43.13:478][226]LogUObjectGlobals: Created PersistentFrame Addr=0x000001cb94cbbba0, Size=72, Default__2DPuzzleLevelDLC_C Function /Game/2DSideScrollerBP/Maps/2DPuzzleLevelDLC.2DPuzzleLevelDLC_C:ExecuteUbergraph_2DPuzzleLevelDLC
[2018.08.20-12.43.13:643][226]LogAIModule: Creating AISystem for world 2DPuzzleLevelDLC
[2018.08.20-12.43.13:738][226]LogUObjectGlobals: Destroyed PersistentFrame Addr=0x000001cb94f80900, Size=320
[2018.08.20-12.43.13:738][226]LogUObjectGlobals: Destroyed PersistentFrame Addr=0x000001cbd4598400, Size=360
[2018.08.20-12.43.13:738][226]LogUObjectGlobals: Destroyed PersistentFrame Addr=0x000001cb823c7e40, Size=216
[2018.08.20-12.43.13:738][226]LogUObjectGlobals: Destroyed PersistentFrame Addr=0x000001cb94d17060, Size=72
[2018.08.20-12.43.13:738][226]LogUObjectGlobals: Destroyed PersistentFrame Addr=0x000001cb94d14680, Size=72
[2018.08.20-12.43.13:750][226]Cmd: MAP LOAD FILE="../../../../School/Unreal Project/TRR/VGDUNRL_TTR_ALPHA/Content/2DSideScrollerBP/Maps/2DPuzzleLevelDLC.umap" TEMPLATE=0 SHOWPROGRESS=1 FEATURELEVEL=3
[2018.08.20-12.43.13:750][226]LightingResults: New page: Lighting Build
[2018.08.20-12.43.13:751][226]LoadErrors: New page: Loading map: 2DPuzzleLevelDLC.umap
[2018.08.20-12.43.13:751][226]MapCheck: New page: Map Check
[2018.08.20-12.43.13:751][226]LightingResults: New page: Lighting Build
[2018.08.20-12.43.13:762][226]LogUObjectGlobals: Destroyed PersistentFrame Addr=0x000001cbc99f2638, Size=24
[2018.08.20-12.43.13:980][226]LogEditorServer: Finished looking for orphan Actors (0.000 secs)
[2018.08.20-12.43.14:036][226]Cmd: MAP CHECKDEP NOCLEARLOG
[2018.08.20-12.43.14:113][226]MapCheck: Map check complete: 0 Error(s), 0 Warning(s), took 77.803ms to complete.
[2018.08.20-12.43.14:113][226]LogFileHelpers: Loading map '2DPuzzleLevelDLC' took 0.364
[2018.08.20-12.43.21:421][616]LogSlate: FSceneViewport::OnFocusLost() reason 0
[2018.08.20-12.45.15:107][411]LogSlate: Window 'Hopper' being destroyed
[2018.08.20-12.45.15:116][411]LogSlate: Window 'Hopper' being destroyed
[2018.08.20-12.45.28:456][979]LogFactory: FactoryCreateFile: Texture with ReimportTextureFactory (0 0 C:/Users/Chris J/Desktop/hopperFlipped.png)
[2018.08.20-12.45.28:475][979]LogTexture: Display: Building textures: hopperFlipped (BGRA8, 250X113)
[2018.08.20-12.45.32:901][176]LogSlate: Window 'Delete Assets' being destroyed
[2018.08.20-12.45.42:120][582]LogFactory: FactoryCreateFile: Texture with ReimportTextureFactory (0 0 C:/Users/Chris J/Desktop/hopperFlipped.png)
[2018.08.20-12.45.42:124][582]LogTexture: Display: Building textures: hopperFlipped (BGRA8, 250X113)
[2018.08.20-12.45.44:867][709]LogUObjectGlobals: Destroyed PersistentFrame Addr=0x000001cb94cbbba0, Size=72
[2018.08.20-12.45.44:867][709]LogUObjectGlobals: Created PersistentFrame Addr=0x000001cb88ca7600, Size=72, Default__2DPuzzleLevelDLC_C Function /Engine/Transient.REINST_2DPuzzleLevelDLC_C_35:ExecuteUbergraph_2DPuzzleLevelDLC
[2018.08.20-12.45.44:868][709]LogUObjectGlobals: Created PersistentFrame Addr=0x000001cb88ca6570, Size=72, Default__2DPuzzleLevelDLC_C Function /Game/2DSideScrollerBP/Maps/2DPuzzleLevelDLC.2DPuzzleLevelDLC_C:ExecuteUbergraph_2DPuzzleLevelDLC
[2018.08.20-12.45.45:297][709]LogSavePackage: Save=450.77ms
[2018.08.20-12.45.45:297][709]LogSavePackage: Moving '../../../../School/Unreal Project/TRR/VGDUNRL_TTR_ALPHA/Saved/2DPuzzleLevelDLC96A5C069451C9A7DD06E7E82B8797BA1.tmp' to '../../../../School/Unreal Project/TRR/VGDUNRL_TTR_ALPHA/Content/2DSideScrollerBP/Maps/2DPuzzleLevelDLC.umap'
[2018.08.20-12.45.45:310][709]LogSavePackage: Display: Finished SavePackage ../../../../School/Unreal Project/TRR/VGDUNRL_TTR_ALPHA/Content/2DSideScrollerBP/Maps/2DPuzzleLevelDLC.umap
[2018.08.20-12.45.45:424][709]LogSavePackage: Save=5.36ms
[2018.08.20-12.45.45:424][709]LogSavePackage: Moving '../../../../School/Unreal Project/TRR/VGDUNRL_TTR_ALPHA/Saved/2DPuzzleLevelDLC_BuiltDataDBCE714543137F7B37EF3896A86FBD60.tmp' to '../../../../School/Unreal Project/TRR/VGDUNRL_TTR_ALPHA/Content/2DSideScrollerBP/Maps/2DPuzzleLevelDLC_BuiltData.uasset'
[2018.08.20-12.45.45:426][709]LogSavePackage: Display: Finished SavePackage ../../../../School/Unreal Project/TRR/VGDUNRL_TTR_ALPHA/Content/2DSideScrollerBP/Maps/2DPuzzleLevelDLC_BuiltData.uasset
[2018.08.20-12.45.48:265][875]LogContentBrowser: Native class hierarchy updated for 'TextureEditor' in 0.0004 seconds. Added 1 classes and 2 folders.
[2018.08.20-12.45.50:313][987]Cmd: OBJ SAVEPACKAGE PACKAGE="/Game/2DSideScroller/Textures/hopperFlipped" FILE="../../../../School/Unreal Project/TRR/VGDUNRL_TTR_ALPHA/Content/2DSideScroller/Textures/hopperFlipped.uasset" SILENT=true
[2018.08.20-12.45.50:364][987]LogSavePackage: Save=46.75ms
[2018.08.20-12.45.50:364][987]LogSavePackage: Moving '../../../../School/Unreal Project/TRR/VGDUNRL_TTR_ALPHA/Saved/hopperFlipped9B9F6E3843AC174D7A5579A2F0CB32C6.tmp' to '../../../../School/Unreal Project/TRR/VGDUNRL_TTR_ALPHA/Content/2DSideScroller/Textures/hopperFlipped.uasset'
[2018.08.20-12.45.50:369][987]LogSavePackage: Display: Finished SavePackage ../../../../School/Unreal Project/TRR/VGDUNRL_TTR_ALPHA/Content/2DSideScroller/Textures/hopperFlipped.uasset
[2018.08.20-12.45.51:407][ 49]LogSlate: Window 'hopperFlipped' being destroyed
[2018.08.20-12.45.51:413][ 49]LogSlate: Window 'hopperFlipped' being destroyed
[2018.08.20-12.46.07:815][994]LogSlate: Window 'Hopper' being destroyed
[2018.08.20-12.46.07:821][994]LogSlate: Window 'Hopper' being destroyed
[2018.08.20-12.46.42:179][978]Cmd: OBJ SAVEPACKAGE PACKAGE="/Game/2DSideScroller/Sprites/HopperFlipped" FILE="../../../../School/Unreal Project/TRR/VGDUNRL_TTR_ALPHA/Content/2DSideScroller/Sprites/HopperFlipped.uasset" SILENT=true
[2018.08.20-12.46.42:192][978]LogSavePackage: Save=9.34ms
[2018.08.20-12.46.42:192][978]LogSavePackage: Moving '../../../../School/Unreal Project/TRR/VGDUNRL_TTR_ALPHA/Saved/HopperFlipped0212AA004825F2FDCD6841A103D63E83.tmp' to '../../../../School/Unreal Project/TRR/VGDUNRL_TTR_ALPHA/Content/2DSideScroller/Sprites/HopperFlipped.uasset'
[2018.08.20-12.46.42:196][978]LogSavePackage: Display: Finished SavePackage ../../../../School/Unreal Project/TRR/VGDUNRL_TTR_ALPHA/Content/2DSideScroller/Sprites/HopperFlipped.uasset
[2018.08.20-12.46.44:281][102]LogSlate: Window 'HopperFlipped' being destroyed
[2018.08.20-12.46.44:288][102]LogSlate: Window 'HopperFlipped' being destroyed
[2018.08.20-12.46.48:000][311]LogSlate: Window 'Hopper' being destroyed
[2018.08.20-12.46.48:006][311]LogSlate: Window 'Hopper' being destroyed
[2018.08.20-12.47.10:688][653]LogSlate: FSceneViewport::OnFocusLost() reason 0
[2018.08.20-12.47.12:765][765]LogSlate: Window 'Hopper' being destroyed
[2018.08.20-12.47.12:771][765]LogSlate: Window 'Hopper' being destroyed
