Log file open, 08/15/18 13:38:32
LogWindows: Failed to load 'aqProf.dll' (GetLastError=126)
LogWindows: File 'aqProf.dll' does not exist
LogWindows: Failed to load 'VtuneApi.dll' (GetLastError=126)
LogWindows: File 'VtuneApi.dll' does not exist
LogWindows: Failed to load 'VtuneApi32e.dll' (GetLastError=126)
LogWindows: File 'VtuneApi32e.dll' does not exist
LogInit: Display: Running engine for game: VGDUNRL_TTR_ALPHA
LogPlatformFile: Not using cached read wrapper
LogInit: Display: RandInit(-666654819) SRandInit(-666654819).
LogInit: Read version file with build ID '3944462'
LogInit: Overriding engine version to CL 4033788, compatible CL 3944462
LogInit: Registered custom module enumerator with build ID '3944462'
LogTaskGraph: Started task graph with 5 named threads and 23 total threads with 3 sets of task threads.
LogStats: Stats thread started at 0.290840
LogD3D11RHI: Aftermath initialized
LogICUInternationalization: Display: ICU TimeZone Detection - Raw Offset: -5:00, Platform Override: ''
LogModuleManager: Display: Found up-to-date module file ../../../Engine/Plugins/2D/Paper2D/Binaries/Win64/UE4Editor-Paper2D.dll (API version 3944462).
LogModuleManager: Display: Found up-to-date module file ../../../Engine/Plugins/2D/Paper2D/Binaries/Win64/UE4Editor-Paper2DEditor.dll (API version 3944462).
LogModuleManager: Display: Found up-to-date module file ../../../Engine/Plugins/2D/Paper2D/Binaries/Win64/UE4Editor-PaperSpriteSheetImporter.dll (API version 3944462).
LogModuleManager: Display: Found up-to-date module file ../../../Engine/Plugins/2D/Paper2D/Binaries/Win64/UE4Editor-PaperTiledImporter.dll (API version 3944462).
LogModuleManager: Display: Found up-to-date module file ../../../Engine/Plugins/2D/Paper2D/Binaries/Win64/UE4Editor-SmartSnapping.dll (API version 3944462).
LogModuleManager: Display: Found up-to-date module file ../../../Engine/Plugins/Blendables/LightPropagationVolume/Binaries/Win64/UE4Editor-LightPropagationVolumeRuntime.dll (API version 3944462).
LogModuleManager: Display: Found up-to-date module file ../../../Engine/Plugins/Blendables/LightPropagationVolume/Binaries/Win64/UE4Editor-LightPropagationVolumeEditor.dll (API version 3944462).
LogModuleManager: Display: Found up-to-date module file ../../../Engine/Plugins/Developer/CLionSourceCodeAccess/Binaries/Win64/UE4Editor-CLionSourceCodeAccess.dll (API version 3944462).
LogModuleManager: Display: Found up-to-date module file ../../../Engine/Plugins/Developer/GitSourceControl/Binaries/Win64/UE4Editor-GitSourceControl.dll (API version 3944462).
LogModuleManager: Display: Found up-to-date module file ../../../Engine/Plugins/Developer/PerforceSourceControl/Binaries/Win64/UE4Editor-PerforceSourceControl.dll (API version 3944462).
LogModuleManager: Display: Found up-to-date module file ../../../Engine/Plugins/Developer/SubversionSourceControl/Binaries/Win64/UE4Editor-SubversionSourceControl.dll (API version 3944462).
LogModuleManager: Display: Found up-to-date module file ../../../Engine/Plugins/Developer/UObjectPlugin/Binaries/Win64/UE4Editor-UObjectPlugin.dll (API version 3944462).
LogModuleManager: Display: Found up-to-date module file ../../../Engine/Plugins/Developer/VisualStudioCodeSourceCodeAccess/Binaries/Win64/UE4Editor-VisualStudioCodeSourceCodeAccess.dll (API version 3944462).
LogModuleManager: Display: Found up-to-date module file ../../../Engine/Plugins/Developer/VisualStudioSourceCodeAccess/Binaries/Win64/UE4Editor-VisualStudioSourceCodeAccess.dll (API version 3944462).
LogModuleManager: Display: Found up-to-date module file ../../../Engine/Plugins/Editor/AssetManagerEditor/Binaries/Win64/UE4Editor-AssetManagerEditor.dll (API version 3944462).
LogModuleManager: Display: Found up-to-date module file ../../../Engine/Plugins/Editor/CryptoKeys/Binaries/Win64/UE4Editor-CryptoKeys.dll (API version 3944462).
LogModuleManager: Display: Found up-to-date module file ../../../Engine/Plugins/Editor/CryptoKeys/Binaries/Win64/UE4Editor-CryptoKeysOpenSSL.dll (API version 3944462).
LogModuleManager: Display: Found up-to-date module file ../../../Engine/Plugins/Editor/DataValidation/Binaries/Win64/UE4Editor-DataValidation.dll (API version 3944462).
LogModuleManager: Display: Found up-to-date module file ../../../Engine/Plugins/Editor/FacialAnimation/Binaries/Win64/UE4Editor-FacialAnimation.dll (API version 3944462).
LogModuleManager: Display: Found up-to-date module file ../../../Engine/Plugins/Editor/FacialAnimation/Binaries/Win64/UE4Editor-FacialAnimationEditor.dll (API version 3944462).
LogModuleManager: Display: Found up-to-date module file ../../../Engine/Plugins/Editor/GameplayTagsEditor/Binaries/Win64/UE4Editor-GameplayTagsEditor.dll (API version 3944462).
LogModuleManager: Display: Found up-to-date module file ../../../Engine/Plugins/Editor/MobileLauncherProfileWizard/Binaries/Win64/UE4Editor-MobileLauncherProfileWizard.dll (API version 3944462).
LogModuleManager: Display: Found up-to-date module file ../../../Engine/Plugins/Editor/PluginBrowser/Binaries/Win64/UE4Editor-PluginBrowser.dll (API version 3944462).
LogModuleManager: Display: Found up-to-date module file ../../../Engine/Plugins/Editor/SpeedTreeImporter/Binaries/Win64/UE4Editor-SpeedTreeImporter.dll (API version 3944462).
LogModuleManager: Display: Found up-to-date module file ../../../Engine/Plugins/Enterprise/DatasmithContent/Binaries/Win64/UE4Editor-DatasmithContent.dll (API version 3944462).
LogModuleManager: Display: Found up-to-date module file ../../../Engine/Plugins/Experimental/AlembicImporter/Binaries/Win64/UE4Editor-AlembicImporter.dll (API version 3944462).
LogModuleManager: Display: Found up-to-date module file ../../../Engine/Plugins/Experimental/AlembicImporter/Binaries/Win64/UE4Editor-AlembicLibrary.dll (API version 3944462).
LogModuleManager: Display: Found up-to-date module file ../../../Engine/Plugins/Experimental/CharacterAI/Binaries/Win64/UE4Editor-CharacterAI.dll (API version 3944462).
LogModuleManager: Display: Found up-to-date module file ../../../Engine/Plugins/Experimental/HTML5Networking/Binaries/Win64/UE4Editor-HTML5Networking.dll (API version 3944462).
LogModuleManager: Display: Found up-to-date module file ../../../Engine/Plugins/Media/AndroidMedia/Binaries/Win64/UE4Editor-AndroidMediaEditor.dll (API version 3944462).
LogModuleManager: Display: Found up-to-date module file ../../../Engine/Plugins/Media/AndroidMedia/Binaries/Win64/UE4Editor-AndroidMediaFactory.dll (API version 3944462).
LogModuleManager: Display: Found up-to-date module file ../../../Engine/Plugins/Media/AvfMedia/Binaries/Win64/UE4Editor-AvfMediaEditor.dll (API version 3944462).
LogModuleManager: Display: Found up-to-date module file ../../../Engine/Plugins/Media/AvfMedia/Binaries/Win64/UE4Editor-AvfMediaFactory.dll (API version 3944462).
LogModuleManager: Display: Found up-to-date module file ../../../Engine/Plugins/Media/AvfMedia/Binaries/Win64/UE4Editor-AvfMediaFactory.dll (API version 3944462).
LogModuleManager: Display: Found up-to-date module file ../../../Engine/Plugins/Media/ImgMedia/Binaries/Win64/UE4Editor-ImgMedia.dll (API version 3944462).
LogModuleManager: Display: Found up-to-date module file ../../../Engine/Plugins/Media/ImgMedia/Binaries/Win64/UE4Editor-ImgMediaEditor.dll (API version 3944462).
LogModuleManager: Display: Found up-to-date module file ../../../Engine/Plugins/Media/ImgMedia/Binaries/Win64/UE4Editor-ImgMediaFactory.dll (API version 3944462).
LogModuleManager: Display: Found up-to-date module file ../../../Engine/Plugins/Media/ImgMedia/Binaries/Win64/UE4Editor-ImgMediaFactory.dll (API version 3944462).
LogModuleManager: Display: Found up-to-date module file ../../../Engine/Plugins/Media/ImgMedia/Binaries/Win64/UE4Editor-OpenExrWrapper.dll (API version 3944462).
LogModuleManager: Display: Found up-to-date module file ../../../Engine/Plugins/Media/LinearTimecode/Binaries/Win64/UE4Editor-LinearTimecode.dll (API version 3944462).
LogModuleManager: Display: Found up-to-date module file ../../../Engine/Plugins/Media/MediaCompositing/Binaries/Win64/UE4Editor-MediaCompositing.dll (API version 3944462).
LogModuleManager: Display: Found up-to-date module file ../../../Engine/Plugins/Media/MediaCompositing/Binaries/Win64/UE4Editor-MediaCompositingEditor.dll (API version 3944462).
LogModuleManager: Display: Found up-to-date module file ../../../Engine/Plugins/Media/MediaPlayerEditor/Binaries/Win64/UE4Editor-MediaPlayerEditor.dll (API version 3944462).
LogModuleManager: Display: Found up-to-date module file ../../../Engine/Plugins/Media/WmfMedia/Binaries/Win64/UE4Editor-WmfMedia.dll (API version 3944462).
LogModuleManager: Display: Found up-to-date module file ../../../Engine/Plugins/Media/WmfMedia/Binaries/Win64/UE4Editor-WmfMediaEditor.dll (API version 3944462).
LogModuleManager: Display: Found up-to-date module file ../../../Engine/Plugins/Media/WmfMedia/Binaries/Win64/UE4Editor-WmfMediaFactory.dll (API version 3944462).
LogModuleManager: Display: Found up-to-date module file ../../../Engine/Plugins/Media/WmfMedia/Binaries/Win64/UE4Editor-WmfMediaFactory.dll (API version 3944462).
LogModuleManager: Display: Found up-to-date module file ../../../Engine/Plugins/Messaging/TcpMessaging/Binaries/Win64/UE4Editor-TcpMessaging.dll (API version 3944462).
LogModuleManager: Display: Found up-to-date module file ../../../Engine/Plugins/Messaging/UdpMessaging/Binaries/Win64/UE4Editor-UdpMessaging.dll (API version 3944462).
LogModuleManager: Display: Found up-to-date module file ../../../Engine/Plugins/MovieScene/ActorSequence/Binaries/Win64/UE4Editor-ActorSequence.dll (API version 3944462).
LogModuleManager: Display: Found up-to-date module file ../../../Engine/Plugins/MovieScene/LevelSequenceEditor/Binaries/Win64/UE4Editor-LevelSequenceEditor.dll (API version 3944462).
LogModuleManager: Display: Found up-to-date module file ../../../Engine/Plugins/MovieScene/MatineeToLevelSequence/Binaries/Win64/UE4Editor-MatineeToLevelSequence.dll (API version 3944462).
LogModuleManager: Display: Found up-to-date module file ../../../Engine/Plugins/NetcodeUnitTest/NetcodeUnitTest/Binaries/Win64/UE4Editor-NetcodeUnitTest.dll (API version 3944462).
LogModuleManager: Display: Found up-to-date module file ../../../Engine/Plugins/NetcodeUnitTest/NUTUnrealEngine4/Binaries/Win64/UE4Editor-NUTUnrealEngine4.dll (API version 3944462).
LogModuleManager: Display: Found up-to-date module file ../../../Engine/Plugins/Online/OnlineSubsystem/Binaries/Win64/UE4Editor-OnlineSubsystem.dll (API version 3944462).
LogModuleManager: Display: Found up-to-date module file ../../../Engine/Plugins/Runtime/AndroidPermission/Binaries/Win64/UE4Editor-AndroidPermission.dll (API version 3944462).
LogModuleManager: Display: Found up-to-date module file ../../../Engine/Plugins/Online/OnlineSubsystemNull/Binaries/Win64/UE4Editor-OnlineSubsystemNull.dll (API version 3944462).
LogModuleManager: Display: Found up-to-date module file ../../../Engine/Plugins/Online/OnlineSubsystemUtils/Binaries/Win64/UE4Editor-OnlineSubsystemUtils.dll (API version 3944462).
LogModuleManager: Display: Found up-to-date module file ../../../Engine/Plugins/Online/OnlineSubsystemUtils/Binaries/Win64/UE4Editor-OnlineBlueprintSupport.dll (API version 3944462).
LogModuleManager: Display: Found up-to-date module file ../../../Engine/Plugins/Runtime/AndroidDeviceProfileSelector/Binaries/Win64/UE4Editor-AndroidDeviceProfileSelector.dll (API version 3944462).
LogModuleManager: Display: Found up-to-date module file ../../../Engine/Plugins/Runtime/AppleARKit/Binaries/Win64/UE4Editor-AppleARKit.dll (API version 3944462).
LogModuleManager: Display: Found up-to-date module file ../../../Engine/Plugins/Runtime/ProceduralMeshComponent/Binaries/Win64/UE4Editor-ProceduralMeshComponent.dll (API version 3944462).
LogModuleManager: Display: Found up-to-date module file ../../../Engine/Plugins/Runtime/ProceduralMeshComponent/Binaries/Win64/UE4Editor-ProceduralMeshComponentEditor.dll (API version 3944462).
LogModuleManager: Display: Found up-to-date module file ../../../Engine/Plugins/Animation/LiveLink/Binaries/Win64/UE4Editor-LiveLink.dll (API version 3944462).
LogModuleManager: Display: Found up-to-date module file ../../../Engine/Plugins/Animation/LiveLink/Binaries/Win64/UE4Editor-LiveLinkEditor.dll (API version 3944462).
LogModuleManager: Display: Found up-to-date module file ../../../Engine/Plugins/Runtime/ArchVisCharacter/Binaries/Win64/UE4Editor-ArchVisCharacter.dll (API version 3944462).
LogModuleManager: Display: Found up-to-date module file ../../../Engine/Plugins/Runtime/AudioCapture/Binaries/Win64/UE4Editor-AudioCapture.dll (API version 3944462).
LogModuleManager: Display: Found up-to-date module file ../../../Engine/Plugins/Runtime/AudioCapture/Binaries/Win64/UE4Editor-AudioCaptureEditor.dll (API version 3944462).
LogModuleManager: Display: Found up-to-date module file ../../../Engine/Plugins/Runtime/CableComponent/Binaries/Win64/UE4Editor-CableComponent.dll (API version 3944462).
LogModuleManager: Display: Found up-to-date module file ../../../Engine/Plugins/Runtime/CustomMeshComponent/Binaries/Win64/UE4Editor-CustomMeshComponent.dll (API version 3944462).
LogModuleManager: Display: Found up-to-date module file ../../../Engine/Plugins/Runtime/ExampleDeviceProfileSelector/Binaries/Win64/UE4Editor-ExampleDeviceProfileSelector.dll (API version 3944462).
LogModuleManager: Display: Found up-to-date module file ../../../Engine/Plugins/Runtime/ImmediatePhysics/Binaries/Win64/UE4Editor-ImmediatePhysics.dll (API version 3944462).
LogModuleManager: Display: Found up-to-date module file ../../../Engine/Plugins/Runtime/ImmediatePhysics/Binaries/Win64/UE4Editor-ImmediatePhysicsEditor.dll (API version 3944462).
LogModuleManager: Display: Found up-to-date module file ../../../Engine/Plugins/Runtime/LocationServicesBPLibrary/Binaries/Win64/UE4Editor-LocationServicesBPLibrary.dll (API version 3944462).
LogModuleManager: Display: Found up-to-date module file ../../../Engine/Plugins/Runtime/MobilePatchingUtils/Binaries/Win64/UE4Editor-MobilePatchingUtils.dll (API version 3944462).
LogModuleManager: Display: Found up-to-date module file ../../../Engine/Plugins/Runtime/Oculus/OculusVR/Binaries/Win64/UE4Editor-OculusHMD.dll (API version 3944462).
LogModuleManager: Display: Found up-to-date module file ../../../Engine/Plugins/Runtime/Oculus/OculusVR/Binaries/Win64/UE4Editor-OculusInput.dll (API version 3944462).
LogModuleManager: Display: Found up-to-date module file ../../../Engine/Plugins/Runtime/Oculus/OculusVR/Binaries/Win64/UE4Editor-OculusEditor.dll (API version 3944462).
LogModuleManager: Display: Found up-to-date module file ../../../Engine/Plugins/Runtime/PhysXVehicles/Binaries/Win64/UE4Editor-PhysXVehicles.dll (API version 3944462).
LogModuleManager: Display: Found up-to-date module file ../../../Engine/Plugins/Runtime/PhysXVehicles/Binaries/Win64/UE4Editor-PhysXVehiclesEditor.dll (API version 3944462).
LogModuleManager: Display: Found up-to-date module file ../../../Engine/Plugins/Runtime/RuntimePhysXCooking/Binaries/Win64/UE4Editor-RuntimePhysXCooking.dll (API version 3944462).
LogModuleManager: Display: Found up-to-date module file ../../../Engine/Plugins/Runtime/Steam/SteamVR/Binaries/Win64/UE4Editor-SteamVR.dll (API version 3944462).
LogModuleManager: Display: Found up-to-date module file ../../../Engine/Plugins/Runtime/Steam/SteamVR/Binaries/Win64/UE4Editor-SteamVRController.dll (API version 3944462).
LogModuleManager: Display: Found up-to-date module file ../../../Engine/Plugins/Runtime/WindowsMoviePlayer/Binaries/Win64/UE4Editor-WindowsMoviePlayer.dll (API version 3944462).
LogPluginManager: Mounting plugin Paper2D
LogPluginManager: Mounting plugin LiveLink
LogPluginManager: Mounting plugin LightPropagationVolume
LogPluginManager: Mounting plugin CLionSourceCodeAccess
LogPluginManager: Mounting plugin CodeLiteSourceCodeAccess
LogPluginManager: Mounting plugin GitSourceControl
LogPluginManager: Mounting plugin KDevelopSourceCodeAccess
LogPluginManager: Mounting plugin NullSourceCodeAccess
LogPluginManager: Mounting plugin PerforceSourceControl
LogPluginManager: Mounting plugin SubversionSourceControl
LogPluginManager: Mounting plugin UObjectPlugin
LogPluginManager: Mounting plugin VisualStudioCodeSourceCodeAccess
LogPluginManager: Mounting plugin VisualStudioSourceCodeAccess
LogPluginManager: Mounting plugin XCodeSourceCodeAccess
LogPluginManager: Mounting plugin AssetManagerEditor
LogPluginManager: Mounting plugin CryptoKeys
LogPluginManager: Mounting plugin DataValidation
LogPluginManager: Mounting plugin FacialAnimation
LogPluginManager: Mounting plugin GameplayTagsEditor
LogPluginManager: Mounting plugin MobileLauncherProfileWizard
LogPluginManager: Mounting plugin PluginBrowser
LogPluginManager: Mounting plugin SpeedTreeImporter
LogPluginManager: Mounting plugin DatasmithContent
LogPluginManager: Mounting plugin AlembicImporter
LogPluginManager: Mounting plugin CharacterAI
LogPluginManager: Mounting plugin HTML5Networking
LogPluginManager: Mounting plugin AndroidMedia
LogPluginManager: Mounting plugin AvfMedia
LogPluginManager: Mounting plugin ImgMedia
LogPluginManager: Mounting plugin LinearTimecode
LogPluginManager: Mounting plugin MediaCompositing
LogPluginManager: Mounting plugin MediaPlayerEditor
LogPluginManager: Mounting plugin WmfMedia
LogPluginManager: Mounting plugin TcpMessaging
LogPluginManager: Mounting plugin UdpMessaging
LogPluginManager: Mounting plugin ActorSequence
LogPluginManager: Mounting plugin LevelSequenceEditor
LogPluginManager: Mounting plugin MatineeToLevelSequence
LogPluginManager: Mounting plugin NetcodeUnitTest
LogPluginManager: Mounting plugin NUTUnrealEngine4
LogPluginManager: Mounting plugin OnlineSubsystemGooglePlay
LogPluginManager: Mounting plugin OnlineSubsystemIOS
LogPluginManager: Mounting plugin OnlineSubsystem
LogPluginManager: Mounting plugin OnlineSubsystemNull
LogPluginManager: Mounting plugin OnlineSubsystemUtils
LogPluginManager: Mounting plugin AndroidDeviceProfileSelector
LogPluginManager: Mounting plugin AndroidMoviePlayer
LogPluginManager: Mounting plugin AndroidPermission
LogPluginManager: Mounting plugin AppleARKit
LogPluginManager: Mounting plugin AppleMoviePlayer
LogPluginManager: Mounting plugin ArchVisCharacter
LogPluginManager: Mounting plugin AudioCapture
LogPluginManager: Mounting plugin CableComponent
LogPluginManager: Mounting plugin CustomMeshComponent
LogPluginManager: Mounting plugin ExampleDeviceProfileSelector
LogPluginManager: Mounting plugin GoogleCloudMessaging
LogPluginManager: Mounting plugin ImmediatePhysics
LogPluginManager: Mounting plugin IOSDeviceProfileSelector
LogPluginManager: Mounting plugin LinuxDeviceProfileSelector
LogPluginManager: Mounting plugin LocationServicesBPLibrary
LogPluginManager: Mounting plugin MobilePatchingUtils
LogPluginManager: Mounting plugin OculusVR
LogPluginManager: Plugin shader directory ../../../Engine/Plugins/Runtime/Oculus/OculusVR/Shaders found
LogPluginManager: Mapping shader source directory ../../../Engine/Plugins/Runtime/Oculus/OculusVR/Shaders to virtual directory /Plugin/OculusVR
LogPluginManager: Mounting plugin PhysXVehicles
LogPluginManager: Mounting plugin ProceduralMeshComponent
LogPluginManager: Mounting plugin RuntimePhysXCooking
LogPluginManager: Mounting plugin SteamVR
LogPluginManager: Mounting plugin WindowsMoviePlayer
LogStreaming: Display: Took  2.311s to configure plugins.
LogInit: Using libcurl 7.47.1
LogInit:  - built for x86_64-pc-win32
LogInit:  - supports SSL with OpenSSL/1.0.2g
LogInit:  - supports HTTP deflate (compression) using libz 1.2.8
LogInit:  - other features:
LogInit:      CURL_VERSION_SSL
LogInit:      CURL_VERSION_LIBZ
LogInit:      CURL_VERSION_IPV6
LogInit:      CURL_VERSION_ASYNCHDNS
LogInit:      CURL_VERSION_LARGEFILE
LogInit:      CURL_VERSION_IDN
LogInit:  CurlRequestOptions (configurable via config and command line):
LogInit:  - bVerifyPeer = false  - Libcurl will NOT verify peer certificate
LogInit:  - bUseHttpProxy = false  - Libcurl will NOT use HTTP proxy
LogInit:  - bDontReuseConnections = false  - Libcurl will reuse connections
LogInit:  - CertBundlePath = nullptr  - Libcurl will use whatever was configured at build time.
LogInit:  - MaxHostConnections = 16  - Libcurl will limit the number of connections to a host
LogInit:  - LocalHostAddr = Default
LogInit: WinSock: version 1.1 (2.2), MaxSocks=32767, MaxUdp=65467
LogInit: WinSock: I am DESKTOP-IK8KNV7 (10.4.107.26:0)
LogInit: Build: ++UE4+Release-4.19-CL-4033788
LogInit: Engine Version: 4.19.2-4033788+++UE4+Release-4.19
LogInit: Compatible Engine Version: 4.19.0-3944462+++UE4+Release-4.19
LogInit: Net CL: 3944462
LogDevObjectVersion: Number of dev versions registered: 18
LogDevObjectVersion:   Dev-Blueprints (B0D832E4-1F89-4F0D-ACCF-7EB736FD4AA2): 10
LogDevObjectVersion:   Dev-Build (E1C64328-A22C-4D53-A36C-8E866417BD8C): 0
LogDevObjectVersion:   Dev-Core (375EC13C-06E4-48FB-B500-84F0262A717E): 2
LogDevObjectVersion:   Dev-Editor (E4B068ED-F494-42E9-A231-DA0B2E46BB41): 23
LogDevObjectVersion:   Dev-Framework (CFFC743F-43B0-4480-9391-14DF171D2073): 33
LogDevObjectVersion:   Dev-Mobile (B02B49B5-BB20-44E9-A304-32B752E40360): 2
LogDevObjectVersion:   Dev-Networking (A4E4105C-59A1-49B5-A7C5-40C4547EDFEE): 0
LogDevObjectVersion:   Dev-Online (39C831C9-5AE6-47DC-9A44-9C173E1C8E7C): 0
LogDevObjectVersion:   Dev-Physics (78F01B33-EBEA-4F98-B9B4-84EACCB95AA2): 0
LogDevObjectVersion:   Dev-Platform (6631380F-2D4D-43E0-8009-CF276956A95A): 0
LogDevObjectVersion:   Dev-Rendering (12F88B9F-8875-4AFC-A67C-D90C383ABD29): 25
LogDevObjectVersion:   Dev-Sequencer (7B5AE74C-D270-4C10-A958-57980B212A5A): 6
LogDevObjectVersion:   Dev-VR (D7296918-1DD6-4BDD-9DE2-64A83CC13884): 1
LogDevObjectVersion:   Dev-LoadTimes (C2A15278-BFE7-4AFE-6C17-90FF531DF755): 1
LogDevObjectVersion:   Private-Geometry (6EACA3D4-40EC-4CC1-B786-8BED09428FC5): 2
LogDevObjectVersion:   Dev-AnimPhys (29E575DD-E0A3-4627-9D10-D276232CDCEA): 16
LogDevObjectVersion:   Dev-ReflectionCapture (6B266CEC-1EC7-4B8F-A30B-E4D90942FC07): 1
LogDevObjectVersion:   Dev-Automation (0DF73D61-A23F-47EA-B727-89E90C41499A): 1
LogInit: Compiled (64-bit): Apr 27 2018 02:06:57
LogInit: Compiled with Visual C++: 19.00.24215.01
LogInit: Build Configuration: Development
LogInit: Branch Name: ++UE4+Release-4.19
LogInit: Command Line:  /Game/2DSideScrollerBP/Maps/MainMenu -game -PIEVIACONSOLE -ResX=1280 -ResY=720  -Multiprocess -messaging -SessionName="Play in Standalone Game" -windowed 
LogInit: Base Directory: D:/games/Epic Games/UE_4.19/Engine/Binaries/Win64/
LogInit: Installed Engine Build: 1
LogStreaming: Display: Took  0.002s to delete old logs.
LogInit: Presizing for max 8388607 objects, including 0 objects not considered by GC, pre-allocating 0 bytes for permanent pool.
LogInit: Object subsystem initialized
[2018.08.15-17.38.35:620][  0]LogInit: Selected Device Profile: [Windows]
[2018.08.15-17.38.35:620][  0]LogInit: Applying CVar settings loaded from the selected device profile: [Windows]
[2018.08.15-17.38.35:625][  0]LogInit: Computer: DESKTOP-IK8KNV7
[2018.08.15-17.38.35:625][  0]LogInit: User: Matt
[2018.08.15-17.38.35:625][  0]LogInit: CPU Page size=4096, Cores=4
[2018.08.15-17.38.35:625][  0]LogInit: High frequency timer resolution =2.742187 MHz
[2018.08.15-17.38.35:625][  0]LogMemory: Memory total: Physical=15.9GB (16GB approx)
[2018.08.15-17.38.35:625][  0]LogMemory: Platform Memory Stats for Windows
[2018.08.15-17.38.35:625][  0]LogMemory: Process Physical Memory: 275.82 MB used, 275.82 MB peak
[2018.08.15-17.38.35:625][  0]LogMemory: Process Virtual Memory: 277.20 MB used, 277.20 MB peak
[2018.08.15-17.38.35:625][  0]LogMemory: Physical Memory: 8342.21 MB used,  7911.08 MB free, 16253.29 MB total
[2018.08.15-17.38.35:625][  0]LogMemory: Virtual Memory: 4793.18 MB used,  7911.08 MB free, 134217728.00 MB total
[2018.08.15-17.38.36:015][  0]LogInit: Using OS detected language (en-US).
[2018.08.15-17.38.36:015][  0]LogInit: Using OS detected locale (en-CA).
[2018.08.15-17.38.36:016][  0]LogTextLocalizationManager: No localization for 'en-US' exists, so 'en' will be used for the language.
[2018.08.15-17.38.36:016][  0]LogTextLocalizationManager: No localization for 'en-CA' exists, so 'en' will be used for the locale.
[2018.08.15-17.38.36:500][  0]LogStreaming: Display: Took  0.485s to EndInitTextLocalization.
[2018.08.15-17.38.36:572][  0]LogSlate: New Slate User Created.  User Index 0, Is Virtual User: 0
[2018.08.15-17.38.36:572][  0]LogSlate: Slate User Registered.  User Index 0, Is Virtual User: 0
[2018.08.15-17.38.36:586][  0]LogD3D11RHI: D3D11 adapters:
[2018.08.15-17.38.36:671][  0]LogD3D11RHI:    0. 'NVIDIA GeForce GTX 1070' (Feature Level 11_0)
[2018.08.15-17.38.36:671][  0]LogD3D11RHI:       8081/0/8126 MB DedicatedVideo/DedicatedSystem/SharedSystem, Outputs:2, VendorId:0x10de
[2018.08.15-17.38.36:698][  0]LogD3D11RHI:    1. 'Intel(R) HD Graphics 630' (Feature Level 11_0)
[2018.08.15-17.38.36:698][  0]LogD3D11RHI:       128/0/8126 MB DedicatedVideo/DedicatedSystem/SharedSystem, Outputs:0, VendorId:0x8086
[2018.08.15-17.38.36:702][  0]LogD3D11RHI:    2. 'Microsoft Basic Render Driver' (Feature Level 11_0)
[2018.08.15-17.38.36:702][  0]LogD3D11RHI:       0/0/8126 MB DedicatedVideo/DedicatedSystem/SharedSystem, Outputs:0, VendorId:0x1414
[2018.08.15-17.38.36:702][  0]LogD3D11RHI: Chosen D3D11 Adapter: 0
[2018.08.15-17.38.36:711][  0]LogD3D11RHI: Creating new Direct3DDevice
[2018.08.15-17.38.36:711][  0]LogD3D11RHI:     GPU DeviceId: 0x1be1 (for the marketing name, search the web for "GPU Device Id")
[2018.08.15-17.38.36:711][  0]LogWindows: EnumDisplayDevices:
[2018.08.15-17.38.36:711][  0]LogWindows:    0. 'NVIDIA GeForce GTX 1070' (P:1 D:1)
[2018.08.15-17.38.36:711][  0]LogWindows:    1. 'NVIDIA GeForce GTX 1070' (P:0 D:1)
[2018.08.15-17.38.36:711][  0]LogWindows:    2. 'NVIDIA GeForce GTX 1070' (P:0 D:0)
[2018.08.15-17.38.36:712][  0]LogWindows:    3. 'NVIDIA GeForce GTX 1070' (P:0 D:0)
[2018.08.15-17.38.36:712][  0]LogWindows:    4. 'Intel(R) HD Graphics 630' (P:0 D:0)
[2018.08.15-17.38.36:712][  0]LogWindows:    5. 'Intel(R) HD Graphics 630' (P:0 D:0)
[2018.08.15-17.38.36:712][  0]LogWindows:    6. 'Intel(R) HD Graphics 630' (P:0 D:0)
[2018.08.15-17.38.36:713][  0]LogWindows: DebugString: GetVideoDriverDetailsInvalid PrimaryIsNotTheChoosenAdapter GetVideoDriverDetailsInvalid PrimaryIsNotTheChoosenAdapter GetVideoDriverDetailsInvalid PrimaryIsNotTheChoosenAdapter GetVideoDriverDetailsInvalid PrimaryIsNotTheChoosenAdapter GetVideoDriverDetailsInvalid PrimaryIsNotTheChoosenAdapter GetVideoDriverDetailsInvalid PrimaryIsNotTheChoosenAdapter GetVideoDriverDetailsInvalid PrimaryIsNotTheChoosenAdapter FoundDriverCount:0 
[2018.08.15-17.38.36:713][  0]LogD3D11RHI:     Adapter Name: NVIDIA GeForce GTX 1070
[2018.08.15-17.38.36:713][  0]LogD3D11RHI:   Driver Version: Unknown (internal:Unknown, unified:Unknown)
[2018.08.15-17.38.36:713][  0]LogD3D11RHI:      Driver Date: Unknown
[2018.08.15-17.38.36:713][  0]LogRHI: Texture pool is 5656 MB (70% of 8081 MB)
[2018.08.15-17.38.36:763][  0]LogD3D11RHI: [Aftermath] Aftermath enabled and primed
[2018.08.15-17.38.36:764][  0]LogD3D11RHI: [Aftermath] Aftermath enabled and primed
[2018.08.15-17.38.36:764][  0]LogD3D11RHI: Async texture creation enabled
[2018.08.15-17.38.36:791][  0]LogD3D11RHI: GPU Timing Frequency: 1000.000000 (Debug: 2 2)
[2018.08.15-17.38.36:893][  0]LogShaderCompilers: Guid format shader working directory is -28 characters bigger than the processId version (../../../../../../School/Unreal Projects/TREKTHERAINBOW/VGDUNRL_TTR_ALPHA/Intermediate/Shaders/WorkingDirectory/3592/).
[2018.08.15-17.38.36:894][  0]LogShaderCompilers: Cleaned the shader compiler working directory 'C:/Users/Matt/AppData/Local/Temp/UnrealShaderWorkingDir/E4ADF015449CA746E3A00F930C5BEA6A/'.
[2018.08.15-17.38.37:230][  0]LogTemp: Display: Loaded TP WindowsClientTargetPlatform
[2018.08.15-17.38.37:247][  0]LogTemp: Display: Loaded TP WindowsNoEditorTargetPlatform
[2018.08.15-17.38.37:263][  0]LogTemp: Display: Loaded TP WindowsServerTargetPlatform
[2018.08.15-17.38.37:280][  0]LogTemp: Display: Loaded TP WindowsTargetPlatform
[2018.08.15-17.38.37:280][  0]LogTargetPlatformManager: Display: Building Assets For Windows
[2018.08.15-17.38.37:485][  0]LogXGEController: Cannot use XGE Controller as Incredibuild is not installed on this machine.
[2018.08.15-17.38.37:485][  0]LogShaderCompilers: Cannot use XGE Shader Compiler as Incredibuild is not installed on this machine.
[2018.08.15-17.38.37:485][  0]LogShaderCompilers: Display: Using Local Shader Compiler.
[2018.08.15-17.38.38:202][  0]LogDerivedDataCache: Display: Max Cache Size: 512 MB
[2018.08.15-17.38.38:279][  0]LogDerivedDataCache: Loaded boot cache 0.08s 74MB C:/Users/Matt/AppData/Local/UnrealEngine/4.19/DerivedDataCache/Boot.ddc.
[2018.08.15-17.38.38:279][  0]LogDerivedDataCache: Display: Loaded Boot cache: C:/Users/Matt/AppData/Local/UnrealEngine/4.19/DerivedDataCache/Boot.ddc
[2018.08.15-17.38.38:279][  0]LogDerivedDataCache: FDerivedDataBackendGraph:  Pak pak cache file ../../../../../../School/Unreal Projects/TREKTHERAINBOW/VGDUNRL_TTR_ALPHA/DerivedDataCache/DDC.ddp not found, will not use a pak cache.
[2018.08.15-17.38.38:279][  0]LogDerivedDataCache: Unable to find inner node Pak for hierarchical cache Hierarchy.
[2018.08.15-17.38.38:279][  0]LogDerivedDataCache: FDerivedDataBackendGraph:  CompressedPak pak cache file ../../../../../../School/Unreal Projects/TREKTHERAINBOW/VGDUNRL_TTR_ALPHA/DerivedDataCache/Compressed.ddp not found, will not use a pak cache.
[2018.08.15-17.38.38:279][  0]LogDerivedDataCache: Unable to find inner node CompressedPak for hierarchical cache Hierarchy.
[2018.08.15-17.38.38:295][  0]LogDerivedDataCache: Display: Pak cache opened for reading ../../../Engine/DerivedDataCache/Compressed.ddp.
[2018.08.15-17.38.38:308][  0]LogDerivedDataCache: Using Local data cache path C:/Users/Matt/AppData/Local/UnrealEngine/Common/DerivedDataCache: Writable
[2018.08.15-17.38.38:308][  0]LogDerivedDataCache: Shared data cache path not found in *engine.ini, will not use an Shared cache.
[2018.08.15-17.38.38:308][  0]LogDerivedDataCache: Unable to find inner node Shared for hierarchical cache Hierarchy.
[2018.08.15-17.38.38:320][  0]LogMaterial: Verifying Global Shaders for PCD3D_SM5
[2018.08.15-17.38.38:321][  0]LogSlate: Using Freetype 2.6.0
[2018.08.15-17.38.38:322][  0]LogSlate: SlateFontCache - WITH_FREETYPE: 1, WITH_HARFBUZZ: 1
[2018.08.15-17.38.38:322][  0]LogSlate: SlateFontCache - WITH_FREETYPE: 1, WITH_HARFBUZZ: 1
[2018.08.15-17.38.38:508][  0]LogAssetRegistry: FAssetRegistry took 0.0052 seconds to start up
[2018.08.15-17.38.38:712][  0]LogPackageLocalizationCache: Processed 9 localized package path(s) for 1 prioritized culture(s) in 0.012076 seconds
[2018.08.15-17.38.38:826][  0]LogInit: Selected Device Profile: [Windows]
[2018.08.15-17.38.39:010][  0]LogSimplygon: Simplygon DLL not present - disabling.
[2018.08.15-17.38.39:014][  0]LogMeshReduction: Using SimplygonSwarm for distributed automatic mesh merging
[2018.08.15-17.38.39:014][  0]LogMeshReduction: Using QuadricMeshReduction for automatic static mesh reduction
[2018.08.15-17.38.39:014][  0]LogMeshReduction: No automatic skeletal mesh reduction module available
[2018.08.15-17.38.39:014][  0]LogMeshReduction: No automatic mesh merging module available
[2018.08.15-17.38.39:014][  0]LogMeshMerging: No automatic mesh merging module available
[2018.08.15-17.38.39:077][  0]LogNetVersion: VGDUNRL_TTR_ALPHA , NetCL: 3944462, EngineNetVer: 2, GameNetVer: 0 (Checksum: 625581311)
[2018.08.15-17.38.39:896][  0]LogMoviePlayer: Initializing movie player
[2018.08.15-17.38.40:676][  0]LogTcpMessaging: Initializing TcpMessaging bridge
[2018.08.15-17.38.40:742][  0]LogUdpMessaging: Initializing bridge on interface 0.0.0.0:0 to multicast group 230.0.0.1:6666.
[2018.08.15-17.38.41:287][  0]SourceControl: Source control is disabled
[2018.08.15-17.38.41:287][  0]SourceControl: Source control is disabled
[2018.08.15-17.38.41:335][  0]SourceControl: Source control is disabled
[2018.08.15-17.38.42:178][  0]LogAndroidPermission: UAndroidPermissionCallbackProxy::GetInstance
[2018.08.15-17.38.42:538][  0]LogOcInput: OculusInput pre-init called
[2018.08.15-17.38.42:654][  0]LogUObjectArray: 40124 objects as part of root set at end of initial load.
[2018.08.15-17.38.42:654][  0]LogUObjectAllocator: 8364208 out of 0 bytes used by permanent object pool.
[2018.08.15-17.38.42:654][  0]LogUObjectArray: CloseDisregardForGC: 0/0 objects in disregard for GC pool
[2018.08.15-17.38.42:719][  0]LogEngine: Initializing Engine...
[2018.08.15-17.38.42:722][  0]LogHMD: Failed to initialize OpenVR with code 110
[2018.08.15-17.38.42:736][  0]LogStats: UGameplayTagsManager::ConstructGameplayTagTree: Construct from data asset -  0.000 s
[2018.08.15-17.38.42:736][  0]LogStats: UGameplayTagsManager::ConstructGameplayTagTree: GameplayTagTreeChangedEvent.Broadcast -  0.000 s
[2018.08.15-17.38.42:987][  0]LogInit: XAudio2 using 'Speakers / Headphones (Realtek Audio)' : 6 channels at 48 kHz using 32 bits per sample (channel mask 0x3f)
[2018.08.15-17.38.43:089][  0]LogInit: FAudioDevice initialized.
[2018.08.15-17.38.43:118][  0]LogInit: Texture streaming: Enabled
[2018.08.15-17.38.43:450][  0]LogInit: Display: Game Engine Initialized.
[2018.08.15-17.38.43:450][  0]LogGameplayTags: Display: UGameplayTagsManager::DoneAddingNativeTags. DelegateIsBound: 0
[2018.08.15-17.38.43:450][  0]LogStats: UGameplayTagsManager::ConstructGameplayTagTree: Construct from data asset -  0.000 s
[2018.08.15-17.38.43:450][  0]LogStats: UGameplayTagsManager::ConstructGameplayTagTree: GameplayTagTreeChangedEvent.Broadcast -  0.000 s
[2018.08.15-17.38.43:731][  0]LogInit: Display: Starting Game.
[2018.08.15-17.38.43:732][  0]LogNet: Browse: /Game/2DSideScrollerBP/Maps/MainMenu?Name=Player
[2018.08.15-17.38.43:732][  0]LogLoad: LoadMap: /Game/2DSideScrollerBP/Maps/MainMenu?Name=Player
[2018.08.15-17.38.43:747][  0]LogUObjectGlobals: Created PersistentFrame Addr=0x0000029f1ef21750, Size=24, Default__MainMenu_C Function /Game/2DSideScrollerBP/Maps/MainMenu.MainMenu_C:ExecuteUbergraph_MainMenu
[2018.08.15-17.38.43:749][  0]LogUObjectGlobals: Created PersistentFrame Addr=0x0000029f4d40ff20, Size=16, Default__UI_Menu_C Function /Game/2DSideScrollerBP/Blueprints/UI_Menu.UI_Menu_C:ExecuteUbergraph_UI_Menu
[2018.08.15-17.38.43:753][  0]LogUObjectGlobals: Created PersistentFrame Addr=0x0000029f4d442980, Size=120, Default__GameUI_C Function /Game/2DSideScrollerBP/Blueprints/GameUI.GameUI_C:ExecuteUbergraph_GameUI
[2018.08.15-17.38.43:758][  0]LogUObjectGlobals: Created PersistentFrame Addr=0x0000029f4d3ef740, Size=400, Default__2DSideScrollerCharacter_C Function /Game/2DSideScrollerBP/Blueprints/2DSideScrollerCharacter.2DSideScrollerCharacter_C:ExecuteUbergraph_2DSideScrollerCharacter
[2018.08.15-17.38.43:760][  0]LogUObjectGlobals: Created PersistentFrame Addr=0x0000029f4d45b100, Size=48, Default__2DSideScrollerGameMode_C Function /Game/2DSideScrollerBP/Blueprints/2DSideScrollerGameMode.2DSideScrollerGameMode_C:ExecuteUbergraph_2DSideScrollerGameMode
[2018.08.15-17.38.43:762][  0]LogUObjectGlobals: Created PersistentFrame Addr=0x0000029f4d40fe60, Size=16, Default__GameHUD_C Function /Game/2DSideScrollerBP/Blueprints/GameHUD.GameHUD_C:ExecuteUbergraph_GameHUD
[2018.08.15-17.38.43:821][  0]LogUObjectGlobals: Destroyed PersistentFrame Addr=0x0000029f4d40fe60, Size=16
[2018.08.15-17.38.43:821][  0]LogUObjectGlobals: Created PersistentFrame Addr=0x0000029f4d40fe60, Size=16, Default__GameHUD_C Function /Engine/Transient.REINST_GameHUD_C_3:ExecuteUbergraph_GameHUD
[2018.08.15-17.38.43:822][  0]LogUObjectGlobals: Destroyed PersistentFrame Addr=0x0000029f4d45b100, Size=48
[2018.08.15-17.38.43:822][  0]LogUObjectGlobals: Created PersistentFrame Addr=0x0000029f4d45b100, Size=48, Default__2DSideScrollerGameMode_C Function /Engine/Transient.REINST_2DSideScrollerGameMode_C_4:ExecuteUbergraph_2DSideScrollerGameMode
[2018.08.15-17.38.43:822][  0]LogUObjectGlobals: Destroyed PersistentFrame Addr=0x0000029f4d442980, Size=120
[2018.08.15-17.38.43:822][  0]LogUObjectGlobals: Created PersistentFrame Addr=0x0000029f4d442980, Size=120, Default__GameUI_C Function /Engine/Transient.REINST_GameUI_C_0:ExecuteUbergraph_GameUI
[2018.08.15-17.38.43:822][  0]LogUObjectGlobals: Destroyed PersistentFrame Addr=0x0000029f4d40ff20, Size=16
[2018.08.15-17.38.43:822][  0]LogUObjectGlobals: Created PersistentFrame Addr=0x0000029f4d40ff20, Size=16, Default__UI_Menu_C Function /Engine/Transient.REINST_UI_Menu_C_1:ExecuteUbergraph_UI_Menu
[2018.08.15-17.38.43:824][  0]LogUObjectGlobals: Destroyed PersistentFrame Addr=0x0000029f4d3ef740, Size=400
[2018.08.15-17.38.43:824][  0]LogUObjectGlobals: Created PersistentFrame Addr=0x0000029f4d1bc480, Size=400, Default__2DSideScrollerCharacter_C Function /Engine/Transient.REINST_2DSideScrollerCharacter_C_5:ExecuteUbergraph_2DSideScrollerCharacter
[2018.08.15-17.38.43:837][  0]LogUObjectGlobals: Created PersistentFrame Addr=0x0000029f4d459660, Size=48, Default__2DSideScrollerGameMode_C Function /Game/2DSideScrollerBP/Blueprints/2DSideScrollerGameMode.2DSideScrollerGameMode_C:ExecuteUbergraph_2DSideScrollerGameMode
[2018.08.15-17.38.43:841][  0]LogUObjectGlobals: Created PersistentFrame Addr=0x0000029f4d4c8c80, Size=120, Default__GameUI_C Function /Game/2DSideScrollerBP/Blueprints/GameUI.GameUI_C:ExecuteUbergraph_GameUI
[2018.08.15-17.38.43:842][  0]LogUObjectGlobals: Created PersistentFrame Addr=0x0000029f40619fb0, Size=16, Default__UI_Menu_C Function /Game/2DSideScrollerBP/Blueprints/UI_Menu.UI_Menu_C:ExecuteUbergraph_UI_Menu
[2018.08.15-17.38.43:844][  0]LogUObjectGlobals: Created PersistentFrame Addr=0x0000029f32b0d980, Size=400, Default__2DSideScrollerCharacter_C Function /Game/2DSideScrollerBP/Blueprints/2DSideScrollerCharacter.2DSideScrollerCharacter_C:ExecuteUbergraph_2DSideScrollerCharacter
[2018.08.15-17.38.43:851][  0]LogUObjectGlobals: Destroyed PersistentFrame Addr=0x0000029f1ef21750, Size=24
[2018.08.15-17.38.43:851][  0]LogUObjectGlobals: Created PersistentFrame Addr=0x0000029f4cc0a668, Size=24, Default__MainMenu_C Function /Engine/Transient.REINST_MainMenu_C_13:ExecuteUbergraph_MainMenu
[2018.08.15-17.38.43:852][  0]LogUObjectGlobals: Created PersistentFrame Addr=0x0000029f4cc0a4b8, Size=24, Default__MainMenu_C Function /Game/2DSideScrollerBP/Maps/MainMenu.MainMenu_C:ExecuteUbergraph_MainMenu
[2018.08.15-17.38.43:958][  0]LogAIModule: Creating AISystem for world MainMenu
[2018.08.15-17.38.43:958][  0]LogLoad: Game class is '2DSideScrollerGameMode_C'
[2018.08.15-17.38.43:960][  0]LogWorld: Bringing World /Game/2DSideScrollerBP/Maps/MainMenu.MainMenu up for play (max tick rate 0) at 2018.08.15-13.38.43
[2018.08.15-17.38.43:960][  0]LogWorld: Bringing up level for play took: 0.000797
[2018.08.15-17.38.43:961][  0]LogGameMode: FindPlayerStart: PATHS NOT DEFINED or NO PLAYERSTART with positive rating
[2018.08.15-17.38.44:000][  0]LogLoad: Took 0.269153 seconds to LoadMap(/Game/2DSideScrollerBP/Maps/MainMenu)
[2018.08.15-17.38.44:203][  0]LogWindowsTextInputMethodSystem: Display: IME system now deactivated.
[2018.08.15-17.38.47:598][  0]LogLoad: (Engine Initialization) Total time: 16.72 seconds
[2018.08.15-17.38.47:598][  0]LogLoad: (Engine Initialization) Total Blueprint compile time: 0.00 seconds
[2018.08.15-17.38.47:617][  0]LogContentStreaming: Texture pool size now 1000 MB
[2018.08.15-17.38.47:729][  1]LogRenderer: Reallocating scene render targets to support 1280x720 Format 10 NumSamples 1 (Frame:1).
[2018.08.15-17.38.49:101][ 82]LogSlate: FSceneViewport::OnFocusLost() reason 0
[2018.08.15-17.38.49:398][ 88]LogPackageName: SearchForPackageOnDisk took   0.200s to resolve 2DPuzzleLevel.umap.
[2018.08.15-17.38.49:604][ 88]LogPackageName: SearchForPackageOnDisk took   0.204s to resolve 2DPuzzleLevel.umap.
[2018.08.15-17.38.49:604][ 88]LogNet: Browse: /Game/2DSideScrollerBP/Maps/2DPuzzleLevel
[2018.08.15-17.38.49:604][ 88]LogLoad: LoadMap: /Game/2DSideScrollerBP/Maps/2DPuzzleLevel
[2018.08.15-17.38.49:618][ 88]LogUObjectGlobals: Destroyed PersistentFrame Addr=0x0000029f4cc0a668, Size=24
[2018.08.15-17.38.49:618][ 88]LogUObjectGlobals: Destroyed PersistentFrame Addr=0x0000029f4d40ff20, Size=16
[2018.08.15-17.38.49:618][ 88]LogUObjectGlobals: Destroyed PersistentFrame Addr=0x0000029f4d442980, Size=120
[2018.08.15-17.38.49:618][ 88]LogUObjectGlobals: Destroyed PersistentFrame Addr=0x0000029f4d1bc480, Size=400
[2018.08.15-17.38.49:618][ 88]LogUObjectGlobals: Destroyed PersistentFrame Addr=0x0000029f4d45b100, Size=48
[2018.08.15-17.38.49:618][ 88]LogUObjectGlobals: Destroyed PersistentFrame Addr=0x0000029f4d40fe60, Size=16
[2018.08.15-17.38.49:619][ 88]LogUObjectGlobals: Destroyed PersistentFrame Addr=0x0000029f4d459660, Size=48
[2018.08.15-17.38.49:619][ 88]LogUObjectGlobals: Destroyed PersistentFrame Addr=0x0000029f4d4c8c80, Size=120
[2018.08.15-17.38.49:619][ 88]LogUObjectGlobals: Destroyed PersistentFrame Addr=0x0000029f40619fb0, Size=16
[2018.08.15-17.38.49:619][ 88]LogUObjectGlobals: Destroyed PersistentFrame Addr=0x0000029f32b0d980, Size=400
[2018.08.15-17.38.49:619][ 88]LogUObjectGlobals: Destroyed PersistentFrame Addr=0x0000029f4cc0a4b8, Size=24
[2018.08.15-17.38.49:625][ 88]LogUObjectGlobals: Created PersistentFrame Addr=0x0000029f4d48b7e0, Size=72, Default__2DPuzzleLevel_C Function /Game/2DSideScrollerBP/Maps/2DPuzzleLevel.2DPuzzleLevel_C:ExecuteUbergraph_2DPuzzleLevel
[2018.08.15-17.38.49:626][ 88]LogUObjectGlobals: Created PersistentFrame Addr=0x0000029f25b18d90, Size=48, Default__2DSideScrollerGameMode_C Function /Game/2DSideScrollerBP/Blueprints/2DSideScrollerGameMode.2DSideScrollerGameMode_C:ExecuteUbergraph_2DSideScrollerGameMode
[2018.08.15-17.38.49:628][ 88]LogUObjectGlobals: Created PersistentFrame Addr=0x0000029f32a26e90, Size=16, Default__GameHUD_C Function /Game/2DSideScrollerBP/Blueprints/GameHUD.GameHUD_C:ExecuteUbergraph_GameHUD
[2018.08.15-17.38.49:630][ 88]LogUObjectGlobals: Created PersistentFrame Addr=0x0000029f5180e800, Size=120, Default__GameUI_C Function /Game/2DSideScrollerBP/Blueprints/GameUI.GameUI_C:ExecuteUbergraph_GameUI
[2018.08.15-17.38.49:633][ 88]LogUObjectGlobals: Created PersistentFrame Addr=0x0000029f51893c80, Size=400, Default__2DSideScrollerCharacter_C Function /Game/2DSideScrollerBP/Blueprints/2DSideScrollerCharacter.2DSideScrollerCharacter_C:ExecuteUbergraph_2DSideScrollerCharacter
[2018.08.15-17.38.49:680][ 88]LogUObjectGlobals: Created PersistentFrame Addr=0x0000029f4d224a00, Size=360, Default__BP_PointPlatform_C Function /Game/2DSideScrollerBP/Blueprints/BP_PointPlatform.BP_PointPlatform_C:ExecuteUbergraph_BP_PointPlatform
[2018.08.15-17.38.49:695][ 88]LogUObjectGlobals: Created PersistentFrame Addr=0x0000029f4d4b3700, Size=760, Default__BP_ProfJLP_C Function /Game/2DSideScrollerBP/Blueprints/BP_ProfJLP.BP_ProfJLP_C:ExecuteUbergraph_BP_ProfJLP
[2018.08.15-17.38.49:704][ 88]LogUObjectGlobals: Created PersistentFrame Addr=0x0000029f32a1d580, Size=320, Default__BP_RotatingPlatform_C Function /Game/2DSideScrollerBP/Blueprints/BP_RotatingPlatform.BP_RotatingPlatform_C:ExecuteUbergraph_BP_RotatingPlatform
[2018.08.15-17.38.49:707][ 88]LogUObjectGlobals: Created PersistentFrame Addr=0x0000029f3e637740, Size=224, Default__BP_Spring_C Function /Game/2DSideScrollerBP/Blueprints/BP_Spring.BP_Spring_C:ExecuteUbergraph_BP_Spring
[2018.08.15-17.38.49:712][ 88]LogUObjectGlobals: Created PersistentFrame Addr=0x0000029f4d417150, Size=72, Default__BP_Teleporter_2_C Function /Game/2DSideScrollerBP/Blueprints/BP_Teleporter_2.BP_Teleporter_2_C:ExecuteUbergraph_BP_Teleporter_2
[2018.08.15-17.38.49:722][ 88]LogUObjectGlobals: Created PersistentFrame Addr=0x0000029f32b0cf00, Size=416, Default__BP_TheBlob_Hopper_C Function /Game/2DSideScrollerBP/Blueprints/BP_TheBlob_Hopper.BP_TheBlob_Hopper_C:ExecuteUbergraph_BP_TheBlob_Hopper
[2018.08.15-17.38.49:730][ 88]LogUObjectGlobals: Created PersistentFrame Addr=0x0000029f32a549f8, Size=56, Default__Collectables_C Function /Game/2DSideScrollerBP/Blueprints/Collectables.Collectables_C:ExecuteUbergraph_Collectables
[2018.08.15-17.38.49:738][ 88]LogUObjectGlobals: Created PersistentFrame Addr=0x0000029f32a73400, Size=704, Default__TheCloud_C Function /Game/2DSideScrollerBP/Blueprints/TheCloud.TheCloud_C:ExecuteUbergraph_TheCloud
[2018.08.15-17.38.49:740][ 88]LogUObjectGlobals: Created PersistentFrame Addr=0x0000029f4d1be780, Size=424, Default__BP_TheBlob_Hopper_Timed_C Function /Game/2DSideScrollerBP/Blueprints/BP_TheBlob_Hopper_Timed.BP_TheBlob_Hopper_Timed_C:ExecuteUbergraph_BP_TheBlob_Hopper_Timed
[2018.08.15-17.38.49:774][ 88]LogUObjectGlobals: Destroyed PersistentFrame Addr=0x0000029f4d224a00, Size=360
[2018.08.15-17.38.49:774][ 88]LogUObjectGlobals: Created PersistentFrame Addr=0x0000029f50eee080, Size=360, Default__BP_PointPlatform_C Function /Engine/Transient.REINST_BP_PointPlatform_C_17:ExecuteUbergraph_BP_PointPlatform
[2018.08.15-17.38.49:774][ 88]LogUObjectGlobals: Destroyed PersistentFrame Addr=0x0000029f4d4b3700, Size=760
[2018.08.15-17.38.49:774][ 88]LogUObjectGlobals: Created PersistentFrame Addr=0x0000029f4d193d00, Size=760, Default__BP_ProfJLP_C Function /Engine/Transient.REINST_BP_ProfJLP_C_18:ExecuteUbergraph_BP_ProfJLP
[2018.08.15-17.38.49:774][ 88]LogUObjectGlobals: Destroyed PersistentFrame Addr=0x0000029f32a1d580, Size=320
[2018.08.15-17.38.49:774][ 88]LogUObjectGlobals: Created PersistentFrame Addr=0x0000029f5102b240, Size=320, Default__BP_RotatingPlatform_C Function /Engine/Transient.REINST_BP_RotatingPlatform_C_19:ExecuteUbergraph_BP_RotatingPlatform
[2018.08.15-17.38.49:774][ 88]LogUObjectGlobals: Destroyed PersistentFrame Addr=0x0000029f3e637740, Size=224
[2018.08.15-17.38.49:774][ 88]LogUObjectGlobals: Created PersistentFrame Addr=0x0000029f50fd1600, Size=224, Default__BP_Spring_C Function /Engine/Transient.REINST_BP_Spring_C_20:ExecuteUbergraph_BP_Spring
[2018.08.15-17.38.49:775][ 88]LogUObjectGlobals: Destroyed PersistentFrame Addr=0x0000029f4d417150, Size=72
[2018.08.15-17.38.49:775][ 88]LogUObjectGlobals: Created PersistentFrame Addr=0x0000029f50edf740, Size=72, Default__BP_Teleporter_2_C Function /Engine/Transient.REINST_BP_Teleporter_2_C_23:ExecuteUbergraph_BP_Teleporter_2
[2018.08.15-17.38.49:775][ 88]LogUObjectGlobals: Destroyed PersistentFrame Addr=0x0000029f32b0cf00, Size=416
[2018.08.15-17.38.49:775][ 88]LogUObjectGlobals: Created PersistentFrame Addr=0x0000029f50ed6780, Size=416, Default__BP_TheBlob_Hopper_C Function /Engine/Transient.REINST_BP_TheBlob_Hopper_C_24:ExecuteUbergraph_BP_TheBlob_Hopper
[2018.08.15-17.38.49:775][ 88]LogUObjectGlobals: Destroyed PersistentFrame Addr=0x0000029f4d1be780, Size=424
[2018.08.15-17.38.49:775][ 88]LogUObjectGlobals: Created PersistentFrame Addr=0x0000029f50ed5ec0, Size=424, Default__BP_TheBlob_Hopper_Timed_C Function /Engine/Transient.REINST_BP_TheBlob_Hopper_Timed_C_25:ExecuteUbergraph_BP_TheBlob_Hopper_Timed
[2018.08.15-17.38.49:776][ 88]LogUObjectGlobals: Destroyed PersistentFrame Addr=0x0000029f32a549f8, Size=56
[2018.08.15-17.38.49:776][ 88]LogUObjectGlobals: Created PersistentFrame Addr=0x0000029f4d482630, Size=56, Default__Collectables_C Function /Engine/Transient.REINST_Collectables_C_27:ExecuteUbergraph_Collectables
[2018.08.15-17.38.49:776][ 88]LogUObjectGlobals: Destroyed PersistentFrame Addr=0x0000029f32a73400, Size=704
[2018.08.15-17.38.49:776][ 88]LogUObjectGlobals: Created PersistentFrame Addr=0x0000029f50ee0100, Size=704, Default__TheCloud_C Function /Engine/Transient.REINST_TheCloud_C_28:ExecuteUbergraph_TheCloud
[2018.08.15-17.38.49:776][ 88]LogUObjectGlobals: Destroyed PersistentFrame Addr=0x0000029f32a26e90, Size=16
[2018.08.15-17.38.49:776][ 88]LogUObjectGlobals: Created PersistentFrame Addr=0x0000029f50f6ec60, Size=16, Default__GameHUD_C Function /Engine/Transient.REINST_GameHUD_C_29:ExecuteUbergraph_GameHUD
[2018.08.15-17.38.49:776][ 88]LogUObjectGlobals: Destroyed PersistentFrame Addr=0x0000029f25b18d90, Size=48
[2018.08.15-17.38.49:776][ 88]LogUObjectGlobals: Created PersistentFrame Addr=0x0000029f32a2fc70, Size=48, Default__2DSideScrollerGameMode_C Function /Engine/Transient.REINST_2DSideScrollerGameMode_C_30:ExecuteUbergraph_2DSideScrollerGameMode
[2018.08.15-17.38.49:777][ 88]LogUObjectGlobals: Destroyed PersistentFrame Addr=0x0000029f5180e800, Size=120
[2018.08.15-17.38.49:777][ 88]LogUObjectGlobals: Created PersistentFrame Addr=0x0000029f4d440f80, Size=120, Default__GameUI_C Function /Engine/Transient.REINST_GameUI_C_2:ExecuteUbergraph_GameUI
[2018.08.15-17.38.49:777][ 88]LogUObjectGlobals: Destroyed PersistentFrame Addr=0x0000029f51893c80, Size=400
[2018.08.15-17.38.49:777][ 88]LogUObjectGlobals: Created PersistentFrame Addr=0x0000029f50ed4100, Size=400, Default__2DSideScrollerCharacter_C Function /Engine/Transient.REINST_2DSideScrollerCharacter_C_31:ExecuteUbergraph_2DSideScrollerCharacter
[2018.08.15-17.38.49:811][ 88]LogUObjectGlobals: Created PersistentFrame Addr=0x0000029f4b390100, Size=360, Default__BP_PointPlatform_C Function /Game/2DSideScrollerBP/Blueprints/BP_PointPlatform.BP_PointPlatform_C:ExecuteUbergraph_BP_PointPlatform
[2018.08.15-17.38.49:812][ 88]LogUObjectGlobals: Created PersistentFrame Addr=0x0000029f4b3c4a00, Size=760, Default__BP_ProfJLP_C Function /Game/2DSideScrollerBP/Blueprints/BP_ProfJLP.BP_ProfJLP_C:ExecuteUbergraph_BP_ProfJLP
[2018.08.15-17.38.49:814][ 88]LogUObjectGlobals: Created PersistentFrame Addr=0x0000029f4b3fec00, Size=320, Default__BP_RotatingPlatform_C Function /Game/2DSideScrollerBP/Blueprints/BP_RotatingPlatform.BP_RotatingPlatform_C:ExecuteUbergraph_BP_RotatingPlatform
[2018.08.15-17.38.49:814][ 88]LogUObjectGlobals: Created PersistentFrame Addr=0x0000029f4b3f8800, Size=224, Default__BP_Spring_C Function /Game/2DSideScrollerBP/Blueprints/BP_Spring.BP_Spring_C:ExecuteUbergraph_BP_Spring
[2018.08.15-17.38.49:815][ 88]LogUObjectGlobals: Created PersistentFrame Addr=0x0000029f4b38d1c0, Size=72, Default__BP_Teleporter_2_C Function /Game/2DSideScrollerBP/Blueprints/BP_Teleporter_2.BP_Teleporter_2_C:ExecuteUbergraph_BP_Teleporter_2
[2018.08.15-17.38.49:816][ 88]LogUObjectGlobals: Created PersistentFrame Addr=0x0000029f50ead440, Size=416, Default__BP_TheBlob_Hopper_C Function /Game/2DSideScrollerBP/Blueprints/BP_TheBlob_Hopper.BP_TheBlob_Hopper_C:ExecuteUbergraph_BP_TheBlob_Hopper
[2018.08.15-17.38.49:817][ 88]LogUObjectGlobals: Created PersistentFrame Addr=0x0000029f50ead280, Size=424, Default__BP_TheBlob_Hopper_Timed_C Function /Game/2DSideScrollerBP/Blueprints/BP_TheBlob_Hopper_Timed.BP_TheBlob_Hopper_Timed_C:ExecuteUbergraph_BP_TheBlob_Hopper_Timed
[2018.08.15-17.38.49:818][ 88]LogUObjectGlobals: Created PersistentFrame Addr=0x0000029f4b4122e8, Size=56, Default__Collectables_C Function /Game/2DSideScrollerBP/Blueprints/Collectables.Collectables_C:ExecuteUbergraph_Collectables
[2018.08.15-17.38.49:820][ 88]LogUObjectGlobals: Created PersistentFrame Addr=0x0000029f50e48400, Size=704, Default__TheCloud_C Function /Game/2DSideScrollerBP/Blueprints/TheCloud.TheCloud_C:ExecuteUbergraph_TheCloud
[2018.08.15-17.38.49:821][ 88]LogUObjectGlobals: Created PersistentFrame Addr=0x0000029f4b335000, Size=48, Default__2DSideScrollerGameMode_C Function /Game/2DSideScrollerBP/Blueprints/2DSideScrollerGameMode.2DSideScrollerGameMode_C:ExecuteUbergraph_2DSideScrollerGameMode
[2018.08.15-17.38.49:822][ 88]LogUObjectGlobals: Created PersistentFrame Addr=0x0000029f4b32a280, Size=120, Default__GameUI_C Function /Game/2DSideScrollerBP/Blueprints/GameUI.GameUI_C:ExecuteUbergraph_GameUI
[2018.08.15-17.38.49:824][ 88]LogUObjectGlobals: Created PersistentFrame Addr=0x0000029f50eacd40, Size=400, Default__2DSideScrollerCharacter_C Function /Game/2DSideScrollerBP/Blueprints/2DSideScrollerCharacter.2DSideScrollerCharacter_C:ExecuteUbergraph_2DSideScrollerCharacter
[2018.08.15-17.38.49:834][ 88]LogUObjectGlobals: Destroyed PersistentFrame Addr=0x0000029f4d48b7e0, Size=72
[2018.08.15-17.38.49:834][ 88]LogUObjectGlobals: Created PersistentFrame Addr=0x0000029f4b2b6a70, Size=72, Default__2DPuzzleLevel_C Function /Engine/Transient.REINST_2DPuzzleLevel_C_50:ExecuteUbergraph_2DPuzzleLevel
[2018.08.15-17.38.49:836][ 88]LogUObjectGlobals: Created PersistentFrame Addr=0x0000029f4b2b5b20, Size=72, Default__2DPuzzleLevel_C Function /Game/2DSideScrollerBP/Maps/2DPuzzleLevel.2DPuzzleLevel_C:ExecuteUbergraph_2DPuzzleLevel
[2018.08.15-17.38.50:054][ 88]LogAIModule: Creating AISystem for world 2DPuzzleLevel
[2018.08.15-17.38.50:054][ 88]LogLoad: Game class is '2DSideScrollerGameMode_C'
[2018.08.15-17.38.50:098][ 88]LogWorld: Bringing World /Game/2DSideScrollerBP/Maps/2DPuzzleLevel.2DPuzzleLevel up for play (max tick rate 0) at 2018.08.15-13.38.50
[2018.08.15-17.38.50:100][ 88]LogWorld: Bringing up level for play took: 0.045051
[2018.08.15-17.38.50:103][ 88]LogLoad: Took 0.499584 seconds to LoadMap(/Game/2DSideScrollerBP/Maps/2DPuzzleLevel)
[2018.08.15-17.39.48:725][720]LogUObjectGlobals: Destroyed PersistentFrame Addr=0x0000029f50ed5ec0, Size=424
[2018.08.15-17.39.48:725][720]LogUObjectGlobals: Destroyed PersistentFrame Addr=0x0000029f50ee0100, Size=704
[2018.08.15-17.39.48:725][720]LogUObjectGlobals: Destroyed PersistentFrame Addr=0x0000029f4d482630, Size=56
[2018.08.15-17.39.48:725][720]LogUObjectGlobals: Destroyed PersistentFrame Addr=0x0000029f50ed6780, Size=416
[2018.08.15-17.39.48:725][720]LogUObjectGlobals: Destroyed PersistentFrame Addr=0x0000029f50edf740, Size=72
[2018.08.15-17.39.48:725][720]LogUObjectGlobals: Destroyed PersistentFrame Addr=0x0000029f50fd1600, Size=224
[2018.08.15-17.39.48:725][720]LogUObjectGlobals: Destroyed PersistentFrame Addr=0x0000029f5102b240, Size=320
[2018.08.15-17.39.48:725][720]LogUObjectGlobals: Destroyed PersistentFrame Addr=0x0000029f4d193d00, Size=760
[2018.08.15-17.39.48:725][720]LogUObjectGlobals: Destroyed PersistentFrame Addr=0x0000029f50eee080, Size=360
[2018.08.15-17.39.48:725][720]LogUObjectGlobals: Destroyed PersistentFrame Addr=0x0000029f50ed4100, Size=400
[2018.08.15-17.39.48:725][720]LogUObjectGlobals: Destroyed PersistentFrame Addr=0x0000029f4d440f80, Size=120
[2018.08.15-17.39.48:725][720]LogUObjectGlobals: Destroyed PersistentFrame Addr=0x0000029f50f6ec60, Size=16
[2018.08.15-17.39.48:725][720]LogUObjectGlobals: Destroyed PersistentFrame Addr=0x0000029f32a2fc70, Size=48
[2018.08.15-17.39.48:725][720]LogUObjectGlobals: Destroyed PersistentFrame Addr=0x0000029f4b2b6a70, Size=72
[2018.08.15-17.40.12:851][192]LogSlate: FSceneViewport::OnFocusLost() reason 2
[2018.08.15-17.40.20:803][684]LogSlate: Window 'VGDUNRL_TTR_ALPHA (64-bit, PCD3D_SM5) ' being destroyed
[2018.08.15-17.40.20:803][684]LogWindowsTextInputMethodSystem: Display: IME system now deactivated.
[2018.08.15-17.40.20:807][685]LogEngine: All Windows Closed
[2018.08.15-17.40.20:807][685]LogWindows: FPlatformMisc::RequestExit(0)
[2018.08.15-17.40.21:784][686]LogSlate: Slate User Destroyed.  User Index 0, Is Virtual User: 0
[2018.08.15-17.40.21:784][686]LogExit: Preparing to exit.
[2018.08.15-17.40.21:784][686]LogMoviePlayer: Shutting down movie player
[2018.08.15-17.40.22:840][686]LogExit: Game engine shut down
[2018.08.15-17.40.22:843][686]LogUObjectGlobals: Destroyed PersistentFrame Addr=0x0000029f4b390100, Size=360
[2018.08.15-17.40.22:843][686]LogUObjectGlobals: Destroyed PersistentFrame Addr=0x0000029f4b3c4a00, Size=760
[2018.08.15-17.40.22:843][686]LogUObjectGlobals: Destroyed PersistentFrame Addr=0x0000029f4b3fec00, Size=320
[2018.08.15-17.40.22:843][686]LogUObjectGlobals: Destroyed PersistentFrame Addr=0x0000029f4b3f8800, Size=224
[2018.08.15-17.40.22:843][686]LogUObjectGlobals: Destroyed PersistentFrame Addr=0x0000029f4b38d1c0, Size=72
[2018.08.15-17.40.22:843][686]LogUObjectGlobals: Destroyed PersistentFrame Addr=0x0000029f50ead440, Size=416
[2018.08.15-17.40.22:843][686]LogUObjectGlobals: Destroyed PersistentFrame Addr=0x0000029f50ead280, Size=424
[2018.08.15-17.40.22:843][686]LogUObjectGlobals: Destroyed PersistentFrame Addr=0x0000029f4b4122e8, Size=56
[2018.08.15-17.40.22:843][686]LogUObjectGlobals: Destroyed PersistentFrame Addr=0x0000029f50e48400, Size=704
[2018.08.15-17.40.22:843][686]LogUObjectGlobals: Destroyed PersistentFrame Addr=0x0000029f4b335000, Size=48
[2018.08.15-17.40.22:843][686]LogUObjectGlobals: Destroyed PersistentFrame Addr=0x0000029f4b32a280, Size=120
[2018.08.15-17.40.22:843][686]LogUObjectGlobals: Destroyed PersistentFrame Addr=0x0000029f50eacd40, Size=400
[2018.08.15-17.40.22:843][686]LogUObjectGlobals: Destroyed PersistentFrame Addr=0x0000029f4b2b5b20, Size=72
[2018.08.15-17.40.22:908][686]LogExit: Object subsystem successfully closed.
[2018.08.15-17.40.22:923][686]LogShaderCompilers: Display: Shaders left to compile 0
[2018.08.15-17.40.22:925][686]LogD3D11RHI: Shutdown
[2018.08.15-17.40.22:925][686]LogD3D11RHI: CleanupD3DDevice
[2018.08.15-17.40.22:928][686]LogD3D11RHI: ~FD3D11DynamicRHI
[2018.08.15-17.40.22:935][686]LogModuleManager: Shutting down and abandoning module SequenceRecorderSections (332)
[2018.08.15-17.40.22:936][686]LogModuleManager: Shutting down and abandoning module SequenceRecorder (330)
[2018.08.15-17.40.22:936][686]LogModuleManager: Shutting down and abandoning module AutomationController (328)
[2018.08.15-17.40.22:936][686]LogModuleManager: Shutting down and abandoning module AutomationWorker (326)
[2018.08.15-17.40.22:936][686]LogModuleManager: Shutting down and abandoning module AIModule (324)
[2018.08.15-17.40.22:936][686]LogModuleManager: Shutting down and abandoning module GameplayDebugger (323)
[2018.08.15-17.40.22:936][686]LogModuleManager: Shutting down and abandoning module AITestSuite (321)
[2018.08.15-17.40.22:936][686]LogModuleManager: Shutting down and abandoning module WmfMediaFactory (318)
[2018.08.15-17.40.22:936][686]LogModuleManager: Shutting down and abandoning module OpenExrWrapper (316)
[2018.08.15-17.40.22:936][686]LogModuleManager: Shutting down and abandoning module ImgMediaFactory (314)
[2018.08.15-17.40.22:936][686]LogModuleManager: Shutting down and abandoning module AvfMediaFactory (312)
[2018.08.15-17.40.22:936][686]LogModuleManager: Shutting down and abandoning module CharacterAI (310)
[2018.08.15-17.40.22:936][686]LogModuleManager: Shutting down and abandoning module SessionServices (308)
[2018.08.15-17.40.22:936][686]LogModuleManager: Shutting down and abandoning module MovieSceneCapture (306)
[2018.08.15-17.40.22:936][686]LogModuleManager: Shutting down and abandoning module MovieSceneTracks (304)
[2018.08.15-17.40.22:936][686]LogModuleManager: Shutting down and abandoning module MovieScene (302)
[2018.08.15-17.40.22:936][686]LogModuleManager: Shutting down and abandoning module GeometryCache (300)
[2018.08.15-17.40.22:936][686]LogModuleManager: Shutting down and abandoning module GeometryCacheEd (299)
[2018.08.15-17.40.22:936][686]LogModuleManager: Shutting down and abandoning module StreamingPauseRendering (296)
[2018.08.15-17.40.22:936][686]LogModuleManager: Shutting down and abandoning module PortalServices (294)
[2018.08.15-17.40.22:936][686]LogModuleManager: Shutting down and abandoning module PortalRpc (292)
[2018.08.15-17.40.22:936][686]LogModuleManager: Shutting down and abandoning module MessagingRpc (290)
[2018.08.15-17.40.22:936][686]LogModuleManager: Shutting down and abandoning module ProfilerService (288)
